SF:C:\Users\azureuser\Documents\Github\WireMock.Net\src\WireMock.Net\Mapping.cs
FN:14,System.Guid WireMock.Mapping::get_Guid()
FNDA:541,System.Guid WireMock.Mapping::get_Guid()
DA:15,541
FN:19,System.String WireMock.Mapping::get_Title()
FNDA:42,System.String WireMock.Mapping::get_Title()
DA:20,42
FN:24,System.String WireMock.Mapping::get_Path()
FNDA:250,System.String WireMock.Mapping::get_Path()
DA:25,250
FN:29,System.Int32 WireMock.Mapping::get_Priority()
FNDA:118,System.Int32 WireMock.Mapping::get_Priority()
DA:30,118
FN:35,System.String WireMock.Mapping::get_Scenario()
FNDA:1014,System.String WireMock.Mapping::get_Scenario()
DA:36,1014
FN:41,System.String WireMock.Mapping::get_ExecutionConditionState()
FNDA:37,System.String WireMock.Mapping::get_ExecutionConditionState()
DA:42,37
FN:48,System.String WireMock.Mapping::get_NextState()
FNDA:28,System.String WireMock.Mapping::get_NextState()
DA:49,28
FN:53,WireMock.Matchers.Request.IRequestMatcher WireMock.Mapping::get_RequestMatcher()
FNDA:284,WireMock.Matchers.Request.IRequestMatcher WireMock.Mapping::get_RequestMatcher()
DA:54,284
FN:58,WireMock.ResponseProviders.IResponseProvider WireMock.Mapping::get_Provider()
FNDA:323,WireMock.ResponseProviders.IResponseProvider WireMock.Mapping::get_Provider()
DA:59,323
FN:63,System.Boolean WireMock.Mapping::get_IsStartState()
FNDA:8,System.Boolean WireMock.Mapping::get_IsStartState()
DA:64,8
BRDA:64,6,0,8
BRDA:64,14,0,8
BRDA:64,22,0,5
BRDA:64,14,1,3
BRDA:64,22,1,3
BRDA:64,6,1,0
FN:107,WireMock.Matchers.Request.RequestMatchResult WireMock.Mapping::GetRequestMatchResult(WireMock.RequestMessage,System.String)
FNDA:279,WireMock.Matchers.Request.RequestMatchResult WireMock.Mapping::GetRequestMatchResult(WireMock.RequestMessage,System.String)
DA:108,279
DA:109,279
DA:111,279
DA:114,279
DA:115,30
DA:116,30
DA:117,30
DA:125,30
DA:127,279
DA:128,279
BRDA:114,32,0,30
BRDA:114,32,1,279
FN:135,System.Boolean WireMock.Mapping::get_IsAdminInterface()
FNDA:110,System.Boolean WireMock.Mapping::get_IsAdminInterface()
DA:136,110
BRDA:136,11,0,86
BRDA:136,24,0,86
BRDA:136,11,1,24
BRDA:136,24,1,24
FN:77,System.Void WireMock.Mapping::.ctor(System.Guid,System.String,System.String,WireMock.Matchers.Request.IRequestMatcher,WireMock.ResponseProviders.IResponseProvider,System.Int32,System.String,System.String,System.String)
FNDA:250,System.Void WireMock.Mapping::.ctor(System.Guid,System.String,System.String,WireMock.Matchers.Request.IRequestMatcher,WireMock.ResponseProviders.IResponseProvider,System.Int32,System.String,System.String,System.String)
DA:78,250
DA:79,250
DA:80,250
DA:81,250
DA:82,250
DA:83,250
DA:84,250
DA:85,250
DA:86,250
DA:87,250
DA:88,250
DA:89,250
FN:96,System.Void WireMock.Mapping/<ResponseToAsync>d__31::MoveNext()
FNDA:35,System.Void WireMock.Mapping/<ResponseToAsync>d__31::MoveNext()
DA:97,35
DA:98,35
DA:99,35
BRDA:98,50,0,1
BRDA:98,50,1,35
LF:36
LH:36
BRF:14
BRH:13
FNF:14
FNH:14
end_of_record
SF:C:\Users\azureuser\Documents\Github\WireMock.Net\src\WireMock.Net\RequestMessage.cs
FN:20,System.String WireMock.RequestMessage::get_ClientIP()
FNDA:60,System.String WireMock.RequestMessage::get_ClientIP()
DA:21,60
FN:25,System.String WireMock.RequestMessage::get_Url()
FNDA:61,System.String WireMock.RequestMessage::get_Url()
DA:26,61
FN:30,System.String WireMock.RequestMessage::get_AbsoluteUrl()
FNDA:55,System.String WireMock.RequestMessage::get_AbsoluteUrl()
DA:31,55
FN:35,System.DateTime WireMock.RequestMessage::get_DateTime()
FNDA:101,System.DateTime WireMock.RequestMessage::get_DateTime()
DA:36,101
FN:40,System.String WireMock.RequestMessage::get_Path()
FNDA:616,System.String WireMock.RequestMessage::get_Path()
DA:41,616
FN:45,System.String WireMock.RequestMessage::get_AbsolutePath()
FNDA:255,System.String WireMock.RequestMessage::get_AbsolutePath()
DA:46,255
FN:50,System.String[] WireMock.RequestMessage::get_PathSegments()
FNDA:3,System.String[] WireMock.RequestMessage::get_PathSegments()
DA:51,3
FN:55,System.String[] WireMock.RequestMessage::get_AbsolutePathSegments()
FNDA:1,System.String[] WireMock.RequestMessage::get_AbsolutePathSegments()
DA:56,1
FN:60,System.String WireMock.RequestMessage::get_Method()
FNDA:350,System.String WireMock.RequestMessage::get_Method()
DA:61,350
FN:65,System.Collections.Generic.IDictionary`2<System.String,WireMock.Util.WireMockList`1<System.String>> WireMock.RequestMessage::get_Headers()
FNDA:189,System.Collections.Generic.IDictionary`2<System.String,WireMock.Util.WireMockList`1<System.String>> WireMock.RequestMessage::get_Headers()
DA:66,189
FN:70,System.Collections.Generic.IDictionary`2<System.String,System.String> WireMock.RequestMessage::get_Cookies()
FNDA:74,System.Collections.Generic.IDictionary`2<System.String,System.String> WireMock.RequestMessage::get_Cookies()
DA:71,74
FN:75,System.Collections.Generic.IDictionary`2<System.String,WireMock.Util.WireMockList`1<System.String>> WireMock.RequestMessage::get_Query()
FNDA:104,System.Collections.Generic.IDictionary`2<System.String,WireMock.Util.WireMockList`1<System.String>> WireMock.RequestMessage::get_Query()
DA:76,104
FN:80,System.String WireMock.RequestMessage::get_RawQuery()
FNDA:200,System.String WireMock.RequestMessage::get_RawQuery()
DA:81,200
FN:85,System.String WireMock.RequestMessage::get_Body()
FNDA:107,System.String WireMock.RequestMessage::get_Body()
DA:86,107
FN:90,System.Object WireMock.RequestMessage::get_BodyAsJson()
FNDA:302,System.Object WireMock.RequestMessage::get_BodyAsJson()
DA:91,302
FN:95,System.Byte[] WireMock.RequestMessage::get_BodyAsBytes()
FNDA:271,System.Byte[] WireMock.RequestMessage::get_BodyAsBytes()
DA:96,271
FN:100,System.String WireMock.RequestMessage::get_Host()
FNDA:201,System.String WireMock.RequestMessage::get_Host()
DA:101,201
FN:105,System.String WireMock.RequestMessage::get_Protocol()
FNDA:201,System.String WireMock.RequestMessage::get_Protocol()
DA:106,201
FN:110,System.Int32 WireMock.RequestMessage::get_Port()
FNDA:201,System.Int32 WireMock.RequestMessage::get_Port()
DA:111,201
FN:115,System.String WireMock.RequestMessage::get_Origin()
FNDA:1,System.String WireMock.RequestMessage::get_Origin()
DA:116,1
FN:120,System.Text.Encoding WireMock.RequestMessage::get_BodyEncoding()
FNDA:87,System.Text.Encoding WireMock.RequestMessage::get_BodyEncoding()
DA:121,87
FN:164,System.Collections.Generic.IDictionary`2<System.String,WireMock.Util.WireMockList`1<System.String>> WireMock.RequestMessage::ParseQuery(System.String)
FNDA:200,System.Collections.Generic.IDictionary`2<System.String,WireMock.Util.WireMockList`1<System.String>> WireMock.RequestMessage::ParseQuery(System.String)
DA:165,200
DA:166,200
DA:167,187
DA:168,187
DA:171,13
DA:172,13
DA:173,13
DA:174,13
DA:176,13
DA:177,13
DA:178,13
DA:179,33
DA:180,33
DA:181,33
DA:182,33
DA:183,28
DA:184,28
DA:185,28
DA:186,13
DA:187,33
DA:188,30
DA:189,30
DA:190,30
DA:191,30
DA:192,13
DA:193,33
DA:194,33
DA:195,200
BRDA:166,9,0,187
BRDA:166,9,1,13
BRDA:171,29,0,13
BRDA:171,29,1,13
BRDA:176,71,0,1
BRDA:176,71,1,13
FN:202,WireMock.Util.WireMockList`1<System.String> WireMock.RequestMessage::GetParameter(System.String)
FNDA:16,WireMock.Util.WireMockList`1<System.String> WireMock.RequestMessage::GetParameter(System.String)
DA:203,16
DA:204,16
DA:205,2
DA:206,2
DA:209,14
DA:210,16
BRDA:204,12,0,2
BRDA:204,12,1,14
BRDA:209,31,0,0
BRDA:209,31,1,14
FN:131,System.Void WireMock.RequestMessage::.ctor(WireMock.Models.UrlDetails,System.String,System.String,WireMock.Util.BodyData,System.Collections.Generic.IDictionary`2<System.String,System.String[]>,System.Collections.Generic.IDictionary`2<System.String,System.String>)
FNDA:200,System.Void WireMock.RequestMessage::.ctor(WireMock.Models.UrlDetails,System.String,System.String,WireMock.Util.BodyData,System.Collections.Generic.IDictionary`2<System.String,System.String[]>,System.Collections.Generic.IDictionary`2<System.String,System.String>)
DA:132,200
DA:133,200
DA:134,200
DA:135,200
DA:136,200
DA:138,200
DA:139,200
DA:140,200
DA:141,200
DA:142,200
DA:143,200
DA:145,200
DA:146,200
DA:147,199
DA:148,200
DA:150,200
DA:151,200
DA:153,200
DA:154,200
DA:155,200
DA:156,200
DA:158,365
DA:159,199
DA:160,200
DA:161,200
DA:162,200
BRDA:153,307,0,122
BRDA:153,307,1,78
BRDA:154,327,0,122
BRDA:154,327,1,78
BRDA:155,347,0,122
BRDA:155,347,1,78
BRDA:156,368,0,122
BRDA:156,368,1,78
BRDA:158,389,0,132
BRDA:158,389,1,68
BRDA:158,402,0,1
BRDA:158,402,1,68
BRDA:158,433,0,1
BRDA:158,433,1,68
LF:81
LH:81
BRF:28
BRH:27
FNF:24
FNH:24
end_of_record
SF:C:\Users\azureuser\Documents\Github\WireMock.Net\src\WireMock.Net\ResponseMessage.cs
FN:16,System.Collections.Generic.IDictionary`2<System.String,WireMock.Util.WireMockList`1<System.String>> WireMock.ResponseMessage::get_Headers()
FNDA:564,System.Collections.Generic.IDictionary`2<System.String,WireMock.Util.WireMockList`1<System.String>> WireMock.ResponseMessage::get_Headers()
DA:17,564
FN:21,System.Int32 WireMock.ResponseMessage::get_StatusCode()
FNDA:465,System.Int32 WireMock.ResponseMessage::get_StatusCode()
DA:22,465
FN:26,System.String WireMock.ResponseMessage::get_BodyOriginal()
FNDA:73,System.String WireMock.ResponseMessage::get_BodyOriginal()
DA:27,73
FN:31,System.String WireMock.ResponseMessage::get_BodyDestination()
FNDA:123,System.String WireMock.ResponseMessage::get_BodyDestination()
DA:32,123
FN:36,System.String WireMock.ResponseMessage::get_Body()
FNDA:251,System.String WireMock.ResponseMessage::get_Body()
DA:37,251
FN:41,System.Object WireMock.ResponseMessage::get_BodyAsJson()
FNDA:290,System.Object WireMock.ResponseMessage::get_BodyAsJson()
DA:42,290
FN:46,System.Nullable`1<System.Boolean> WireMock.ResponseMessage::get_BodyAsJsonIndented()
FNDA:35,System.Nullable`1<System.Boolean> WireMock.ResponseMessage::get_BodyAsJsonIndented()
DA:47,35
FN:51,System.Byte[] WireMock.ResponseMessage::get_BodyAsBytes()
FNDA:168,System.Byte[] WireMock.ResponseMessage::get_BodyAsBytes()
DA:52,168
FN:56,System.String WireMock.ResponseMessage::get_BodyAsFile()
FNDA:110,System.String WireMock.ResponseMessage::get_BodyAsFile()
DA:57,110
FN:61,System.Nullable`1<System.Boolean> WireMock.ResponseMessage::get_BodyAsFileIsCached()
FNDA:59,System.Nullable`1<System.Boolean> WireMock.ResponseMessage::get_BodyAsFileIsCached()
DA:62,59
FN:66,System.Text.Encoding WireMock.ResponseMessage::get_BodyEncoding()
FNDA:483,System.Text.Encoding WireMock.ResponseMessage::get_BodyEncoding()
DA:67,483
FN:74,System.Void WireMock.ResponseMessage::AddHeader(System.String,System.String)
FNDA:0,System.Void WireMock.ResponseMessage::AddHeader(System.String,System.String)
DA:75,0
DA:76,0
DA:77,0
FN:84,System.Void WireMock.ResponseMessage::AddHeader(System.String,System.String[])
FNDA:102,System.Void WireMock.ResponseMessage::AddHeader(System.String,System.String[])
DA:85,102
DA:86,102
DA:88,102
DA:89,102
DA:90,102
DA:92,102
DA:93,102
BRDA:88,27,0,102
BRDA:88,27,1,0
LF:21
LH:18
BRF:2
BRH:1
FNF:13
FNH:12
end_of_record
SF:C:\Users\azureuser\Documents\Github\WireMock.Net\src\WireMock.Net\ResponseMessageBuilder.cs
FN:14,WireMock.ResponseMessage WireMock.ResponseMessageBuilder::Create(System.String,System.Int32,System.Nullable`1<System.Guid>)
FNDA:18,WireMock.ResponseMessage WireMock.ResponseMessageBuilder::Create(System.String,System.Int32,System.Nullable`1<System.Guid>)
DA:15,18
DA:16,18
DA:17,18
DA:18,18
DA:19,18
DA:20,18
DA:21,18
DA:23,18
DA:24,18
BRDA:16,28,0,2
BRDA:16,28,1,16
FN:10,System.Void WireMock.ResponseMessageBuilder::.cctor()
FNDA:1,System.Void WireMock.ResponseMessageBuilder::.cctor()
DA:11,1
DA:12,1
LF:11
LH:11
BRF:2
BRH:2
FNF:2
FNH:2
end_of_record
SF:C:\Users\azureuser\Documents\Github\WireMock.Net\src\WireMock.Net\ScenarioState.cs
FN:10,System.String WireMock.ScenarioState::get_Name()
FNDA:7,System.String WireMock.ScenarioState::get_Name()
DA:11,7
FN:15,System.String WireMock.ScenarioState::get_NextState()
FNDA:41,System.String WireMock.ScenarioState::get_NextState()
DA:16,41
FN:20,System.Boolean WireMock.ScenarioState::get_Started()
FNDA:12,System.Boolean WireMock.ScenarioState::get_Started()
DA:21,12
FN:25,System.Boolean WireMock.ScenarioState::get_Finished()
FNDA:12,System.Boolean WireMock.ScenarioState::get_Finished()
DA:26,12
LF:4
LH:4
BRF:0
BRH:0
FNF:4
FNH:4
end_of_record
SF:C:\Users\azureuser\Documents\Github\WireMock.Net\src\WireMock.Net\Validation\Check.cs
FN:19,T WireMock.Validation.Check::Condition(T,System.Predicate`1<T>,System.String)
FNDA:24,T WireMock.Validation.Check::Condition(T,System.Predicate`1<T>,System.String)
DA:20,24
DA:21,24
DA:22,24
DA:24,24
DA:25,1
DA:26,1
DA:28,1
DA:31,23
DA:32,23
BRDA:24,37,0,1
BRDA:24,37,1,23
FN:35,T WireMock.Validation.Check::NotNull(T,System.String)
FNDA:4004,T WireMock.Validation.Check::NotNull(T,System.String)
DA:36,4004
DA:37,4004
DA:38,2
DA:39,2
DA:41,2
DA:44,4002
DA:45,4002
BRDA:37,12,0,2
BRDA:37,12,1,4002
FN:48,T WireMock.Validation.Check::NotNull(T,System.String,System.String)
FNDA:0,T WireMock.Validation.Check::NotNull(T,System.String,System.String)
DA:49,0
DA:50,0
DA:51,0
DA:52,0
DA:53,0
DA:55,0
DA:58,0
DA:59,0
BRDA:50,12,0,0
BRDA:50,12,1,0
FN:62,System.Collections.Generic.IList`1<T> WireMock.Validation.Check::NotNullOrEmpty(System.Collections.Generic.IList`1<T>,System.String)
FNDA:456,System.Collections.Generic.IList`1<T> WireMock.Validation.Check::NotNullOrEmpty(System.Collections.Generic.IList`1<T>,System.String)
DA:63,456
DA:64,456
DA:66,456
DA:67,0
DA:68,0
DA:70,0
DA:73,456
DA:74,456
BRDA:66,20,0,0
BRDA:66,20,1,456
FN:77,System.String WireMock.Validation.Check::NotNullOrEmpty(System.String,System.String)
FNDA:36,System.String WireMock.Validation.Check::NotNullOrEmpty(System.String,System.String)
DA:78,36
DA:79,36
DA:80,36
DA:81,2
DA:82,2
DA:83,2
DA:84,34
DA:85,0
DA:86,0
DA:87,0
DA:89,36
DA:90,2
DA:91,2
DA:93,2
DA:96,34
DA:97,34
BRDA:80,9,0,2
BRDA:80,9,1,34
BRDA:84,38,0,0
BRDA:84,38,1,36
BRDA:89,60,0,2
BRDA:89,60,1,34
FN:99,System.String WireMock.Validation.Check::NullButNotEmpty(System.String,System.String)
FNDA:0,System.String WireMock.Validation.Check::NullButNotEmpty(System.String,System.String)
DA:100,0
DA:101,0
DA:102,0
DA:103,0
DA:104,0
DA:106,0
DA:109,0
DA:110,0
BRDA:101,2,0,0
BRDA:101,2,1,0
BRDA:101,18,0,0
BRDA:101,18,1,0
FN:113,System.Collections.Generic.IList`1<T> WireMock.Validation.Check::HasNoNulls(System.Collections.Generic.IList`1<T>,System.String)
FNDA:39,System.Collections.Generic.IList`1<T> WireMock.Validation.Check::HasNoNulls(System.Collections.Generic.IList`1<T>,System.String)
DA:114,39
DA:115,39
DA:117,78
DA:118,0
DA:119,0
DA:121,0
DA:124,39
DA:125,39
BRDA:117,16,0,1
BRDA:117,16,1,39
BRDA:117,48,0,0
BRDA:117,48,1,39
FN:127,System.Type WireMock.Validation.Check::ValidEntityType(System.Type,System.String)
FNDA:0,System.Type WireMock.Validation.Check::ValidEntityType(System.Type,System.String)
DA:128,0
DA:129,0
DA:130,0
DA:131,0
DA:133,0
DA:136,0
DA:137,0
BRDA:129,17,0,0
BRDA:129,17,1,0
LF:71
LH:39
BRF:24
BRH:13
FNF:8
FNH:5
end_of_record
SF:C:\Users\azureuser\Documents\Github\WireMock.Net\src\WireMock.Net\Validation\CoreStrings.cs
FN:12,System.String WireMock.Validation.CoreStrings::ArgumentPropertyNull(System.String,System.String)
FNDA:0,System.String WireMock.Validation.CoreStrings::ArgumentPropertyNull(System.String,System.String)
DA:13,0
DA:14,0
DA:15,0
FN:20,System.String WireMock.Validation.CoreStrings::ArgumentIsEmpty(System.String)
FNDA:0,System.String WireMock.Validation.CoreStrings::ArgumentIsEmpty(System.String)
DA:21,0
DA:22,0
DA:23,0
FN:28,System.String WireMock.Validation.CoreStrings::InvalidEntityType(System.Type,System.String)
FNDA:0,System.String WireMock.Validation.CoreStrings::InvalidEntityType(System.Type,System.String)
DA:29,0
DA:30,0
DA:31,0
FN:36,System.String WireMock.Validation.CoreStrings::CollectionArgumentIsEmpty(System.String)
FNDA:0,System.String WireMock.Validation.CoreStrings::CollectionArgumentIsEmpty(System.String)
DA:37,0
DA:38,0
DA:39,0
LF:12
LH:0
BRF:0
BRH:0
FNF:4
FNH:0
end_of_record
SF:C:\Users\azureuser\Documents\Github\WireMock.Net\src\WireMock.Net\Util\BodyData.cs
FN:12,System.Text.Encoding WireMock.Util.BodyData::get_Encoding()
FNDA:93,System.Text.Encoding WireMock.Util.BodyData::get_Encoding()
DA:13,93
FN:17,System.String WireMock.Util.BodyData::get_BodyAsString()
FNDA:135,System.String WireMock.Util.BodyData::get_BodyAsString()
DA:18,135
FN:22,System.Object WireMock.Util.BodyData::get_BodyAsJson()
FNDA:110,System.Object WireMock.Util.BodyData::get_BodyAsJson()
DA:23,110
FN:27,System.Byte[] WireMock.Util.BodyData::get_BodyAsBytes()
FNDA:86,System.Byte[] WireMock.Util.BodyData::get_BodyAsBytes()
DA:28,86
LF:4
LH:4
BRF:0
BRH:0
FNF:4
FNH:4
end_of_record
SF:C:\Users\azureuser\Documents\Github\WireMock.Net\src\WireMock.Net\Util\BodyParser.cs
FN:12,System.Void WireMock.Util.BodyParser::.cctor()
FNDA:1,System.Void WireMock.Util.BodyParser::.cctor()
DA:13,1
DA:14,1
DA:15,1
DA:16,1
DA:17,1
DA:19,1
DA:20,1
DA:21,1
DA:22,1
DA:23,1
DA:24,1
DA:25,1
FN:27,System.Void WireMock.Util.BodyParser/<ReadStringAsync>d__2::MoveNext()
FNDA:10,System.Void WireMock.Util.BodyParser/<ReadStringAsync>d__2::MoveNext()
DA:28,10
DA:29,10
DA:30,10
DA:31,10
DA:33,10
DA:35,10
BRDA:29,34,0,10
BRDA:31,65,0,0
BRDA:29,34,1,0
BRDA:31,65,1,10
FN:37,System.Void WireMock.Util.BodyParser/<ReadBytesAsync>d__3::MoveNext()
FNDA:0,System.Void WireMock.Util.BodyParser/<ReadBytesAsync>d__3::MoveNext()
DA:38,0
DA:39,0
DA:40,0
DA:41,0
DA:42,0
DA:44,0
BRDA:39,28,0,0
BRDA:41,65,0,0
BRDA:39,28,1,0
BRDA:41,65,1,0
FN:49,System.Boolean WireMock.Util.BodyParser/<>c__DisplayClass4_0::<Parse>b__0(System.String)
FNDA:63,System.Boolean WireMock.Util.BodyParser/<>c__DisplayClass4_0::<Parse>b__0(System.String)
DA:50,63
FN:63,System.Boolean WireMock.Util.BodyParser/<>c__DisplayClass4_0::<Parse>b__1(System.String)
FNDA:18,System.Boolean WireMock.Util.BodyParser/<>c__DisplayClass4_0::<Parse>b__1(System.String)
DA:64,18
FN:46,System.Void WireMock.Util.BodyParser/<Parse>d__4::MoveNext()
FNDA:10,System.Void WireMock.Util.BodyParser/<Parse>d__4::MoveNext()
DA:47,10
DA:48,10
DA:51,2
DA:53,2
DA:54,2
DA:55,2
DA:56,2
DA:57,2
DA:58,0
DA:59,0
DA:61,0
DA:62,0
DA:63,2
DA:65,8
DA:66,8
DA:67,8
DA:68,8
DA:71,8
DA:72,8
DA:73,8
DA:74,0
DA:75,0
DA:77,0
DA:78,0
DA:79,8
DA:81,0
DA:82,0
DA:83,0
DA:85,10
DA:86,10
BRDA:50,99,0,10
BRDA:50,99,1,0
BRDA:50,133,0,2
BRDA:51,148,0,2
BRDA:54,179,0,0
BRDA:51,148,1,0
BRDA:54,179,1,2
BRDA:58,367,1,0
BRDA:61,412,0,0
BRDA:61,412,1,0
BRDA:58,367,0,2
BRDA:50,133,1,8
BRDA:64,556,0,8
BRDA:64,556,1,0
BRDA:64,592,0,8
BRDA:66,623,0,0
BRDA:66,623,1,8
BRDA:64,592,1,0
BRDA:82,897,0,0
BRDA:82,897,1,0
LF:56
LH:39
BRF:28
BRH:11
FNF:6
FNH:5
end_of_record
SF:C:\Users\azureuser\Documents\Github\WireMock.Net\src\WireMock.Net\Util\ConcurentObservableCollection.cs
FN:33,System.Void WireMock.Util.ConcurentObservableCollection`1::ClearItems()
FNDA:1,System.Void WireMock.Util.ConcurentObservableCollection`1::ClearItems()
DA:34,1
DA:35,1
DA:36,1
DA:37,1
DA:38,1
DA:39,1
FN:42,System.Void WireMock.Util.ConcurentObservableCollection`1::RemoveItem(System.Int32)
FNDA:2,System.Void WireMock.Util.ConcurentObservableCollection`1::RemoveItem(System.Int32)
DA:43,2
DA:44,2
DA:45,2
DA:46,2
DA:47,2
DA:48,2
FN:51,System.Void WireMock.Util.ConcurentObservableCollection`1::InsertItem(System.Int32,T)
FNDA:40,System.Void WireMock.Util.ConcurentObservableCollection`1::InsertItem(System.Int32,T)
DA:52,40
DA:53,40
DA:54,40
DA:55,40
DA:56,40
DA:57,40
FN:60,System.Void WireMock.Util.ConcurentObservableCollection`1::SetItem(System.Int32,T)
FNDA:0,System.Void WireMock.Util.ConcurentObservableCollection`1::SetItem(System.Int32,T)
DA:61,0
DA:62,0
DA:63,0
DA:64,0
DA:65,0
DA:66,0
FN:69,System.Void WireMock.Util.ConcurentObservableCollection`1::MoveItem(System.Int32,System.Int32)
FNDA:0,System.Void WireMock.Util.ConcurentObservableCollection`1::MoveItem(System.Int32,System.Int32)
DA:70,0
DA:71,0
DA:72,0
DA:73,0
DA:74,0
DA:75,0
FN:12,System.Void WireMock.Util.ConcurentObservableCollection`1::.ctor()
FNDA:54,System.Void WireMock.Util.ConcurentObservableCollection`1::.ctor()
DA:13,54
DA:18,162
FN:23,System.Void WireMock.Util.ConcurentObservableCollection`1::.ctor(System.Collections.Generic.List`1<T>)
FNDA:0,System.Void WireMock.Util.ConcurentObservableCollection`1::.ctor(System.Collections.Generic.List`1<T>)
DA:24,0
FN:29,System.Void WireMock.Util.ConcurentObservableCollection`1::.ctor(System.Collections.Generic.IEnumerable`1<T>)
FNDA:0,System.Void WireMock.Util.ConcurentObservableCollection`1::.ctor(System.Collections.Generic.IEnumerable`1<T>)
DA:30,0
LF:34
LH:20
BRF:0
BRH:0
FNF:8
FNH:4
end_of_record
SF:C:\Users\azureuser\Documents\Github\WireMock.Net\src\WireMock.Net\Util\DictionaryExtensions.cs
FN:20,System.Void WireMock.Util.DictionaryExtensions::Loop(System.Collections.Generic.IDictionary`2<TKey,TValue>,System.Action`2<TKey,TValue>)
FNDA:0,System.Void WireMock.Util.DictionaryExtensions::Loop(System.Collections.Generic.IDictionary`2<TKey,TValue>,System.Action`2<TKey,TValue>)
DA:21,0
DA:22,0
DA:24,0
DA:25,0
DA:26,0
DA:27,0
DA:28,0
DA:29,0
DA:30,0
DA:31,0
BRDA:24,19,0,0
BRDA:26,68,1,0
BRDA:26,68,0,0
BRDA:24,19,1,0
LF:10
LH:0
BRF:4
BRH:0
FNF:1
FNH:0
end_of_record
SF:C:\Users\azureuser\Documents\Github\WireMock.Net\src\WireMock.Net\Util\EnhancedFileSystemWatcher.cs
FN:35,System.Int32 WireMock.Util.EnhancedFileSystemWatcher::get_Interval()
FNDA:0,System.Int32 WireMock.Util.EnhancedFileSystemWatcher::get_Interval()
DA:36,0
FN:37,System.Void WireMock.Util.EnhancedFileSystemWatcher::set_Interval(System.Int32)
FNDA:0,System.Void WireMock.Util.EnhancedFileSystemWatcher::set_Interval(System.Int32)
DA:38,0
DA:39,0
DA:42,0
DA:43,0
FN:50,System.Boolean WireMock.Util.EnhancedFileSystemWatcher::get_FilterRecentEvents()
FNDA:0,System.Boolean WireMock.Util.EnhancedFileSystemWatcher::get_FilterRecentEvents()
DA:51,0
FN:126,System.Void WireMock.Util.EnhancedFileSystemWatcher::OnChanged(System.IO.FileSystemEventArgs)
FNDA:0,System.Void WireMock.Util.EnhancedFileSystemWatcher::OnChanged(System.IO.FileSystemEventArgs)
DA:127,0
DA:128,0
DA:129,0
BRDA:128,8,0,0
BRDA:128,8,1,0
FN:135,System.Void WireMock.Util.EnhancedFileSystemWatcher::OnCreated(System.IO.FileSystemEventArgs)
FNDA:0,System.Void WireMock.Util.EnhancedFileSystemWatcher::OnCreated(System.IO.FileSystemEventArgs)
DA:136,0
DA:137,0
DA:138,0
BRDA:137,8,0,0
BRDA:137,8,1,0
FN:144,System.Void WireMock.Util.EnhancedFileSystemWatcher::OnDeleted(System.IO.FileSystemEventArgs)
FNDA:0,System.Void WireMock.Util.EnhancedFileSystemWatcher::OnDeleted(System.IO.FileSystemEventArgs)
DA:145,0
DA:146,0
DA:147,0
BRDA:146,8,0,0
BRDA:146,8,1,0
FN:153,System.Void WireMock.Util.EnhancedFileSystemWatcher::OnRenamed(System.IO.RenamedEventArgs)
FNDA:0,System.Void WireMock.Util.EnhancedFileSystemWatcher::OnRenamed(System.IO.RenamedEventArgs)
DA:154,0
DA:155,0
DA:156,0
BRDA:155,8,0,0
BRDA:155,8,1,0
FN:166,System.Void WireMock.Util.EnhancedFileSystemWatcher::InitializeMembers(System.Int32)
FNDA:0,System.Void WireMock.Util.EnhancedFileSystemWatcher::InitializeMembers(System.Int32)
DA:167,0
DA:168,0
DA:169,0
DA:170,0
DA:172,0
DA:173,0
DA:174,0
DA:175,0
DA:176,0
FN:185,System.Boolean WireMock.Util.EnhancedFileSystemWatcher::HasAnotherFileEventOccuredRecently(System.String)
FNDA:0,System.Boolean WireMock.Util.EnhancedFileSystemWatcher::HasAnotherFileEventOccuredRecently(System.String)
DA:186,0
DA:188,0
DA:189,0
DA:190,0
DA:193,0
DA:194,0
DA:195,0
DA:200,0
DA:201,0
DA:202,0
DA:203,0
DA:204,0
DA:205,0
DA:207,0
DA:211,0
DA:212,0
DA:214,0
DA:215,0
BRDA:188,12,0,0
BRDA:188,12,1,0
BRDA:194,35,0,0
BRDA:194,35,1,0
FN:220,System.Void WireMock.Util.EnhancedFileSystemWatcher::OnChanged(System.Object,System.IO.FileSystemEventArgs)
FNDA:0,System.Void WireMock.Util.EnhancedFileSystemWatcher::OnChanged(System.Object,System.IO.FileSystemEventArgs)
DA:221,0
DA:222,0
DA:223,0
DA:224,0
DA:225,0
DA:226,0
BRDA:222,18,0,0
BRDA:222,18,1,0
FN:228,System.Void WireMock.Util.EnhancedFileSystemWatcher::OnCreated(System.Object,System.IO.FileSystemEventArgs)
FNDA:0,System.Void WireMock.Util.EnhancedFileSystemWatcher::OnCreated(System.Object,System.IO.FileSystemEventArgs)
DA:229,0
DA:230,0
DA:231,0
DA:232,0
DA:233,0
DA:234,0
BRDA:230,18,0,0
BRDA:230,18,1,0
FN:236,System.Void WireMock.Util.EnhancedFileSystemWatcher::OnDeleted(System.Object,System.IO.FileSystemEventArgs)
FNDA:0,System.Void WireMock.Util.EnhancedFileSystemWatcher::OnDeleted(System.Object,System.IO.FileSystemEventArgs)
DA:237,0
DA:238,0
DA:239,0
DA:240,0
DA:241,0
DA:242,0
BRDA:238,18,0,0
BRDA:238,18,1,0
FN:244,System.Void WireMock.Util.EnhancedFileSystemWatcher::OnRenamed(System.Object,System.IO.RenamedEventArgs)
FNDA:0,System.Void WireMock.Util.EnhancedFileSystemWatcher::OnRenamed(System.Object,System.IO.RenamedEventArgs)
DA:245,0
DA:246,0
DA:247,0
DA:248,0
DA:249,0
DA:250,0
BRDA:246,18,0,0
BRDA:246,18,1,0
FN:58,System.Void WireMock.Util.EnhancedFileSystemWatcher::.ctor(System.Int32)
FNDA:0,System.Void WireMock.Util.EnhancedFileSystemWatcher::.ctor(System.Int32)
DA:59,0
DA:60,0
DA:61,0
DA:63,0
DA:64,0
BRDA:61,15,0,0
BRDA:61,15,1,0
FN:70,System.Void WireMock.Util.EnhancedFileSystemWatcher::.ctor(System.String,System.Int32)
FNDA:0,System.Void WireMock.Util.EnhancedFileSystemWatcher::.ctor(System.String,System.Int32)
DA:71,0
DA:72,0
DA:73,0
DA:74,0
DA:76,0
DA:77,0
BRDA:74,28,0,0
BRDA:74,28,1,0
FN:84,System.Void WireMock.Util.EnhancedFileSystemWatcher::.ctor(System.String,System.String,System.Int32)
FNDA:0,System.Void WireMock.Util.EnhancedFileSystemWatcher::.ctor(System.String,System.String,System.Int32)
DA:85,0
DA:86,0
DA:87,0
DA:88,0
DA:89,0
DA:91,0
DA:92,0
BRDA:89,41,0,0
BRDA:89,41,1,0
LF:87
LH:0
BRF:26
BRH:0
FNF:16
FNH:0
end_of_record
SF:C:\Users\azureuser\Documents\Github\WireMock.Net\src\WireMock.Net\Util\FileHelper.cs
FN:14,System.String WireMock.Util.FileHelper::ReadAllTextWithRetryAndDelay(WireMock.Handlers.IFileSystemHandler,System.String)
FNDA:2,System.String WireMock.Util.FileHelper::ReadAllTextWithRetryAndDelay(WireMock.Handlers.IFileSystemHandler,System.String)
DA:15,2
DA:16,2
DA:17,2
DA:19,10
DA:20,4
DA:22,4
DA:23,4
DA:25,3
DA:26,3
DA:27,3
DA:28,3
DA:29,3
DA:31,1
DA:32,1
BRDA:19,71,1,4
BRDA:19,71,0,1
LF:14
LH:14
BRF:2
BRH:2
FNF:1
FNH:1
end_of_record
SF:C:\Users\azureuser\Documents\Github\WireMock.Net\src\WireMock.Net\Util\JsonUtils.cs
FN:11,T WireMock.Util.JsonUtils::ParseJTokenToObject(System.Object)
FNDA:11,T WireMock.Util.JsonUtils::ParseJTokenToObject(System.Object)
DA:12,11
DA:13,11
DA:16,10
DA:19,1
DA:21,11
BRDA:13,6,1,11
BRDA:13,18,0,10
BRDA:13,6,0,1
BRDA:13,18,1,1
FN:23,System.String WireMock.Util.JsonUtils::GenerateDynamicLinqStatement(Newtonsoft.Json.Linq.JToken)
FNDA:11,System.String WireMock.Util.JsonUtils::GenerateDynamicLinqStatement(Newtonsoft.Json.Linq.JToken)
DA:24,11
DA:25,11
DA:26,11
DA:28,10
DA:29,10
FN:31,System.Void WireMock.Util.JsonUtils::WalkNode(Newtonsoft.Json.Linq.JToken,System.String,System.String,System.Collections.Generic.List`1<System.String>)
FNDA:41,System.Void WireMock.Util.JsonUtils::WalkNode(Newtonsoft.Json.Linq.JToken,System.String,System.String,System.Collections.Generic.List`1<System.String>)
DA:32,41
DA:33,41
DA:34,10
DA:35,10
DA:36,9
DA:37,31
DA:38,1
DA:39,1
DA:40,1
DA:42,30
DA:43,30
DA:44,29
DA:45,39
BRDA:33,12,0,10
BRDA:33,12,1,31
BRDA:37,38,0,1
BRDA:37,38,1,30
BRDA:43,57,0,2
BRDA:43,57,1,30
FN:47,System.Void WireMock.Util.JsonUtils::ProcessObject(Newtonsoft.Json.Linq.JToken,System.String,System.Collections.Generic.List`1<System.String>)
FNDA:10,System.Void WireMock.Util.JsonUtils::ProcessObject(Newtonsoft.Json.Linq.JToken,System.String,System.Collections.Generic.List`1<System.String>)
DA:48,10
DA:49,10
DA:50,10
DA:53,85
DA:54,28
DA:55,28
DA:56,27
DA:58,9
DA:59,9
DA:61,9
DA:62,1
DA:63,1
DA:64,1
DA:66,9
DA:67,9
BRDA:53,83,1,28
BRDA:53,83,0,9
BRDA:61,128,0,1
BRDA:61,128,1,9
FN:69,System.Void WireMock.Util.JsonUtils::ProcessArray(Newtonsoft.Json.Linq.JToken,System.String,System.Collections.Generic.List`1<System.String>)
FNDA:1,System.Void WireMock.Util.JsonUtils::ProcessArray(Newtonsoft.Json.Linq.JToken,System.String,System.Collections.Generic.List`1<System.String>)
DA:70,1
DA:71,1
DA:72,1
DA:75,1
DA:76,7
DA:77,2
DA:78,2
DA:79,2
DA:80,2
DA:82,1
DA:83,1
DA:85,1
DA:86,1
DA:87,1
DA:88,1
DA:90,1
DA:91,1
BRDA:76,98,1,2
BRDA:76,98,0,1
BRDA:85,143,0,1
BRDA:85,143,1,1
FN:93,System.Void WireMock.Util.JsonUtils::ProcessItem(Newtonsoft.Json.Linq.JToken,System.String,System.String,System.Collections.Generic.List`1<System.String>)
FNDA:30,System.Void WireMock.Util.JsonUtils::ProcessItem(Newtonsoft.Json.Linq.JToken,System.String,System.String,System.Collections.Generic.List`1<System.String>)
DA:94,30
DA:95,30
DA:96,30
DA:99,1
DA:100,1
DA:103,1
DA:104,1
DA:107,2
DA:108,2
DA:111,1
DA:112,1
DA:115,11
DA:116,11
DA:119,1
DA:120,1
DA:123,10
DA:124,10
DA:127,1
DA:128,1
DA:131,1
DA:132,1
DA:135,1
DA:136,1
DA:139,29
DA:140,25
DA:141,25
DA:142,25
DA:144,29
DA:145,29
BRDA:96,17,4,1
BRDA:96,17,7,1
BRDA:96,17,2,2
BRDA:96,17,10,1
BRDA:96,17,1,11
BRDA:96,17,5,1
BRDA:96,17,3,10
BRDA:96,17,12,1
BRDA:96,17,11,1
BRDA:96,17,0,1
BRDA:96,17,6,1
BRDA:96,17,8,1
BRDA:96,17,9,1
BRDA:139,282,0,25
BRDA:139,282,1,29
LF:84
LH:84
BRF:33
BRH:33
FNF:6
FNH:6
end_of_record
SF:C:\Users\azureuser\Documents\Github\WireMock.Net\src\WireMock.Net\Util\PortUtils.cs
FN:18,System.Int32 WireMock.Util.PortUtils::FindFreeTcpPort()
FNDA:46,System.Int32 WireMock.Util.PortUtils::FindFreeTcpPort()
DA:19,46
DA:20,46
DA:22,46
DA:23,46
DA:24,46
DA:26,46
DA:29,46
DA:30,46
DA:31,46
DA:32,46
BRDA:30,44,1,46
BRDA:30,44,0,46
FN:37,System.Boolean WireMock.Util.PortUtils::TryExtract(System.String,System.String&,System.String&,System.Int32&)
FNDA:98,System.Boolean WireMock.Util.PortUtils::TryExtract(System.String,System.String&,System.String&,System.Int32&)
DA:38,98
DA:39,98
DA:40,98
DA:41,98
DA:43,98
DA:44,98
DA:45,96
DA:46,96
DA:47,96
DA:49,96
DA:52,2
DA:53,98
BRDA:44,30,0,96
BRDA:44,30,1,2
FN:11,System.Void WireMock.Util.PortUtils::.cctor()
FNDA:1,System.Void WireMock.Util.PortUtils::.cctor()
DA:12,1
LF:23
LH:23
BRF:4
BRH:4
FNF:3
FNH:3
end_of_record
SF:C:\Users\azureuser\Documents\Github\WireMock.Net\src\WireMock.Net\Util\RegexUtils.cs
FN:8,System.Collections.Generic.Dictionary`2<System.String,System.String> WireMock.Util.RegexUtils::GetNamedGroups(System.Text.RegularExpressions.Regex,System.String)
FNDA:3,System.Collections.Generic.Dictionary`2<System.String,System.String> WireMock.Util.RegexUtils::GetNamedGroups(System.Text.RegularExpressions.Regex,System.String)
DA:9,3
DA:10,3
DA:12,3
DA:13,27
DA:14,9
DA:15,9
DA:16,3
DA:17,3
DA:18,3
DA:19,9
DA:21,3
DA:22,3
BRDA:13,98,1,9
BRDA:15,63,0,3
BRDA:15,63,1,9
BRDA:13,98,0,3
LF:12
LH:12
BRF:4
BRH:4
FNF:1
FNH:1
end_of_record
SF:C:\Users\azureuser\Documents\Github\WireMock.Net\src\WireMock.Net\Util\UrlUtils.cs
FN:14,WireMock.Models.UrlDetails WireMock.Util.UrlUtils::Parse(System.Uri,Microsoft.AspNetCore.Http.PathString)
FNDA:51,WireMock.Models.UrlDetails WireMock.Util.UrlUtils::Parse(System.Uri,Microsoft.AspNetCore.Http.PathString)
DA:15,51
DA:16,51
DA:17,47
DA:18,47
DA:21,4
DA:22,4
DA:24,4
DA:25,51
BRDA:16,13,0,47
BRDA:16,13,1,4
FN:27,System.String WireMock.Util.UrlUtils::RemoveFirst(System.String,System.String)
FNDA:4,System.String WireMock.Util.UrlUtils::RemoveFirst(System.String,System.String)
DA:28,4
DA:29,4
DA:30,4
DA:31,1
DA:32,1
DA:35,3
DA:36,4
BRDA:30,15,0,1
BRDA:30,15,1,3
LF:15
LH:15
BRF:4
BRH:4
FNF:2
FNH:2
end_of_record
SF:C:\Users\azureuser\Documents\Github\WireMock.Net\src\WireMock.Net\Util\WireMockList.cs
FN:39,System.String WireMock.Util.WireMockList`1::ToString()
FNDA:11,System.String WireMock.Util.WireMockList`1::ToString()
DA:40,11
DA:41,11
DA:42,11
BRDA:41,7,0,0
BRDA:41,7,1,11
FN:15,System.Void WireMock.Util.WireMockList`1::.ctor()
FNDA:30,System.Void WireMock.Util.WireMockList`1::.ctor()
DA:16,30
DA:17,30
DA:18,30
FN:23,System.Void WireMock.Util.WireMockList`1::.ctor(T[])
FNDA:206,System.Void WireMock.Util.WireMockList`1::.ctor(T[])
DA:24,206
DA:25,205
DA:26,205
FN:31,System.Void WireMock.Util.WireMockList`1::.ctor(System.Collections.Generic.IEnumerable`1<T>)
FNDA:0,System.Void WireMock.Util.WireMockList`1::.ctor(System.Collections.Generic.IEnumerable`1<T>)
DA:32,0
DA:33,0
DA:34,0
LF:12
LH:9
BRF:2
BRH:1
FNF:4
FNH:3
end_of_record
SF:C:\Users\azureuser\Documents\Github\WireMock.Net\src\WireMock.Net\Transformers\HandleBarsHelpers.cs
FN:5,System.Void WireMock.Transformers.HandlebarsHelpers::Register()
FNDA:1,System.Void WireMock.Transformers.HandlebarsHelpers::Register()
DA:6,1
DA:7,1
DA:9,1
DA:11,1
DA:12,1
LF:5
LH:5
BRF:0
BRH:0
FNF:1
FNH:1
end_of_record
SF:C:\Users\azureuser\Documents\Github\WireMock.Net\src\WireMock.Net\Transformers\HandleBarsJsonPath.cs
FN:12,System.Void WireMock.Transformers.HandleBarsJsonPath::Register()
FNDA:1,System.Void WireMock.Transformers.HandleBarsJsonPath::Register()
DA:13,1
DA:14,1
DA:15,5
DA:16,5
DA:17,1
DA:18,1
DA:19,5
DA:20,5
DA:21,5
DA:22,5
DA:23,1
DA:24,1
DA:25,1
DA:26,1
DA:27,5
DA:29,1
DA:30,4
DA:31,4
DA:32,1
DA:33,1
DA:34,3
DA:35,3
DA:36,3
DA:37,3
DA:38,11
DA:39,3
DA:40,3
DA:41,1
DA:42,1
DA:43,1
DA:44,1
DA:45,3
DA:46,1
BRDA:14,12,0,1
BRDA:14,12,1,1
BRDA:29,54,0,1
BRDA:29,54,1,1
FN:48,System.ValueTuple`2<Newtonsoft.Json.Linq.JObject,System.String> WireMock.Transformers.HandleBarsJsonPath::ParseArguments(System.Object[])
FNDA:7,System.ValueTuple`2<Newtonsoft.Json.Linq.JObject,System.String> WireMock.Transformers.HandleBarsJsonPath::ParseArguments(System.Object[])
DA:49,7
DA:50,14
DA:51,7
DA:52,6
DA:56,6
DA:59,4
DA:60,4
DA:63,2
DA:64,2
DA:67,0
DA:70,6
DA:71,6
BRDA:50,8,0,1
BRDA:50,8,1,7
BRDA:56,86,1,6
BRDA:56,98,1,2
BRDA:56,98,0,4
BRDA:56,110,0,2
BRDA:56,86,0,0
BRDA:56,110,1,0
BRDA:67,153,0,0
BRDA:67,153,1,0
LF:45
LH:44
BRF:20
BRH:16
FNF:2
FNH:2
end_of_record
SF:C:\Users\azureuser\Documents\Github\WireMock.Net\src\WireMock.Net\Transformers\HandleBarsLinq.cs
FN:14,System.Void WireMock.Transformers.HandleBarsLinq::Register()
FNDA:1,System.Void WireMock.Transformers.HandleBarsLinq::Register()
DA:15,1
DA:16,1
DA:17,8
DA:18,8
DA:19,1
DA:20,1
DA:21,5
DA:22,5
DA:23,4
DA:24,4
DA:25,2
DA:26,2
DA:27,1
DA:28,2
DA:29,5
DA:31,1
DA:32,3
DA:33,3
DA:34,1
DA:35,1
DA:36,3
DA:37,3
DA:38,2
DA:39,2
DA:40,2
DA:41,2
DA:42,1
DA:43,2
DA:44,3
DA:45,1
BRDA:16,12,0,1
BRDA:16,12,1,1
BRDA:31,54,0,1
BRDA:31,54,1,1
FN:47,System.Object WireMock.Transformers.HandleBarsLinq::ExecuteDynamicLinq(Newtonsoft.Json.Linq.JToken,System.String)
FNDA:6,System.Object WireMock.Transformers.HandleBarsLinq::ExecuteDynamicLinq(Newtonsoft.Json.Linq.JToken,System.String)
DA:48,6
DA:50,6
DA:53,6
DA:56,6
DA:59,6
DA:60,4
FN:62,System.ValueTuple`2<Newtonsoft.Json.Linq.JToken,System.String> WireMock.Transformers.HandleBarsLinq::ParseArguments(System.Object[])
FNDA:9,System.ValueTuple`2<Newtonsoft.Json.Linq.JToken,System.String> WireMock.Transformers.HandleBarsLinq::ParseArguments(System.Object[])
DA:63,9
DA:64,18
DA:65,8
DA:66,7
DA:69,7
DA:72,1
DA:73,1
DA:76,5
DA:77,5
DA:80,1
DA:83,6
DA:84,6
BRDA:64,8,0,1
BRDA:64,8,1,9
BRDA:69,86,1,7
BRDA:69,98,1,6
BRDA:69,98,0,1
BRDA:69,110,0,5
BRDA:69,86,0,1
BRDA:69,110,1,1
BRDA:80,153,0,0
BRDA:80,153,1,1
LF:48
LH:48
BRF:16
BRH:15
FNF:3
FNH:3
end_of_record
SF:C:\Users\azureuser\Documents\Github\WireMock.Net\src\WireMock.Net\Transformers\HandleBarsRegex.cs
FN:12,System.Void WireMock.Transformers.HandleBarsRegex::Register()
FNDA:1,System.Void WireMock.Transformers.HandleBarsRegex::Register()
DA:13,1
DA:14,1
DA:15,4
DA:16,4
DA:17,1
DA:18,4
DA:19,1
DA:20,4
DA:21,2
DA:22,2
DA:23,2
DA:24,3
DA:25,2
DA:26,2
DA:27,2
DA:28,4
DA:30,1
DA:31,5
DA:32,5
DA:33,1
DA:34,4
DA:35,4
DA:36,4
DA:37,2
DA:38,2
DA:39,2
DA:40,3
DA:41,2
DA:42,2
DA:43,2
DA:44,4
DA:45,1
BRDA:14,12,0,1
BRDA:14,12,1,1
BRDA:30,54,0,1
BRDA:30,54,1,1
FN:47,System.ValueTuple`3<System.String,System.String,System.Object> WireMock.Transformers.HandleBarsRegex::ParseArguments(System.Object[])
FNDA:7,System.ValueTuple`3<System.String,System.String,System.Object> WireMock.Transformers.HandleBarsRegex::ParseArguments(System.Object[])
DA:48,7
DA:49,14
DA:63,7
DA:64,6
BRDA:49,8,0,3
BRDA:49,8,1,12
BRDA:63,65,0,4
BRDA:63,65,1,2
FN:51,System.String WireMock.Transformers.HandleBarsRegex::<ParseArguments>g__ParseAsString|1_1(System.Object)
FNDA:13,System.String WireMock.Transformers.HandleBarsRegex::<ParseArguments>g__ParseAsString|1_1(System.Object)
DA:52,13
DA:53,13
DA:54,12
DA:55,12
DA:58,1
DA:59,1
DA:61,12
BRDA:53,12,0,12
BRDA:53,12,1,1
BRDA:59,32,0,1
BRDA:59,32,1,0
LF:43
LH:43
BRF:20
BRH:19
FNF:3
FNH:3
end_of_record
SF:C:\Users\azureuser\Documents\Github\WireMock.Net\src\WireMock.Net\Transformers\ResponseMessageTransformer.cs
FN:18,WireMock.ResponseMessage WireMock.Transformers.ResponseMessageTransformer::Transform(WireMock.RequestMessage,WireMock.ResponseMessage)
FNDA:32,WireMock.ResponseMessage WireMock.Transformers.ResponseMessageTransformer::Transform(WireMock.RequestMessage,WireMock.ResponseMessage)
DA:19,32
DA:20,32
DA:21,32
DA:23,32
DA:24,19
DA:25,19
DA:26,19
DA:28,32
DA:30,32
DA:31,19
DA:32,19
DA:33,17
DA:35,13
DA:36,13
DA:37,10
DA:40,27
DA:41,105
DA:42,12
DA:43,12
DA:44,12
DA:45,12
DA:46,25
DA:47,12
DA:49,12
DA:50,12
DA:52,27
DA:54,27
DA:55,27
BRDA:23,44,0,19
BRDA:23,44,1,32
BRDA:30,81,0,19
BRDA:30,81,1,13
BRDA:41,267,1,12
BRDA:44,194,0,12
BRDA:44,194,1,12
BRDA:41,267,0,27
FN:57,System.Void WireMock.Transformers.ResponseMessageTransformer::TransformBodyAsJson(System.Object,WireMock.ResponseMessage,WireMock.ResponseMessage)
FNDA:13,System.Void WireMock.Transformers.ResponseMessageTransformer::TransformBodyAsJson(System.Object,WireMock.ResponseMessage,WireMock.ResponseMessage)
DA:58,13
DA:60,13
DA:63,0
DA:64,0
DA:67,1
DA:68,1
DA:71,12
DA:72,12
DA:75,13
DA:77,10
DA:78,10
BRDA:60,13,1,13
BRDA:60,25,1,13
BRDA:60,25,0,0
BRDA:60,37,0,1
BRDA:60,13,0,12
BRDA:60,37,1,12
FN:80,System.Void WireMock.Transformers.ResponseMessageTransformer::WalkNode(Newtonsoft.Json.Linq.JToken,System.Object)
FNDA:30,System.Void WireMock.Transformers.ResponseMessageTransformer::WalkNode(Newtonsoft.Json.Linq.JToken,System.Object)
DA:81,30
DA:82,30
DA:83,12
DA:85,57
DA:86,12
DA:87,12
DA:88,9
DA:89,9
DA:90,18
DA:91,1
DA:93,13
DA:94,5
DA:95,5
DA:96,5
DA:97,1
DA:98,17
DA:99,17
DA:101,17
DA:102,17
DA:103,0
DA:104,0
DA:107,17
DA:108,17
DA:109,14
DA:110,12
DA:113,12
DA:115,12
DA:116,2
DA:117,10
DA:118,10
DA:120,10
DA:121,10
DA:123,12
DA:124,12
DA:125,14
DA:126,24
BRDA:82,12,0,12
BRDA:85,64,1,12
BRDA:85,64,0,9
BRDA:82,12,1,18
BRDA:90,85,0,1
BRDA:93,142,1,5
BRDA:93,142,0,1
BRDA:90,85,1,17
BRDA:98,160,0,17
BRDA:102,182,0,0
BRDA:102,182,1,17
BRDA:109,222,0,12
BRDA:109,222,1,14
BRDA:98,160,1,24
FN:128,System.Void WireMock.Transformers.ResponseMessageTransformer::TransformBodyAsString(System.Object,WireMock.ResponseMessage,WireMock.ResponseMessage)
FNDA:19,System.Void WireMock.Transformers.ResponseMessageTransformer::TransformBodyAsString(System.Object,WireMock.ResponseMessage,WireMock.ResponseMessage)
DA:129,19
DA:130,19
DA:132,19
DA:133,17
FN:13,System.Void WireMock.Transformers.ResponseMessageTransformer::.cctor()
FNDA:1,System.Void WireMock.Transformers.ResponseMessageTransformer::.cctor()
DA:14,1
DA:15,1
DA:16,1
LF:82
LH:78
BRF:28
BRH:26
FNF:5
FNH:5
end_of_record
SF:C:\Users\azureuser\Documents\Github\WireMock.Net\src\WireMock.Net\Settings\FluentMockServerSettings.cs
FN:15,System.Nullable`1<System.Int32> WireMock.Settings.FluentMockServerSettings::get_Port()
FNDA:123,System.Nullable`1<System.Int32> WireMock.Settings.FluentMockServerSettings::get_Port()
DA:16,123
FN:20,System.Nullable`1<System.Boolean> WireMock.Settings.FluentMockServerSettings::get_UseSSL()
FNDA:123,System.Nullable`1<System.Boolean> WireMock.Settings.FluentMockServerSettings::get_UseSSL()
DA:21,123
FN:24,System.Nullable`1<System.Boolean> WireMock.Settings.FluentMockServerSettings::get_StartAdminInterface()
FNDA:108,System.Nullable`1<System.Boolean> WireMock.Settings.FluentMockServerSettings::get_StartAdminInterface()
DA:25,108
FN:28,System.Nullable`1<System.Boolean> WireMock.Settings.FluentMockServerSettings::get_ReadStaticMappings()
FNDA:94,System.Nullable`1<System.Boolean> WireMock.Settings.FluentMockServerSettings::get_ReadStaticMappings()
DA:29,94
FN:32,System.Nullable`1<System.Boolean> WireMock.Settings.FluentMockServerSettings::get_WatchStaticMappings()
FNDA:94,System.Nullable`1<System.Boolean> WireMock.Settings.FluentMockServerSettings::get_WatchStaticMappings()
DA:33,94
FN:36,WireMock.Settings.IProxyAndRecordSettings WireMock.Settings.FluentMockServerSettings::get_ProxyAndRecordSettings()
FNDA:100,WireMock.Settings.IProxyAndRecordSettings WireMock.Settings.FluentMockServerSettings::get_ProxyAndRecordSettings()
DA:37,100
FN:40,System.String[] WireMock.Settings.FluentMockServerSettings::get_Urls()
FNDA:96,System.String[] WireMock.Settings.FluentMockServerSettings::get_Urls()
DA:41,96
FN:44,System.Int32 WireMock.Settings.FluentMockServerSettings::get_StartTimeout()
FNDA:141,System.Int32 WireMock.Settings.FluentMockServerSettings::get_StartTimeout()
DA:45,141
FN:48,System.Nullable`1<System.Boolean> WireMock.Settings.FluentMockServerSettings::get_AllowPartialMapping()
FNDA:95,System.Nullable`1<System.Boolean> WireMock.Settings.FluentMockServerSettings::get_AllowPartialMapping()
DA:49,95
FN:52,System.String WireMock.Settings.FluentMockServerSettings::get_AdminUsername()
FNDA:61,System.String WireMock.Settings.FluentMockServerSettings::get_AdminUsername()
DA:53,61
FN:56,System.String WireMock.Settings.FluentMockServerSettings::get_AdminPassword()
FNDA:51,System.String WireMock.Settings.FluentMockServerSettings::get_AdminPassword()
DA:57,51
FN:60,System.Nullable`1<System.Int32> WireMock.Settings.FluentMockServerSettings::get_RequestLogExpirationDuration()
FNDA:96,System.Nullable`1<System.Int32> WireMock.Settings.FluentMockServerSettings::get_RequestLogExpirationDuration()
DA:61,96
FN:64,System.Nullable`1<System.Int32> WireMock.Settings.FluentMockServerSettings::get_MaxRequestLogCount()
FNDA:94,System.Nullable`1<System.Int32> WireMock.Settings.FluentMockServerSettings::get_MaxRequestLogCount()
DA:65,94
FN:69,System.Action`1<System.Object> WireMock.Settings.FluentMockServerSettings::get_PreWireMockMiddlewareInit()
FNDA:47,System.Action`1<System.Object> WireMock.Settings.FluentMockServerSettings::get_PreWireMockMiddlewareInit()
DA:70,47
FN:74,System.Action`1<System.Object> WireMock.Settings.FluentMockServerSettings::get_PostWireMockMiddlewareInit()
FNDA:47,System.Action`1<System.Object> WireMock.Settings.FluentMockServerSettings::get_PostWireMockMiddlewareInit()
DA:75,47
FN:79,WireMock.Logging.IWireMockLogger WireMock.Settings.FluentMockServerSettings::get_Logger()
FNDA:195,WireMock.Logging.IWireMockLogger WireMock.Settings.FluentMockServerSettings::get_Logger()
DA:80,195
FN:84,WireMock.Handlers.IFileSystemHandler WireMock.Settings.FluentMockServerSettings::get_FileSystemHandler()
FNDA:98,WireMock.Handlers.IFileSystemHandler WireMock.Settings.FluentMockServerSettings::get_FileSystemHandler()
DA:85,98
LF:17
LH:17
BRF:0
BRH:0
FNF:17
FNH:17
end_of_record
SF:C:\Users\azureuser\Documents\Github\WireMock.Net\src\WireMock.Net\Settings\ProxyAndRecordSettings.cs
FN:11,System.String WireMock.Settings.ProxyAndRecordSettings::get_Url()
FNDA:4,System.String WireMock.Settings.ProxyAndRecordSettings::get_Url()
DA:12,4
FN:15,System.Boolean WireMock.Settings.ProxyAndRecordSettings::get_SaveMapping()
FNDA:4,System.Boolean WireMock.Settings.ProxyAndRecordSettings::get_SaveMapping()
DA:16,4
FN:19,System.Boolean WireMock.Settings.ProxyAndRecordSettings::get_SaveMappingToFile()
FNDA:4,System.Boolean WireMock.Settings.ProxyAndRecordSettings::get_SaveMappingToFile()
DA:20,4
FN:23,System.String WireMock.Settings.ProxyAndRecordSettings::get_ClientX509Certificate2ThumbprintOrSubjectName()
FNDA:4,System.String WireMock.Settings.ProxyAndRecordSettings::get_ClientX509Certificate2ThumbprintOrSubjectName()
DA:24,4
FN:27,System.String[] WireMock.Settings.ProxyAndRecordSettings::get_BlackListedHeaders()
FNDA:2,System.String[] WireMock.Settings.ProxyAndRecordSettings::get_BlackListedHeaders()
DA:28,2
LF:5
LH:5
BRF:0
BRH:0
FNF:5
FNH:5
end_of_record
SF:C:\Users\azureuser\Documents\Github\WireMock.Net\src\WireMock.Net\Server\FluentMockServer.Admin.cs
FN:58,System.Void WireMock.Server.FluentMockServer::InitAdmin()
FNDA:11,System.Void WireMock.Server.FluentMockServer::InitAdmin()
DA:59,11
DA:61,11
DA:62,11
DA:65,11
DA:66,11
DA:67,11
DA:70,11
DA:73,11
DA:74,11
DA:75,11
DA:78,11
DA:81,11
DA:82,11
DA:85,11
DA:88,11
DA:89,11
DA:92,11
DA:95,11
DA:96,11
DA:99,11
DA:100,11
FN:109,System.Void WireMock.Server.FluentMockServer::SaveStaticMappings(System.String)
FNDA:1,System.Void WireMock.Server.FluentMockServer::SaveStaticMappings(System.String)
DA:110,1
DA:111,6
DA:112,1
DA:113,1
DA:114,1
DA:115,1
BRDA:111,14,0,1
BRDA:111,14,1,1
BRDA:111,76,1,1
BRDA:111,76,0,1
FN:122,System.Void WireMock.Server.FluentMockServer::ReadStaticMappings(System.String)
FNDA:4,System.Void WireMock.Server.FluentMockServer::ReadStaticMappings(System.String)
DA:123,4
DA:124,4
DA:125,1
DA:126,1
DA:127,1
DA:129,4
DA:130,1
DA:131,1
DA:132,1
DA:135,27
DA:136,6
DA:137,6
DA:140,6
DA:141,6
DA:142,6
DA:143,0
DA:144,0
DA:145,0
DA:146,0
DA:147,6
DA:148,4
BRDA:124,7,0,1
BRDA:124,7,1,4
BRDA:129,41,0,1
BRDA:129,41,1,3
BRDA:135,95,0,1
BRDA:135,95,1,3
BRDA:135,219,1,6
BRDA:135,219,0,3
FN:155,System.Void WireMock.Server.FluentMockServer::WatchStaticMappings(System.String)
FNDA:1,System.Void WireMock.Server.FluentMockServer::WatchStaticMappings(System.String)
DA:156,1
DA:157,1
DA:158,1
DA:159,1
DA:160,1
DA:162,1
DA:163,1
DA:164,1
DA:167,0
DA:169,0
DA:170,0
DA:171,0
DA:172,0
DA:173,0
DA:174,0
DA:175,0
DA:176,0
DA:177,0
DA:178,0
DA:179,0
DA:180,0
DA:181,0
DA:182,0
DA:183,0
DA:184,0
DA:185,0
DA:186,0
DA:187,0
DA:188,0
DA:189,0
DA:190,0
DA:191,0
DA:192,0
DA:193,0
DA:195,0
DA:196,1
BRDA:157,7,0,1
BRDA:157,7,1,1
BRDA:162,41,0,1
BRDA:162,41,1,0
FN:203,System.Void WireMock.Server.FluentMockServer::ReadStaticMappingAndAddOrUpdate(System.String)
FNDA:10,System.Void WireMock.Server.FluentMockServer::ReadStaticMappingAndAddOrUpdate(System.String)
DA:204,10
DA:205,10
DA:207,10
DA:209,10
DA:210,10
DA:211,6
DA:212,6
DA:213,6
DA:215,4
DA:216,4
DA:217,4
DA:218,10
BRDA:210,48,0,6
BRDA:210,48,1,4
FN:224,System.Void WireMock.Server.FluentMockServer::InitProxyAndRecord(WireMock.Settings.IFluentMockServerSettings)
FNDA:2,System.Void WireMock.Server.FluentMockServer::InitProxyAndRecord(WireMock.Settings.IFluentMockServerSettings)
DA:225,2
DA:226,2
DA:228,2
DA:229,2
DA:230,1
DA:231,1
DA:232,1
DA:234,2
DA:235,2
BRDA:229,88,0,1
BRDA:229,88,1,2
FN:259,WireMock.IMapping WireMock.Server.FluentMockServer::ToMapping(WireMock.RequestMessage,WireMock.ResponseMessage,System.String[])
FNDA:0,WireMock.IMapping WireMock.Server.FluentMockServer::ToMapping(WireMock.RequestMessage,WireMock.ResponseMessage,System.String[])
DA:260,0
DA:261,0
DA:262,0
DA:263,0
DA:265,0
DA:266,0
DA:268,0
DA:269,0
DA:270,0
DA:271,0
DA:272,0
DA:273,0
DA:274,0
DA:275,0
DA:277,0
DA:278,0
DA:279,0
DA:280,0
DA:281,0
DA:282,0
DA:283,0
DA:284,0
DA:286,0
DA:288,0
DA:289,0
BRDA:277,179,0,0
BRDA:277,179,1,0
BRDA:281,220,0,0
BRDA:281,220,1,0
FN:293,WireMock.ResponseMessage WireMock.Server.FluentMockServer::SettingsGet(WireMock.RequestMessage)
FNDA:1,WireMock.ResponseMessage WireMock.Server.FluentMockServer::SettingsGet(WireMock.RequestMessage)
DA:294,1
DA:295,1
DA:296,1
DA:297,1
DA:298,1
DA:299,1
DA:300,1
DA:301,1
DA:303,1
DA:304,1
BRDA:295,86,0,1
BRDA:295,86,1,0
BRDA:295,127,0,1
BRDA:295,127,1,0
FN:306,WireMock.ResponseMessage WireMock.Server.FluentMockServer::SettingsUpdate(WireMock.RequestMessage)
FNDA:2,WireMock.ResponseMessage WireMock.Server.FluentMockServer::SettingsUpdate(WireMock.RequestMessage)
DA:307,2
DA:308,2
DA:309,2
DA:310,2
DA:312,2
DA:313,0
DA:314,0
DA:315,0
DA:317,2
DA:318,0
DA:319,0
DA:320,0
DA:322,2
DA:323,2
BRDA:312,61,0,0
BRDA:312,61,1,2
BRDA:317,108,0,0
BRDA:317,108,1,2
FN:327,WireMock.ResponseMessage WireMock.Server.FluentMockServer::MappingGet(WireMock.RequestMessage)
FNDA:0,WireMock.ResponseMessage WireMock.Server.FluentMockServer::MappingGet(WireMock.RequestMessage)
DA:328,0
DA:329,0
DA:330,0
DA:332,0
DA:333,0
DA:334,0
DA:335,0
DA:338,0
DA:340,0
DA:341,0
BRDA:332,71,0,0
BRDA:332,71,1,0
FN:343,WireMock.ResponseMessage WireMock.Server.FluentMockServer::MappingPut(WireMock.RequestMessage)
FNDA:0,WireMock.ResponseMessage WireMock.Server.FluentMockServer::MappingPut(WireMock.RequestMessage)
DA:344,0
DA:345,0
DA:347,0
DA:348,0
DA:350,0
DA:351,0
FN:353,WireMock.ResponseMessage WireMock.Server.FluentMockServer::MappingDelete(WireMock.RequestMessage)
FNDA:0,WireMock.ResponseMessage WireMock.Server.FluentMockServer::MappingDelete(WireMock.RequestMessage)
DA:354,0
DA:355,0
DA:357,0
DA:358,0
DA:359,0
DA:362,0
DA:363,0
BRDA:357,39,0,0
BRDA:357,39,1,0
FN:367,WireMock.ResponseMessage WireMock.Server.FluentMockServer::MappingsSave(WireMock.RequestMessage)
FNDA:0,WireMock.ResponseMessage WireMock.Server.FluentMockServer::MappingsSave(WireMock.RequestMessage)
DA:368,0
DA:369,0
DA:371,0
DA:372,0
FN:374,System.Void WireMock.Server.FluentMockServer::SaveMappingToFile(WireMock.IMapping,System.String)
FNDA:1,System.Void WireMock.Server.FluentMockServer::SaveMappingToFile(WireMock.IMapping,System.String)
DA:375,1
DA:376,1
DA:377,1
DA:378,1
DA:379,1
DA:381,1
DA:382,0
DA:383,0
DA:384,0
DA:386,1
DA:387,1
DA:389,1
DA:391,1
DA:393,1
DA:394,1
BRDA:376,7,0,1
BRDA:376,7,1,1
BRDA:381,43,0,0
BRDA:381,43,1,1
BRDA:387,78,0,1
BRDA:387,78,1,0
FN:396,System.String WireMock.Server.FluentMockServer::SanitizeFileName(System.String,System.Char)
FNDA:0,System.String WireMock.Server.FluentMockServer::SanitizeFileName(System.String,System.Char)
DA:397,0
DA:398,0
DA:399,0
FN:401,WireMock.ResponseMessage WireMock.Server.FluentMockServer::MappingsGet(WireMock.RequestMessage)
FNDA:0,WireMock.ResponseMessage WireMock.Server.FluentMockServer::MappingsGet(WireMock.RequestMessage)
DA:402,0
DA:403,0
DA:404,0
DA:405,0
DA:406,0
DA:407,0
DA:408,0
DA:410,0
DA:411,0
BRDA:404,20,0,0
BRDA:404,20,1,0
BRDA:404,88,1,0
BRDA:404,88,0,0
FN:413,WireMock.ResponseMessage WireMock.Server.FluentMockServer::MappingsPost(WireMock.RequestMessage)
FNDA:1,WireMock.ResponseMessage WireMock.Server.FluentMockServer::MappingsPost(WireMock.RequestMessage)
DA:414,1
DA:417,1
DA:418,1
DA:419,1
DA:420,1
DA:421,0
DA:422,0
DA:423,0
DA:424,0
DA:426,0
DA:427,0
DA:428,0
DA:429,0
DA:432,1
DA:433,1
FN:435,System.Nullable`1<System.Guid> WireMock.Server.FluentMockServer::DeserializeAndAddOrUpdateMapping(WireMock.Admin.Mappings.MappingModel,System.Nullable`1<System.Guid>,System.String)
FNDA:11,System.Nullable`1<System.Guid> WireMock.Server.FluentMockServer::DeserializeAndAddOrUpdateMapping(WireMock.Admin.Mappings.MappingModel,System.Nullable`1<System.Guid>,System.String)
DA:436,11
DA:437,11
DA:438,11
DA:439,11
DA:441,11
DA:442,11
DA:443,0
DA:444,0
DA:447,11
DA:449,11
DA:451,11
DA:452,6
DA:453,6
DA:454,6
DA:455,5
DA:456,3
DA:457,3
DA:458,3
DA:460,11
DA:461,10
DA:462,10
DA:463,10
DA:465,11
DA:466,4
DA:467,4
DA:468,4
DA:470,11
DA:471,10
DA:472,10
DA:473,10
DA:475,11
DA:476,0
DA:477,0
DA:478,0
DA:479,0
DA:480,0
DA:482,11
DA:484,11
DA:485,11
BRDA:442,67,0,0
BRDA:442,67,1,11
BRDA:451,119,0,6
BRDA:451,119,1,5
BRDA:455,154,0,3
BRDA:455,178,0,0
BRDA:455,178,1,3
BRDA:455,190,0,0
BRDA:455,190,1,3
BRDA:455,154,1,2
BRDA:455,216,0,3
BRDA:455,216,1,11
BRDA:460,250,0,10
BRDA:460,250,1,11
BRDA:465,280,0,4
BRDA:465,280,1,11
BRDA:470,316,0,10
BRDA:470,316,1,11
BRDA:475,355,0,0
BRDA:475,355,1,11
FN:487,WireMock.ResponseMessage WireMock.Server.FluentMockServer::MappingsDelete(WireMock.RequestMessage)
FNDA:0,WireMock.ResponseMessage WireMock.Server.FluentMockServer::MappingsDelete(WireMock.RequestMessage)
DA:488,0
DA:489,0
DA:491,0
DA:493,0
DA:494,0
FN:498,WireMock.ResponseMessage WireMock.Server.FluentMockServer::RequestGet(WireMock.RequestMessage)
FNDA:0,WireMock.ResponseMessage WireMock.Server.FluentMockServer::RequestGet(WireMock.RequestMessage)
DA:499,0
DA:500,0
DA:501,0
DA:503,0
DA:504,0
DA:505,0
DA:506,0
DA:509,0
DA:511,0
DA:512,0
BRDA:503,71,0,0
BRDA:503,71,1,0
FN:514,WireMock.ResponseMessage WireMock.Server.FluentMockServer::RequestDelete(WireMock.RequestMessage)
FNDA:0,WireMock.ResponseMessage WireMock.Server.FluentMockServer::RequestDelete(WireMock.RequestMessage)
DA:515,0
DA:516,0
DA:518,0
DA:519,0
DA:520,0
DA:523,0
DA:524,0
BRDA:518,39,0,0
BRDA:518,39,1,0
FN:528,WireMock.ResponseMessage WireMock.Server.FluentMockServer::RequestsGet(WireMock.RequestMessage)
FNDA:3,WireMock.ResponseMessage WireMock.Server.FluentMockServer::RequestsGet(WireMock.RequestMessage)
DA:529,3
DA:530,3
DA:531,6
DA:532,3
DA:534,3
DA:535,3
BRDA:530,13,0,1
BRDA:530,13,1,3
FN:537,WireMock.ResponseMessage WireMock.Server.FluentMockServer::RequestsDelete(WireMock.RequestMessage)
FNDA:0,WireMock.ResponseMessage WireMock.Server.FluentMockServer::RequestsDelete(WireMock.RequestMessage)
DA:538,0
DA:539,0
DA:541,0
DA:542,0
FN:546,WireMock.ResponseMessage WireMock.Server.FluentMockServer::RequestsFind(WireMock.RequestMessage)
FNDA:1,WireMock.ResponseMessage WireMock.Server.FluentMockServer::RequestsFind(WireMock.RequestMessage)
DA:547,1
DA:548,1
DA:550,1
DA:552,1
DA:553,6
DA:554,1
DA:555,1
DA:556,1
DA:557,1
DA:558,1
DA:559,1
DA:560,1
DA:562,3
DA:564,1
DA:565,1
BRDA:553,42,0,1
BRDA:553,42,1,1
BRDA:553,151,1,1
BRDA:556,128,0,1
BRDA:556,128,1,1
BRDA:553,151,0,1
BRDA:562,175,0,1
BRDA:562,175,1,1
BRDA:562,211,0,1
BRDA:562,211,1,1
FN:569,WireMock.ResponseMessage WireMock.Server.FluentMockServer::ScenariosGet(WireMock.RequestMessage)
FNDA:0,WireMock.ResponseMessage WireMock.Server.FluentMockServer::ScenariosGet(WireMock.RequestMessage)
DA:570,0
DA:571,0
DA:572,0
DA:573,0
DA:574,0
DA:575,0
DA:576,0
DA:577,0
DA:579,0
DA:580,0
BRDA:571,18,0,0
BRDA:571,18,1,0
FN:582,WireMock.ResponseMessage WireMock.Server.FluentMockServer::ScenariosReset(WireMock.RequestMessage)
FNDA:0,WireMock.ResponseMessage WireMock.Server.FluentMockServer::ScenariosReset(WireMock.RequestMessage)
DA:583,0
DA:584,0
DA:586,0
DA:587,0
FN:590,WireMock.RequestBuilders.IRequestBuilder WireMock.Server.FluentMockServer::InitRequestBuilder(WireMock.Admin.Mappings.RequestModel,System.Boolean)
FNDA:12,WireMock.RequestBuilders.IRequestBuilder WireMock.Server.FluentMockServer::InitRequestBuilder(WireMock.Admin.Mappings.RequestModel,System.Boolean)
DA:591,12
DA:592,12
DA:594,12
DA:595,0
DA:596,0
DA:597,0
DA:598,0
DA:599,0
DA:601,0
DA:602,0
DA:603,0
DA:604,0
DA:605,0
DA:606,0
DA:607,0
DA:608,0
DA:610,12
DA:611,12
DA:612,11
DA:613,11
DA:614,1
DA:615,1
DA:616,1
DA:617,1
DA:619,10
DA:620,10
DA:621,10
DA:622,10
DA:623,10
DA:624,10
DA:625,10
DA:626,10
DA:627,11
DA:628,1
DA:629,0
DA:630,0
DA:631,0
DA:632,0
DA:633,0
DA:634,0
DA:636,0
DA:637,0
DA:638,0
DA:639,0
DA:640,0
DA:641,0
DA:642,0
DA:643,0
DA:644,0
DA:646,12
DA:647,0
DA:648,0
DA:649,0
DA:652,12
DA:653,11
DA:654,11
DA:655,11
DA:657,12
DA:658,0
DA:659,0
DA:660,0
DA:661,0
DA:662,0
DA:663,0
DA:665,12
DA:666,0
DA:667,0
DA:668,0
DA:669,0
DA:670,0
DA:671,0
DA:673,12
DA:674,0
DA:675,0
DA:676,0
DA:677,0
DA:678,0
DA:679,0
DA:681,12
DA:682,3
DA:683,3
DA:684,3
DA:685,3
DA:687,12
DA:688,12
BRDA:594,18,0,0
BRDA:596,41,0,0
BRDA:596,41,1,0
BRDA:603,80,0,0
BRDA:603,80,1,0
BRDA:603,99,0,0
BRDA:603,99,1,0
BRDA:594,18,1,12
BRDA:611,161,0,11
BRDA:613,188,0,1
BRDA:613,188,1,10
BRDA:621,230,0,0
BRDA:621,230,1,10
BRDA:621,249,0,10
BRDA:621,249,1,10
BRDA:611,161,1,1
BRDA:628,316,0,0
BRDA:630,343,0,0
BRDA:630,343,1,0
BRDA:638,385,0,0
BRDA:638,385,1,0
BRDA:638,404,0,0
BRDA:638,404,1,0
BRDA:628,316,1,12
BRDA:646,454,0,11
BRDA:646,454,1,1
BRDA:646,467,0,0
BRDA:646,467,1,12
BRDA:652,513,0,11
BRDA:652,513,1,12
BRDA:657,543,0,0
BRDA:659,562,0,0
BRDA:659,562,1,0
BRDA:659,667,1,0
BRDA:659,667,0,0
BRDA:657,543,1,12
BRDA:665,698,0,0
BRDA:667,717,0,0
BRDA:667,717,1,0
BRDA:667,822,1,0
BRDA:667,822,0,0
BRDA:665,698,1,12
BRDA:673,853,0,0
BRDA:675,872,0,0
BRDA:675,872,1,0
BRDA:675,977,1,0
BRDA:675,977,0,0
BRDA:673,853,1,12
BRDA:681,1002,0,6
BRDA:681,1002,1,6
BRDA:681,1020,0,3
BRDA:681,1020,1,12
FN:690,WireMock.ResponseBuilders.IResponseBuilder WireMock.Server.FluentMockServer::InitResponseBuilder(WireMock.Admin.Mappings.ResponseModel)
FNDA:11,WireMock.ResponseBuilders.IResponseBuilder WireMock.Server.FluentMockServer::InitResponseBuilder(WireMock.Admin.Mappings.ResponseModel)
DA:691,11
DA:692,11
DA:694,11
DA:695,0
DA:696,0
DA:697,0
DA:699,11
DA:700,0
DA:701,0
DA:702,0
DA:703,0
DA:706,0
DA:709,11
DA:710,10
DA:711,10
DA:712,10
DA:714,11
DA:715,9
DA:716,189
DA:717,81
DA:718,81
DA:719,81
DA:720,81
DA:721,81
DA:722,9
DA:723,2
DA:724,0
DA:725,0
DA:726,0
DA:727,0
DA:728,0
DA:729,0
DA:730,0
DA:731,0
DA:732,0
DA:734,11
DA:735,0
DA:736,0
DA:737,0
DA:738,11
DA:739,7
DA:740,7
DA:741,7
DA:742,4
DA:743,1
DA:744,1
DA:745,1
DA:746,3
DA:747,0
DA:748,0
DA:749,0
DA:750,3
DA:751,3
DA:752,3
DA:753,3
DA:755,11
DA:756,0
DA:757,0
DA:758,0
DA:760,11
DA:761,11
BRDA:694,37,0,0
BRDA:694,37,1,11
BRDA:699,80,0,0
BRDA:701,98,0,0
BRDA:701,98,1,0
BRDA:699,80,1,11
BRDA:709,164,0,10
BRDA:709,164,1,11
BRDA:714,202,0,9
BRDA:716,308,1,81
BRDA:718,246,0,0
BRDA:718,246,1,81
BRDA:716,308,0,9
BRDA:714,202,1,2
BRDA:723,344,0,0
BRDA:725,515,1,0
BRDA:725,515,0,0
BRDA:723,344,1,11
BRDA:734,531,0,0
BRDA:734,531,1,11
BRDA:738,584,0,7
BRDA:738,584,1,4
BRDA:742,637,0,1
BRDA:742,637,1,3
BRDA:746,716,0,0
BRDA:746,716,1,3
BRDA:750,760,0,3
BRDA:750,760,1,11
BRDA:755,788,0,0
BRDA:755,788,1,11
FN:763,WireMock.ResponseMessage WireMock.Server.FluentMockServer::ToJson(T,System.Boolean)
FNDA:5,WireMock.ResponseMessage WireMock.Server.FluentMockServer::ToJson(T,System.Boolean)
DA:764,5
DA:765,5
DA:766,5
DA:767,5
DA:768,5
DA:769,5
DA:770,5
DA:771,5
BRDA:765,15,0,5
BRDA:765,15,1,0
FN:773,System.Text.Encoding WireMock.Server.FluentMockServer::ToEncoding(WireMock.Admin.Mappings.EncodingModel)
FNDA:8,System.Text.Encoding WireMock.Server.FluentMockServer::ToEncoding(WireMock.Admin.Mappings.EncodingModel)
DA:774,8
DA:775,8
DA:776,8
BRDA:775,2,0,2
BRDA:775,2,1,6
FN:778,T WireMock.Server.FluentMockServer::DeserializeObject(WireMock.RequestMessage)
FNDA:4,T WireMock.Server.FluentMockServer::DeserializeObject(WireMock.RequestMessage)
DA:779,4
DA:780,4
DA:781,4
DA:782,4
DA:783,4
BRDA:780,7,0,0
BRDA:780,7,1,4
FN:41,System.Void WireMock.Server.FluentMockServer::.ctor(WireMock.Settings.IFluentMockServerSettings)
FNDA:47,System.Void WireMock.Server.FluentMockServer::.ctor(WireMock.Settings.IFluentMockServerSettings)
DA:42,47
DA:43,47
DA:45,47
DA:46,47
DA:47,47
DA:48,47
DA:49,47
DA:51,47
DA:52,47
DA:53,47
DA:54,47
DA:55,47
FN:237,System.Void WireMock.Server.FluentMockServer/<ProxyAndRecordAsync>d__19::MoveNext()
FNDA:0,System.Void WireMock.Server.FluentMockServer/<ProxyAndRecordAsync>d__19::MoveNext()
DA:238,0
DA:239,0
DA:240,0
DA:241,0
DA:243,0
DA:245,0
DA:246,0
DA:247,0
DA:248,0
DA:250,0
DA:251,0
DA:252,0
DA:253,0
DA:254,0
DA:256,0
DA:257,0
BRDA:243,136,0,0
BRDA:243,136,1,0
BRDA:245,252,0,0
BRDA:247,289,0,0
BRDA:247,289,1,0
BRDA:250,362,0,0
BRDA:250,362,1,0
BRDA:245,252,1,0
LF:513
LH:263
BRF:188
BRH:99
FNF:33
FNH:19
end_of_record
SF:C:\Users\azureuser\Documents\Github\WireMock.Net\src\WireMock.Net\Server\FluentMockServer.cs
FN:37,System.Boolean WireMock.Server.FluentMockServer::get_IsStarted()
FNDA:0,System.Boolean WireMock.Server.FluentMockServer::get_IsStarted()
DA:38,0
BRDA:38,6,0,0
BRDA:38,6,1,0
FN:43,System.Collections.Generic.List`1<System.Int32> WireMock.Server.FluentMockServer::get_Ports()
FNDA:20,System.Collections.Generic.List`1<System.Int32> WireMock.Server.FluentMockServer::get_Ports()
DA:44,20
FN:49,System.String[] WireMock.Server.FluentMockServer::get_Urls()
FNDA:64,System.String[] WireMock.Server.FluentMockServer::get_Urls()
DA:50,64
FN:55,System.Collections.Generic.IEnumerable`1<WireMock.IMapping> WireMock.Server.FluentMockServer::get_Mappings()
FNDA:18,System.Collections.Generic.IEnumerable`1<WireMock.IMapping> WireMock.Server.FluentMockServer::get_Mappings()
DA:56,18
FN:61,System.Collections.Concurrent.ConcurrentDictionary`2<System.String,WireMock.ScenarioState> WireMock.Server.FluentMockServer::get_Scenarios()
FNDA:13,System.Collections.Concurrent.ConcurrentDictionary`2<System.String,WireMock.ScenarioState> WireMock.Server.FluentMockServer::get_Scenarios()
DA:62,13
FN:68,System.Void WireMock.Server.FluentMockServer::Dispose()
FNDA:0,System.Void WireMock.Server.FluentMockServer::Dispose()
DA:69,0
DA:70,0
DA:71,0
DA:72,0
FN:78,System.Void WireMock.Server.FluentMockServer::Dispose(System.Boolean)
FNDA:0,System.Void WireMock.Server.FluentMockServer::Dispose(System.Boolean)
DA:79,0
DA:80,0
DA:81,0
DA:82,0
DA:83,0
DA:84,0
BRDA:80,12,0,0
BRDA:80,12,1,0
FN:94,WireMock.Server.FluentMockServer WireMock.Server.FluentMockServer::Start(WireMock.Settings.IFluentMockServerSettings)
FNDA:16,WireMock.Server.FluentMockServer WireMock.Server.FluentMockServer::Start(WireMock.Settings.IFluentMockServerSettings)
DA:95,16
DA:96,16
DA:98,16
DA:99,16
FN:108,WireMock.Server.FluentMockServer WireMock.Server.FluentMockServer::Start(System.Nullable`1<System.Int32>,System.Boolean)
FNDA:26,WireMock.Server.FluentMockServer WireMock.Server.FluentMockServer::Start(System.Nullable`1<System.Int32>,System.Boolean)
DA:109,26
DA:110,26
DA:111,26
DA:112,26
DA:113,26
DA:114,26
DA:115,26
FN:123,WireMock.Server.FluentMockServer WireMock.Server.FluentMockServer::Start(System.String[])
FNDA:1,WireMock.Server.FluentMockServer WireMock.Server.FluentMockServer::Start(System.String[])
DA:124,1
DA:125,1
DA:127,1
DA:128,1
DA:129,1
DA:130,1
DA:131,1
FN:140,WireMock.Server.FluentMockServer WireMock.Server.FluentMockServer::StartWithAdminInterface(System.Nullable`1<System.Int32>,System.Boolean)
FNDA:4,WireMock.Server.FluentMockServer WireMock.Server.FluentMockServer::StartWithAdminInterface(System.Nullable`1<System.Int32>,System.Boolean)
DA:141,4
DA:142,4
DA:143,4
DA:144,4
DA:145,4
DA:146,4
DA:147,4
DA:148,4
FN:156,WireMock.Server.FluentMockServer WireMock.Server.FluentMockServer::StartWithAdminInterface(System.String[])
FNDA:0,WireMock.Server.FluentMockServer WireMock.Server.FluentMockServer::StartWithAdminInterface(System.String[])
DA:157,0
DA:158,0
DA:160,0
DA:161,0
DA:162,0
DA:163,0
DA:164,0
DA:165,0
FN:173,WireMock.Server.FluentMockServer WireMock.Server.FluentMockServer::StartWithAdminInterfaceAndReadStaticMappings(System.String[])
FNDA:0,WireMock.Server.FluentMockServer WireMock.Server.FluentMockServer::StartWithAdminInterfaceAndReadStaticMappings(System.String[])
DA:174,0
DA:175,0
DA:177,0
DA:178,0
DA:179,0
DA:180,0
DA:181,0
DA:182,0
DA:183,0
FN:283,System.Void WireMock.Server.FluentMockServer::Stop()
FNDA:2,System.Void WireMock.Server.FluentMockServer::Stop()
DA:284,2
DA:285,2
DA:286,2
DA:287,2
BRDA:285,8,0,0
BRDA:285,8,1,2
BRDA:286,21,1,2
BRDA:286,21,0,2
FN:294,System.Void WireMock.Server.FluentMockServer::AddCatchAllMapping()
FNDA:0,System.Void WireMock.Server.FluentMockServer::AddCatchAllMapping()
DA:295,0
DA:296,0
DA:297,0
DA:298,0
DA:299,0
DA:300,0
BRDA:296,67,0,0
BRDA:296,67,1,0
FN:306,System.Void WireMock.Server.FluentMockServer::Reset()
FNDA:0,System.Void WireMock.Server.FluentMockServer::Reset()
DA:307,0
DA:308,0
DA:310,0
DA:311,0
FN:317,System.Void WireMock.Server.FluentMockServer::ResetMappings()
FNDA:2,System.Void WireMock.Server.FluentMockServer::ResetMappings()
DA:318,2
DA:319,18
DA:320,4
DA:321,4
DA:322,4
DA:323,2
BRDA:319,24,0,1
BRDA:319,24,1,2
BRDA:319,103,1,4
BRDA:319,103,0,2
FN:330,System.Boolean WireMock.Server.FluentMockServer::DeleteMapping(System.Guid)
FNDA:0,System.Boolean WireMock.Server.FluentMockServer::DeleteMapping(System.Guid)
DA:331,0
DA:333,0
DA:334,0
DA:335,0
DA:338,0
DA:339,0
BRDA:333,20,0,0
BRDA:333,20,1,0
FN:341,System.Boolean WireMock.Server.FluentMockServer::DeleteMapping(System.String)
FNDA:0,System.Boolean WireMock.Server.FluentMockServer::DeleteMapping(System.String)
DA:342,0
DA:344,0
DA:345,0
DA:346,0
FN:353,System.Void WireMock.Server.FluentMockServer::AddGlobalProcessingDelay(System.TimeSpan)
FNDA:1,System.Void WireMock.Server.FluentMockServer::AddGlobalProcessingDelay(System.TimeSpan)
DA:354,1
DA:355,1
DA:356,1
FN:362,System.Void WireMock.Server.FluentMockServer::AllowPartialMapping(System.Boolean)
FNDA:1,System.Void WireMock.Server.FluentMockServer::AllowPartialMapping(System.Boolean)
DA:363,1
DA:364,1
DA:365,1
DA:366,1
FN:374,System.Void WireMock.Server.FluentMockServer::SetBasicAuthentication(System.String,System.String)
FNDA:3,System.Void WireMock.Server.FluentMockServer::SetBasicAuthentication(System.String,System.String)
DA:375,3
DA:376,3
DA:377,3
DA:379,3
DA:380,3
DA:381,3
FN:387,System.Void WireMock.Server.FluentMockServer::RemoveBasicAuthentication()
FNDA:1,System.Void WireMock.Server.FluentMockServer::RemoveBasicAuthentication()
DA:388,1
DA:389,1
DA:390,1
FN:397,System.Void WireMock.Server.FluentMockServer::SetMaxRequestLogCount(System.Nullable`1<System.Int32>)
FNDA:1,System.Void WireMock.Server.FluentMockServer::SetMaxRequestLogCount(System.Nullable`1<System.Int32>)
DA:398,1
DA:399,1
DA:400,1
FN:407,System.Void WireMock.Server.FluentMockServer::SetRequestLogExpirationDuration(System.Nullable`1<System.Int32>)
FNDA:1,System.Void WireMock.Server.FluentMockServer::SetRequestLogExpirationDuration(System.Nullable`1<System.Int32>)
DA:408,1
DA:409,1
DA:410,1
FN:416,System.Void WireMock.Server.FluentMockServer::ResetScenarios()
FNDA:0,System.Void WireMock.Server.FluentMockServer::ResetScenarios()
DA:417,0
DA:418,0
DA:419,0
FN:427,WireMock.Server.IRespondWithAProvider WireMock.Server.FluentMockServer::Given(WireMock.Matchers.Request.IRequestMatcher)
FNDA:249,WireMock.Server.IRespondWithAProvider WireMock.Server.FluentMockServer::Given(WireMock.Matchers.Request.IRequestMatcher)
DA:428,249
DA:429,249
DA:430,249
FN:432,System.Void WireMock.Server.FluentMockServer::RegisterMapping(WireMock.IMapping)
FNDA:249,System.Void WireMock.Server.FluentMockServer::RegisterMapping(WireMock.IMapping)
DA:433,249
DA:435,249
DA:436,1
DA:437,1
DA:438,1
DA:440,248
DA:441,248
DA:442,248
DA:443,249
BRDA:435,25,0,1
BRDA:435,25,1,248
FN:31,System.Void WireMock.Server.FluentMockServer::.ctor(WireMock.Settings.IFluentMockServerSettings)
FNDA:47,System.Void WireMock.Server.FluentMockServer::.ctor(WireMock.Settings.IFluentMockServerSettings)
DA:32,47
DA:185,47
DA:186,47
DA:187,47
DA:189,47
DA:190,47
DA:192,47
DA:193,47
DA:195,47
DA:196,1
DA:197,1
DA:198,1
DA:200,46
DA:201,46
DA:202,46
DA:203,46
DA:205,47
DA:206,47
DA:207,47
DA:210,47
DA:214,47
DA:216,47
DA:218,47
DA:219,47
DA:220,480
DA:221,433
DA:223,433
DA:224,0
DA:225,0
DA:229,433
DA:230,0
DA:231,0
DA:234,433
DA:235,433
DA:236,47
DA:238,47
DA:239,1
DA:240,1
DA:241,1
DA:243,47
DA:244,11
DA:245,11
DA:246,1
DA:247,1
DA:248,1
DA:250,11
DA:251,11
DA:253,47
DA:254,0
DA:255,0
DA:256,0
DA:258,47
DA:259,0
DA:260,0
DA:261,0
DA:263,47
DA:264,2
DA:265,2
DA:266,2
DA:268,47
DA:269,1
DA:270,1
DA:271,1
DA:273,47
DA:274,0
DA:275,0
DA:276,0
DA:277,47
BRDA:187,117,0,0
BRDA:187,117,1,47
BRDA:190,151,0,0
BRDA:190,151,1,47
BRDA:195,230,0,1
BRDA:195,230,1,46
BRDA:201,284,0,46
BRDA:201,284,1,0
BRDA:202,352,0,46
BRDA:202,352,1,0
BRDA:220,664,1,433
BRDA:223,528,0,0
BRDA:223,528,1,433
BRDA:229,585,0,0
BRDA:229,585,1,433
BRDA:220,664,0,47
BRDA:238,719,0,1
BRDA:238,719,1,47
BRDA:243,765,0,11
BRDA:245,779,0,1
BRDA:245,779,1,10
BRDA:245,802,0,1
BRDA:245,802,1,11
BRDA:243,765,1,47
BRDA:253,867,0,0
BRDA:253,867,1,47
BRDA:258,913,0,0
BRDA:258,913,1,47
BRDA:263,938,0,2
BRDA:263,938,1,47
BRDA:268,968,0,1
BRDA:268,968,1,47
BRDA:273,1003,0,0
BRDA:273,1003,1,47
LF:193
LH:129
BRF:52
BRH:34
FNF:29
FNH:19
end_of_record
SF:C:\Users\azureuser\Documents\Github\WireMock.Net\src\WireMock.Net\Server\FluentMockServer.LogEntries.cs
FN:21,System.Void WireMock.Server.FluentMockServer::add_LogEntriesChanged(System.Collections.Specialized.NotifyCollectionChangedEventHandler)
FNDA:2,System.Void WireMock.Server.FluentMockServer::add_LogEntriesChanged(System.Collections.Specialized.NotifyCollectionChangedEventHandler)
DA:22,2
FN:22,System.Void WireMock.Server.FluentMockServer::remove_LogEntriesChanged(System.Collections.Specialized.NotifyCollectionChangedEventHandler)
FNDA:0,System.Void WireMock.Server.FluentMockServer::remove_LogEntriesChanged(System.Collections.Specialized.NotifyCollectionChangedEventHandler)
DA:23,0
FN:29,System.Collections.Generic.IEnumerable`1<WireMock.Logging.LogEntry> WireMock.Server.FluentMockServer::get_LogEntries()
FNDA:10,System.Collections.Generic.IEnumerable`1<WireMock.Logging.LogEntry> WireMock.Server.FluentMockServer::get_LogEntries()
DA:30,10
FN:38,System.Collections.Generic.IEnumerable`1<WireMock.Logging.LogEntry> WireMock.Server.FluentMockServer::FindLogEntries(WireMock.Matchers.Request.IRequestMatcher[])
FNDA:0,System.Collections.Generic.IEnumerable`1<WireMock.Logging.LogEntry> WireMock.Server.FluentMockServer::FindLogEntries(WireMock.Matchers.Request.IRequestMatcher[])
DA:39,0
DA:40,0
DA:42,0
DA:43,0
DA:44,0
DA:45,0
DA:46,0
DA:47,0
DA:48,0
DA:50,0
DA:51,0
DA:52,0
DA:53,0
DA:54,0
DA:56,0
DA:57,0
BRDA:42,129,1,0
BRDA:45,86,1,0
BRDA:45,86,0,0
BRDA:50,109,0,0
BRDA:50,109,1,0
BRDA:42,129,0,0
BRDA:56,151,0,0
BRDA:56,151,1,0
BRDA:56,187,0,0
BRDA:56,187,1,0
FN:63,System.Void WireMock.Server.FluentMockServer::ResetLogEntries()
FNDA:1,System.Void WireMock.Server.FluentMockServer::ResetLogEntries()
DA:64,1
DA:65,1
DA:66,1
FN:73,System.Boolean WireMock.Server.FluentMockServer::DeleteLogEntry(System.Guid)
FNDA:0,System.Boolean WireMock.Server.FluentMockServer::DeleteLogEntry(System.Guid)
DA:74,0
DA:76,0
DA:77,0
DA:78,0
DA:79,0
DA:80,0
DA:83,0
DA:84,0
BRDA:77,49,0,0
BRDA:77,49,1,0
LF:30
LH:5
BRF:12
BRH:0
FNF:6
FNH:3
end_of_record
SF:C:\Users\azureuser\Documents\Github\WireMock.Net\src\WireMock.Net\Server\RespondWithAProvider.cs
FN:20,System.Guid WireMock.Server.RespondWithAProvider::get_Guid()
FNDA:523,System.Guid WireMock.Server.RespondWithAProvider::get_Guid()
DA:21,523
FN:38,System.Void WireMock.Server.RespondWithAProvider::RespondWith(WireMock.ResponseProviders.IResponseProvider)
FNDA:249,System.Void WireMock.Server.RespondWithAProvider::RespondWith(WireMock.ResponseProviders.IResponseProvider)
DA:39,249
DA:40,249
DA:41,249
FN:44,WireMock.Server.IRespondWithAProvider WireMock.Server.RespondWithAProvider::WithGuid(System.String)
FNDA:2,WireMock.Server.IRespondWithAProvider WireMock.Server.RespondWithAProvider::WithGuid(System.String)
DA:45,2
DA:46,2
DA:47,2
FN:50,WireMock.Server.IRespondWithAProvider WireMock.Server.RespondWithAProvider::WithGuid(System.Guid)
FNDA:14,WireMock.Server.IRespondWithAProvider WireMock.Server.RespondWithAProvider::WithGuid(System.Guid)
DA:51,14
DA:52,14
DA:54,14
DA:55,14
FN:58,WireMock.Server.IRespondWithAProvider WireMock.Server.RespondWithAProvider::WithTitle(System.String)
FNDA:4,WireMock.Server.IRespondWithAProvider WireMock.Server.RespondWithAProvider::WithTitle(System.String)
DA:59,4
DA:60,4
DA:62,4
DA:63,4
FN:66,WireMock.Server.IRespondWithAProvider WireMock.Server.RespondWithAProvider::WithPath(System.String)
FNDA:10,WireMock.Server.IRespondWithAProvider WireMock.Server.RespondWithAProvider::WithPath(System.String)
DA:67,10
DA:68,10
DA:70,10
DA:71,10
FN:74,WireMock.Server.IRespondWithAProvider WireMock.Server.RespondWithAProvider::AtPriority(System.Int32)
FNDA:222,WireMock.Server.IRespondWithAProvider WireMock.Server.RespondWithAProvider::AtPriority(System.Int32)
DA:75,222
DA:76,222
DA:78,222
DA:79,222
FN:82,WireMock.Server.IRespondWithAProvider WireMock.Server.RespondWithAProvider::InScenario(System.String)
FNDA:10,WireMock.Server.IRespondWithAProvider WireMock.Server.RespondWithAProvider::InScenario(System.String)
DA:83,10
DA:84,10
DA:86,10
DA:87,10
FN:90,WireMock.Server.IRespondWithAProvider WireMock.Server.RespondWithAProvider::WhenStateIs(System.String)
FNDA:6,WireMock.Server.IRespondWithAProvider WireMock.Server.RespondWithAProvider::WhenStateIs(System.String)
DA:91,6
DA:92,6
DA:93,0
DA:94,0
DA:97,6
DA:99,6
DA:100,6
BRDA:92,14,0,0
BRDA:92,14,1,6
FN:103,WireMock.Server.IRespondWithAProvider WireMock.Server.RespondWithAProvider::WillSetStateTo(System.String)
FNDA:5,WireMock.Server.IRespondWithAProvider WireMock.Server.RespondWithAProvider::WillSetStateTo(System.String)
DA:104,5
DA:105,5
DA:106,0
DA:107,0
DA:110,5
DA:112,5
DA:113,5
BRDA:105,14,0,0
BRDA:105,14,1,5
FN:27,System.Void WireMock.Server.RespondWithAProvider::.ctor(WireMock.RegistrationCallback,WireMock.Matchers.Request.IRequestMatcher)
FNDA:249,System.Void WireMock.Server.RespondWithAProvider::.ctor(WireMock.RegistrationCallback,WireMock.Matchers.Request.IRequestMatcher)
DA:28,249
DA:29,249
DA:30,249
DA:31,249
DA:32,249
LF:46
LH:42
BRF:4
BRH:2
FNF:11
FNH:11
end_of_record
SF:C:\Users\azureuser\Documents\Github\WireMock.Net\src\WireMock.Net\Serialization\LogEntryMapper.cs
FN:10,WireMock.Admin.Requests.LogEntryModel WireMock.Serialization.LogEntryMapper::Map(WireMock.Logging.LogEntry)
FNDA:54,WireMock.Admin.Requests.LogEntryModel WireMock.Serialization.LogEntryMapper::Map(WireMock.Logging.LogEntry)
DA:11,54
DA:12,54
DA:13,54
DA:14,54
DA:15,54
DA:16,54
DA:17,54
DA:18,54
DA:19,54
DA:20,54
DA:21,54
DA:22,54
DA:23,54
DA:24,54
DA:25,54
DA:26,54
DA:27,54
DA:28,54
DA:29,54
DA:30,54
DA:31,54
DA:32,54
DA:33,54
DA:34,54
DA:35,54
DA:36,54
DA:37,54
DA:38,54
DA:39,54
DA:40,54
DA:41,54
DA:42,54
DA:43,54
DA:44,54
DA:45,54
DA:46,54
DA:47,54
DA:48,54
DA:49,54
DA:50,54
DA:51,54
DA:52,54
DA:53,54
DA:54,54
DA:55,54
DA:56,54
DA:57,54
DA:58,54
DA:59,54
DA:60,54
DA:61,54
DA:62,54
DA:63,134
DA:64,134
DA:65,134
DA:66,134
DA:67,134
DA:68,54
DA:69,54
DA:70,54
BRDA:12,271,0,45
BRDA:12,271,1,9
BRDA:12,542,0,0
BRDA:12,542,1,54
BRDA:12,666,0,19
BRDA:12,666,1,35
BRDA:12,769,0,1
BRDA:12,769,1,35
LF:60
LH:60
BRF:8
BRH:7
FNF:1
FNH:1
end_of_record
SF:C:\Users\azureuser\Documents\Github\WireMock.Net\src\WireMock.Net\Serialization\MappingConverter.cs
FN:13,WireMock.Admin.Mappings.MappingModel WireMock.Serialization.MappingConverter::ToMappingModel(WireMock.IMapping)
FNDA:2,WireMock.Admin.Mappings.MappingModel WireMock.Serialization.MappingConverter::ToMappingModel(WireMock.IMapping)
DA:14,2
DA:15,2
DA:16,2
DA:18,2
DA:19,2
DA:20,2
DA:21,2
DA:22,2
DA:23,2
DA:24,2
DA:25,2
DA:27,2
DA:28,2
DA:29,2
DA:30,2
DA:31,2
DA:32,2
DA:33,2
DA:34,2
DA:35,2
DA:36,2
DA:37,2
DA:38,2
DA:39,2
DA:40,2
DA:41,2
DA:42,2
DA:43,2
DA:44,4
DA:45,2
DA:46,2
DA:47,2
DA:48,2
DA:49,2
DA:50,2
DA:51,2
DA:52,2
DA:53,2
DA:54,2
DA:55,2
DA:56,2
DA:57,2
DA:58,2
DA:59,2
DA:60,2
DA:61,2
DA:62,2
DA:63,2
DA:64,2
DA:65,2
DA:66,2
DA:67,2
DA:68,2
DA:69,2
DA:70,2
DA:71,2
DA:72,2
DA:73,2
DA:74,2
DA:75,2
DA:76,2
DA:77,2
DA:78,2
DA:79,2
DA:80,2
DA:81,2
DA:83,2
DA:84,0
DA:85,0
DA:86,0
DA:87,0
DA:88,0
DA:89,0
DA:90,0
DA:91,0
DA:92,0
DA:93,0
DA:94,0
DA:95,0
DA:96,0
DA:97,0
DA:99,2
DA:100,2
DA:101,2
DA:102,2
DA:103,2
DA:104,2
DA:105,2
DA:106,2
DA:107,2
DA:108,2
DA:109,2
DA:111,2
DA:112,0
DA:113,0
DA:114,0
DA:115,0
DA:116,0
DA:117,0
DA:118,0
DA:119,0
DA:120,2
DA:122,2
DA:123,2
BRDA:27,188,0,2
BRDA:27,188,1,2
BRDA:27,196,0,2
BRDA:27,196,1,0
BRDA:27,214,0,0
BRDA:27,214,1,0
BRDA:27,250,0,0
BRDA:27,250,1,0
BRDA:27,299,0,2
BRDA:27,299,1,1
BRDA:27,307,0,1
BRDA:27,307,1,1
BRDA:27,325,0,1
BRDA:27,325,1,1
BRDA:27,361,0,1
BRDA:27,361,1,1
BRDA:27,411,0,2
BRDA:27,411,1,2
BRDA:27,420,0,2
BRDA:27,420,1,0
BRDA:27,439,0,0
BRDA:27,439,1,0
BRDA:27,475,0,0
BRDA:27,475,1,0
BRDA:27,525,0,2
BRDA:27,525,1,0
BRDA:27,546,0,2
BRDA:27,546,1,2
BRDA:27,555,0,2
BRDA:27,555,1,0
BRDA:27,568,0,0
BRDA:27,568,1,0
BRDA:27,612,0,2
BRDA:27,612,1,2
BRDA:27,621,0,2
BRDA:27,621,1,0
BRDA:27,634,0,0
BRDA:27,634,1,0
BRDA:27,678,0,2
BRDA:27,678,1,2
BRDA:27,687,0,2
BRDA:27,687,1,0
BRDA:27,700,0,0
BRDA:27,700,1,0
BRDA:27,744,0,2
BRDA:27,744,1,0
BRDA:27,756,0,0
BRDA:27,771,0,0
BRDA:27,771,1,0
BRDA:27,756,1,2
BRDA:27,801,0,2
BRDA:27,811,0,2
BRDA:27,811,1,0
BRDA:27,801,1,0
BRDA:27,872,0,2
BRDA:27,872,1,0
BRDA:83,938,0,0
BRDA:83,938,1,2
BRDA:111,1407,0,2
BRDA:111,1407,1,0
BRDA:111,1442,0,0
BRDA:111,1442,1,2
FN:125,System.Collections.Generic.IDictionary`2<System.String,System.Object> WireMock.Serialization.MappingConverter::Map(System.Collections.Generic.IDictionary`2<System.String,WireMock.Util.WireMockList`1<System.String>>)
FNDA:2,System.Collections.Generic.IDictionary`2<System.String,System.Object> WireMock.Serialization.MappingConverter::Map(System.Collections.Generic.IDictionary`2<System.String,WireMock.Util.WireMockList`1<System.String>>)
DA:126,2
DA:127,2
DA:128,2
DA:129,2
DA:132,0
DA:133,0
DA:134,0
DA:135,0
DA:136,0
DA:137,0
DA:139,0
DA:140,2
BRDA:127,2,0,2
BRDA:127,2,1,0
BRDA:127,18,0,2
BRDA:127,18,1,0
BRDA:133,111,1,0
BRDA:135,63,0,0
BRDA:135,63,1,0
BRDA:133,111,0,0
LF:116
LH:87
BRF:70
BRH:34
FNF:2
FNH:2
end_of_record
SF:C:\Users\azureuser\Documents\Github\WireMock.Net\src\WireMock.Net\Serialization\MatcherMapper.cs
FN:13,WireMock.Matchers.IMatcher WireMock.Serialization.MatcherMapper::Map(WireMock.Admin.Mappings.MatcherModel)
FNDA:26,WireMock.Matchers.IMatcher WireMock.Serialization.MatcherMapper::Map(WireMock.Admin.Mappings.MatcherModel)
DA:14,26
DA:15,26
DA:16,2
DA:17,2
DA:20,24
DA:21,24
DA:22,24
DA:24,24
DA:25,24
DA:27,24
DA:30,2
DA:33,11
DA:36,1
DA:39,0
DA:42,0
DA:45,0
DA:48,5
DA:51,3
DA:52,3
DA:53,1
DA:54,1
DA:57,2
DA:60,2
DA:62,23
BRDA:15,9,0,2
BRDA:15,9,1,24
BRDA:22,51,0,22
BRDA:22,51,1,2
BRDA:24,66,0,19
BRDA:24,66,1,5
BRDA:25,137,0,24
BRDA:25,137,1,0
BRDA:27,164,0,8
BRDA:27,173,0,5
BRDA:27,182,0,5
BRDA:27,173,1,3
BRDA:27,213,0,3
BRDA:27,164,1,16
BRDA:27,241,0,1
BRDA:27,250,0,1
BRDA:27,241,1,15
BRDA:27,278,0,4
BRDA:27,227,1,2
BRDA:27,278,1,11
BRDA:27,264,1,1
BRDA:27,213,1,0
BRDA:27,182,1,0
BRDA:27,250,1,0
BRDA:27,196,1,5
BRDA:27,289,1,3
BRDA:27,311,1,2
BRDA:27,333,1,11
BRDA:27,355,1,1
BRDA:27,377,1,0
BRDA:27,399,1,0
BRDA:27,421,1,0
BRDA:27,443,1,5
BRDA:27,465,1,3
BRDA:52,674,0,2
BRDA:52,674,1,1
BRDA:52,694,0,1
BRDA:52,694,1,2
BRDA:27,196,0,2
BRDA:27,227,0,2
BRDA:27,264,0,2
BRDA:27,289,0,2
BRDA:27,311,0,2
BRDA:27,333,0,2
BRDA:27,355,0,2
BRDA:27,377,0,2
BRDA:27,399,0,2
BRDA:27,421,0,2
BRDA:27,443,0,2
BRDA:27,465,0,2
FN:64,WireMock.Admin.Mappings.MatcherModel[] WireMock.Serialization.MatcherMapper::Map(System.Collections.Generic.IEnumerable`1<WireMock.Matchers.IMatcher>)
FNDA:3,WireMock.Admin.Mappings.MatcherModel[] WireMock.Serialization.MatcherMapper::Map(System.Collections.Generic.IEnumerable`1<WireMock.Matchers.IMatcher>)
DA:65,3
DA:66,6
DA:67,3
BRDA:66,2,0,1
BRDA:66,2,1,2
BRDA:66,31,0,1
BRDA:66,31,1,2
FN:69,WireMock.Admin.Mappings.MatcherModel WireMock.Serialization.MatcherMapper::Map(WireMock.Matchers.IMatcher)
FNDA:8,WireMock.Admin.Mappings.MatcherModel WireMock.Serialization.MatcherMapper::Map(WireMock.Matchers.IMatcher)
DA:70,8
DA:71,8
DA:72,2
DA:73,2
DA:79,6
DA:80,6
DA:81,6
DA:82,6
DA:83,6
DA:84,6
DA:86,6
DA:87,6
DA:88,6
DA:89,6
DA:90,6
DA:91,6
DA:92,6
DA:93,6
DA:94,8
BRDA:71,9,0,2
BRDA:71,9,1,6
BRDA:79,28,0,1
BRDA:79,38,0,1
BRDA:79,38,1,0
BRDA:79,28,1,5
BRDA:83,91,0,4
BRDA:83,91,1,2
BRDA:84,125,0,6
BRDA:84,125,1,0
BRDA:86,187,0,4
BRDA:86,187,1,2
BRDA:86,209,0,5
BRDA:86,209,1,1
LF:46
LH:43
BRF:68
BRH:59
FNF:3
FNH:3
end_of_record
SF:C:\Users\azureuser\Documents\Github\WireMock.Net\src\WireMock.Net\ResponseProviders\DynamicAsyncResponseProvider.cs
FN:19,System.Threading.Tasks.Task`1<WireMock.ResponseMessage> WireMock.ResponseProviders.DynamicAsyncResponseProvider::ProvideResponseAsync(WireMock.RequestMessage)
FNDA:0,System.Threading.Tasks.Task`1<WireMock.ResponseMessage> WireMock.ResponseProviders.DynamicAsyncResponseProvider::ProvideResponseAsync(WireMock.RequestMessage)
DA:20,0
DA:21,0
DA:22,0
FN:11,System.Void WireMock.ResponseProviders.DynamicAsyncResponseProvider::.ctor(System.Func`2<WireMock.RequestMessage,System.Threading.Tasks.Task`1<WireMock.ResponseMessage>>)
FNDA:0,System.Void WireMock.ResponseProviders.DynamicAsyncResponseProvider::.ctor(System.Func`2<WireMock.RequestMessage,System.Threading.Tasks.Task`1<WireMock.ResponseMessage>>)
DA:12,0
DA:13,0
DA:14,0
DA:16,0
DA:17,0
LF:8
LH:0
BRF:0
BRH:0
FNF:2
FNH:0
end_of_record
SF:C:\Users\azureuser\Documents\Github\WireMock.Net\src\WireMock.Net\ResponseProviders\DynamicResponseProvider.cs
FN:19,System.Threading.Tasks.Task`1<WireMock.ResponseMessage> WireMock.ResponseProviders.DynamicResponseProvider::ProvideResponseAsync(WireMock.RequestMessage)
[...]
DA:26,64
FN:30,System.String WireMock.Admin.Requests.LogRequestModel::get_AbsolutePath()
FNDA:62,System.String WireMock.Admin.Requests.LogRequestModel::get_AbsolutePath()
DA:31,62
FN:35,System.String WireMock.Admin.Requests.LogRequestModel::get_Url()
FNDA:62,System.String WireMock.Admin.Requests.LogRequestModel::get_Url()
DA:36,62
FN:40,System.String WireMock.Admin.Requests.LogRequestModel::get_AbsoluteUrl()
FNDA:62,System.String WireMock.Admin.Requests.LogRequestModel::get_AbsoluteUrl()
DA:41,62
FN:45,System.Collections.Generic.IDictionary`2<System.String,WireMock.Util.WireMockList`1<System.String>> WireMock.Admin.Requests.LogRequestModel::get_Query()
FNDA:58,System.Collections.Generic.IDictionary`2<System.String,WireMock.Util.WireMockList`1<System.String>> WireMock.Admin.Requests.LogRequestModel::get_Query()
DA:46,58
FN:50,System.String WireMock.Admin.Requests.LogRequestModel::get_Method()
FNDA:66,System.String WireMock.Admin.Requests.LogRequestModel::get_Method()
DA:51,66
FN:55,System.Collections.Generic.IDictionary`2<System.String,WireMock.Util.WireMockList`1<System.String>> WireMock.Admin.Requests.LogRequestModel::get_Headers()
FNDA:66,System.Collections.Generic.IDictionary`2<System.String,WireMock.Util.WireMockList`1<System.String>> WireMock.Admin.Requests.LogRequestModel::get_Headers()
DA:56,66
FN:60,System.Collections.Generic.IDictionary`2<System.String,System.String> WireMock.Admin.Requests.LogRequestModel::get_Cookies()
FNDA:58,System.Collections.Generic.IDictionary`2<System.String,System.String> WireMock.Admin.Requests.LogRequestModel::get_Cookies()
DA:61,58
FN:65,System.String WireMock.Admin.Requests.LogRequestModel::get_Body()
FNDA:66,System.String WireMock.Admin.Requests.LogRequestModel::get_Body()
DA:66,66
FN:70,System.Object WireMock.Admin.Requests.LogRequestModel::get_BodyAsJson()
FNDA:62,System.Object WireMock.Admin.Requests.LogRequestModel::get_BodyAsJson()
DA:71,62
FN:75,System.Byte[] WireMock.Admin.Requests.LogRequestModel::get_BodyAsBytes()
FNDA:58,System.Byte[] WireMock.Admin.Requests.LogRequestModel::get_BodyAsBytes()
DA:76,58
FN:80,WireMock.Admin.Mappings.EncodingModel WireMock.Admin.Requests.LogRequestModel::get_BodyEncoding()
FNDA:62,WireMock.Admin.Mappings.EncodingModel WireMock.Admin.Requests.LogRequestModel::get_BodyEncoding()
DA:81,62
LF:14
LH:14
BRF:0
BRH:0
FNF:14
FNH:14
end_of_record
SF:C:\Users\azureuser\Documents\Github\WireMock.Net\src\WireMock.Net\Admin\Requests\LogResponseModel.cs
FN:14,System.Int32 WireMock.Admin.Requests.LogResponseModel::get_StatusCode()
FNDA:120,System.Int32 WireMock.Admin.Requests.LogResponseModel::get_StatusCode()
DA:15,120
FN:19,System.Collections.Generic.IDictionary`2<System.String,WireMock.Util.WireMockList`1<System.String>> WireMock.Admin.Requests.LogResponseModel::get_Headers()
FNDA:66,System.Collections.Generic.IDictionary`2<System.String,WireMock.Util.WireMockList`1<System.String>> WireMock.Admin.Requests.LogResponseModel::get_Headers()
DA:20,66
FN:24,System.String WireMock.Admin.Requests.LogResponseModel::get_BodyDestination()
FNDA:58,System.String WireMock.Admin.Requests.LogResponseModel::get_BodyDestination()
DA:25,58
FN:29,System.String WireMock.Admin.Requests.LogResponseModel::get_Body()
FNDA:58,System.String WireMock.Admin.Requests.LogResponseModel::get_Body()
DA:30,58
FN:34,System.Object WireMock.Admin.Requests.LogResponseModel::get_BodyAsJson()
FNDA:66,System.Object WireMock.Admin.Requests.LogResponseModel::get_BodyAsJson()
DA:35,66
FN:39,System.Byte[] WireMock.Admin.Requests.LogResponseModel::get_BodyAsBytes()
FNDA:58,System.Byte[] WireMock.Admin.Requests.LogResponseModel::get_BodyAsBytes()
DA:40,58
FN:44,System.String WireMock.Admin.Requests.LogResponseModel::get_BodyAsFile()
FNDA:58,System.String WireMock.Admin.Requests.LogResponseModel::get_BodyAsFile()
DA:45,58
FN:49,System.Nullable`1<System.Boolean> WireMock.Admin.Requests.LogResponseModel::get_BodyAsFileIsCached()
FNDA:58,System.Nullable`1<System.Boolean> WireMock.Admin.Requests.LogResponseModel::get_BodyAsFileIsCached()
DA:50,58
FN:54,System.String WireMock.Admin.Requests.LogResponseModel::get_BodyOriginal()
FNDA:58,System.String WireMock.Admin.Requests.LogResponseModel::get_BodyOriginal()
DA:55,58
FN:59,WireMock.Admin.Mappings.EncodingModel WireMock.Admin.Requests.LogResponseModel::get_BodyEncoding()
FNDA:66,WireMock.Admin.Mappings.EncodingModel WireMock.Admin.Requests.LogResponseModel::get_BodyEncoding()
DA:60,66
LF:10
LH:10
BRF:0
BRH:0
FNF:10
FNH:10
end_of_record
SF:C:\Users\azureuser\Documents\Github\WireMock.Net\src\WireMock.Net\Admin\Mappings\BodyModel.cs
FN:10,WireMock.Admin.Mappings.MatcherModel WireMock.Admin.Mappings.BodyModel::get_Matcher()
FNDA:18,WireMock.Admin.Mappings.MatcherModel WireMock.Admin.Mappings.BodyModel::get_Matcher()
DA:11,18
LF:1
LH:1
BRF:0
BRH:0
FNF:1
FNH:1
end_of_record
SF:C:\Users\azureuser\Documents\Github\WireMock.Net\src\WireMock.Net\Admin\Mappings\ClientIPModel.cs
FN:10,WireMock.Admin.Mappings.MatcherModel[] WireMock.Admin.Mappings.ClientIPModel::get_Matchers()
FNDA:0,WireMock.Admin.Mappings.MatcherModel[] WireMock.Admin.Mappings.ClientIPModel::get_Matchers()
DA:11,0
LF:1
LH:0
BRF:0
BRH:0
FNF:1
FNH:0
end_of_record
SF:C:\Users\azureuser\Documents\Github\WireMock.Net\src\WireMock.Net\Admin\Mappings\CookieModel.cs
FN:12,System.String WireMock.Admin.Mappings.CookieModel::get_Name()
FNDA:0,System.String WireMock.Admin.Mappings.CookieModel::get_Name()
DA:13,0
FN:17,System.Collections.Generic.IList`1<WireMock.Admin.Mappings.MatcherModel> WireMock.Admin.Mappings.CookieModel::get_Matchers()
FNDA:0,System.Collections.Generic.IList`1<WireMock.Admin.Mappings.MatcherModel> WireMock.Admin.Mappings.CookieModel::get_Matchers()
DA:18,0
LF:2
LH:0
BRF:0
BRH:0
FNF:2
FNH:0
end_of_record
SF:C:\Users\azureuser\Documents\Github\WireMock.Net\src\WireMock.Net\Admin\Mappings\EncodingModel.cs
FN:10,System.Int32 WireMock.Admin.Mappings.EncodingModel::get_CodePage()
FNDA:87,System.Int32 WireMock.Admin.Mappings.EncodingModel::get_CodePage()
DA:11,87
FN:15,System.String WireMock.Admin.Mappings.EncodingModel::get_EncodingName()
FNDA:81,System.String WireMock.Admin.Mappings.EncodingModel::get_EncodingName()
DA:16,81
FN:20,System.String WireMock.Admin.Mappings.EncodingModel::get_WebName()
FNDA:81,System.String WireMock.Admin.Mappings.EncodingModel::get_WebName()
DA:21,81
LF:3
LH:3
BRF:0
BRH:0
FNF:3
FNH:3
end_of_record
SF:C:\Users\azureuser\Documents\Github\WireMock.Net\src\WireMock.Net\Admin\Mappings\HeaderModel.cs
FN:12,System.String WireMock.Admin.Mappings.HeaderModel::get_Name()
FNDA:0,System.String WireMock.Admin.Mappings.HeaderModel::get_Name()
DA:13,0
FN:17,System.Collections.Generic.IList`1<WireMock.Admin.Mappings.MatcherModel> WireMock.Admin.Mappings.HeaderModel::get_Matchers()
FNDA:0,System.Collections.Generic.IList`1<WireMock.Admin.Mappings.MatcherModel> WireMock.Admin.Mappings.HeaderModel::get_Matchers()
DA:18,0
LF:2
LH:0
BRF:0
BRH:0
FNF:2
FNH:0
end_of_record
SF:C:\Users\azureuser\Documents\Github\WireMock.Net\src\WireMock.Net\Admin\Mappings\MappingModel.cs
FN:12,System.Nullable`1<System.Guid> WireMock.Admin.Mappings.MappingModel::get_Guid()
FNDA:25,System.Nullable`1<System.Guid> WireMock.Admin.Mappings.MappingModel::get_Guid()
DA:13,25
FN:17,System.String WireMock.Admin.Mappings.MappingModel::get_Title()
FNDA:24,System.String WireMock.Admin.Mappings.MappingModel::get_Title()
DA:18,24
FN:22,System.Nullable`1<System.Int32> WireMock.Admin.Mappings.MappingModel::get_Priority()
FNDA:36,System.Nullable`1<System.Int32> WireMock.Admin.Mappings.MappingModel::get_Priority()
DA:23,36
FN:27,System.String WireMock.Admin.Mappings.MappingModel::get_Scenario()
FNDA:16,System.String WireMock.Admin.Mappings.MappingModel::get_Scenario()
DA:28,16
FN:32,System.String WireMock.Admin.Mappings.MappingModel::get_WhenStateIs()
FNDA:5,System.String WireMock.Admin.Mappings.MappingModel::get_WhenStateIs()
DA:33,5
FN:38,System.String WireMock.Admin.Mappings.MappingModel::get_SetStateTo()
FNDA:5,System.String WireMock.Admin.Mappings.MappingModel::get_SetStateTo()
DA:39,5
FN:43,WireMock.Admin.Mappings.RequestModel WireMock.Admin.Mappings.MappingModel::get_Request()
FNDA:49,WireMock.Admin.Mappings.RequestModel WireMock.Admin.Mappings.MappingModel::get_Request()
DA:44,49
FN:48,WireMock.Admin.Mappings.ResponseModel WireMock.Admin.Mappings.MappingModel::get_Response()
FNDA:69,WireMock.Admin.Mappings.ResponseModel WireMock.Admin.Mappings.MappingModel::get_Response()
DA:49,69
LF:8
LH:8
BRF:0
BRH:0
FNF:8
FNH:8
end_of_record
SF:C:\Users\azureuser\Documents\Github\WireMock.Net\src\WireMock.Net\Admin\Mappings\MatcherModel.cs
FN:10,System.String WireMock.Admin.Mappings.MatcherModel::get_Name()
FNDA:57,System.String WireMock.Admin.Mappings.MatcherModel::get_Name()
DA:11,57
FN:15,System.Object WireMock.Admin.Mappings.MatcherModel::get_Pattern()
FNDA:48,System.Object WireMock.Admin.Mappings.MatcherModel::get_Pattern()
DA:16,48
FN:20,System.Object[] WireMock.Admin.Mappings.MatcherModel::get_Patterns()
FNDA:43,System.Object[] WireMock.Admin.Mappings.MatcherModel::get_Patterns()
DA:21,43
FN:25,System.Nullable`1<System.Boolean> WireMock.Admin.Mappings.MatcherModel::get_IgnoreCase()
FNDA:18,System.Nullable`1<System.Boolean> WireMock.Admin.Mappings.MatcherModel::get_IgnoreCase()
DA:26,18
FN:30,System.Nullable`1<System.Boolean> WireMock.Admin.Mappings.MatcherModel::get_RejectOnMatch()
FNDA:31,System.Nullable`1<System.Boolean> WireMock.Admin.Mappings.MatcherModel::get_RejectOnMatch()
DA:31,31
LF:5
LH:5
BRF:0
BRH:0
FNF:5
FNH:5
end_of_record
SF:C:\Users\azureuser\Documents\Github\WireMock.Net\src\WireMock.Net\Admin\Mappings\ParamModel.cs
FN:10,System.String WireMock.Admin.Mappings.ParamModel::get_Name()
FNDA:0,System.String WireMock.Admin.Mappings.ParamModel::get_Name()
DA:11,0
FN:15,WireMock.Admin.Mappings.MatcherModel[] WireMock.Admin.Mappings.ParamModel::get_Matchers()
FNDA:0,WireMock.Admin.Mappings.MatcherModel[] WireMock.Admin.Mappings.ParamModel::get_Matchers()
DA:16,0
LF:2
LH:0
BRF:0
BRH:0
FNF:2
FNH:0
end_of_record
SF:C:\Users\azureuser\Documents\Github\WireMock.Net\src\WireMock.Net\Admin\Mappings\PathModel.cs
FN:10,WireMock.Admin.Mappings.MatcherModel[] WireMock.Admin.Mappings.PathModel::get_Matchers()
FNDA:42,WireMock.Admin.Mappings.MatcherModel[] WireMock.Admin.Mappings.PathModel::get_Matchers()
DA:11,42
LF:1
LH:1
BRF:0
BRH:0
FNF:1
FNH:1
end_of_record
SF:C:\Users\azureuser\Documents\Github\WireMock.Net\src\WireMock.Net\Admin\Mappings\RequestModel.cs
FN:12,System.Object WireMock.Admin.Mappings.RequestModel::get_ClientIP()
FNDA:19,System.Object WireMock.Admin.Mappings.RequestModel::get_ClientIP()
DA:13,19
FN:17,System.Object WireMock.Admin.Mappings.RequestModel::get_Path()
FNDA:61,System.Object WireMock.Admin.Mappings.RequestModel::get_Path()
DA:18,61
FN:22,System.Object WireMock.Admin.Mappings.RequestModel::get_Url()
FNDA:8,System.Object WireMock.Admin.Mappings.RequestModel::get_Url()
DA:23,8
FN:27,System.String[] WireMock.Admin.Mappings.RequestModel::get_Methods()
FNDA:52,System.String[] WireMock.Admin.Mappings.RequestModel::get_Methods()
DA:28,52
FN:32,System.Collections.Generic.IList`1<WireMock.Admin.Mappings.HeaderModel> WireMock.Admin.Mappings.RequestModel::get_Headers()
FNDA:19,System.Collections.Generic.IList`1<WireMock.Admin.Mappings.HeaderModel> WireMock.Admin.Mappings.RequestModel::get_Headers()
DA:33,19
FN:37,System.Collections.Generic.IList`1<WireMock.Admin.Mappings.CookieModel> WireMock.Admin.Mappings.RequestModel::get_Cookies()
FNDA:19,System.Collections.Generic.IList`1<WireMock.Admin.Mappings.CookieModel> WireMock.Admin.Mappings.RequestModel::get_Cookies()
DA:38,19
FN:42,System.Collections.Generic.IList`1<WireMock.Admin.Mappings.ParamModel> WireMock.Admin.Mappings.RequestModel::get_Params()
FNDA:19,System.Collections.Generic.IList`1<WireMock.Admin.Mappings.ParamModel> WireMock.Admin.Mappings.RequestModel::get_Params()
DA:43,19
FN:47,WireMock.Admin.Mappings.BodyModel WireMock.Admin.Mappings.RequestModel::get_Body()
FNDA:34,WireMock.Admin.Mappings.BodyModel WireMock.Admin.Mappings.RequestModel::get_Body()
DA:48,34
LF:8
LH:8
BRF:0
BRH:0
FNF:8
FNH:8
end_of_record
SF:C:\Users\azureuser\Documents\Github\WireMock.Net\src\WireMock.Net\Admin\Mappings\ResponseModel.cs
FN:12,System.Nullable`1<System.Int32> WireMock.Admin.Mappings.ResponseModel::get_StatusCode()
FNDA:36,System.Nullable`1<System.Int32> WireMock.Admin.Mappings.ResponseModel::get_StatusCode()
DA:13,36
FN:17,System.String WireMock.Admin.Mappings.ResponseModel::get_BodyDestination()
FNDA:12,System.String WireMock.Admin.Mappings.ResponseModel::get_BodyDestination()
DA:18,12
FN:22,System.String WireMock.Admin.Mappings.ResponseModel::get_Body()
FNDA:30,System.String WireMock.Admin.Mappings.ResponseModel::get_Body()
DA:23,30
FN:27,System.String WireMock.Admin.Mappings.ResponseModel::get_BodyFromBase64()
FNDA:6,System.String WireMock.Admin.Mappings.ResponseModel::get_BodyFromBase64()
DA:28,6
FN:32,System.Object WireMock.Admin.Mappings.ResponseModel::get_BodyAsJson()
FNDA:12,System.Object WireMock.Admin.Mappings.ResponseModel::get_BodyAsJson()
DA:33,12
FN:37,System.Nullable`1<System.Boolean> WireMock.Admin.Mappings.ResponseModel::get_BodyAsJsonIndented()
FNDA:6,System.Nullable`1<System.Boolean> WireMock.Admin.Mappings.ResponseModel::get_BodyAsJsonIndented()
DA:38,6
FN:42,System.Byte[] WireMock.Admin.Mappings.ResponseModel::get_BodyAsBytes()
FNDA:16,System.Byte[] WireMock.Admin.Mappings.ResponseModel::get_BodyAsBytes()
DA:43,16
FN:47,System.String WireMock.Admin.Mappings.ResponseModel::get_BodyAsFile()
FNDA:14,System.String WireMock.Admin.Mappings.ResponseModel::get_BodyAsFile()
DA:48,14
FN:52,System.Nullable`1<System.Boolean> WireMock.Admin.Mappings.ResponseModel::get_BodyAsFileIsCached()
FNDA:5,System.Nullable`1<System.Boolean> WireMock.Admin.Mappings.ResponseModel::get_BodyAsFileIsCached()
DA:53,5
FN:57,WireMock.Admin.Mappings.EncodingModel WireMock.Admin.Mappings.ResponseModel::get_BodyEncoding()
FNDA:23,WireMock.Admin.Mappings.EncodingModel WireMock.Admin.Mappings.ResponseModel::get_BodyEncoding()
DA:58,23
FN:62,System.Boolean WireMock.Admin.Mappings.ResponseModel::get_UseTransformer()
FNDA:22,System.Boolean WireMock.Admin.Mappings.ResponseModel::get_UseTransformer()
DA:63,22
FN:67,System.Collections.Generic.IDictionary`2<System.String,System.Object> WireMock.Admin.Mappings.ResponseModel::get_Headers()
FNDA:43,System.Collections.Generic.IDictionary`2<System.String,System.Object> WireMock.Admin.Mappings.ResponseModel::get_Headers()
DA:68,43
FN:72,System.String WireMock.Admin.Mappings.ResponseModel::get_HeadersRaw()
FNDA:5,System.String WireMock.Admin.Mappings.ResponseModel::get_HeadersRaw()
DA:73,5
FN:77,System.Nullable`1<System.Int32> WireMock.Admin.Mappings.ResponseModel::get_Delay()
FNDA:16,System.Nullable`1<System.Int32> WireMock.Admin.Mappings.ResponseModel::get_Delay()
DA:78,16
FN:82,System.String WireMock.Admin.Mappings.ResponseModel::get_ProxyUrl()
FNDA:14,System.String WireMock.Admin.Mappings.ResponseModel::get_ProxyUrl()
DA:83,14
FN:87,System.String WireMock.Admin.Mappings.ResponseModel::get_X509Certificate2ThumbprintOrSubjectName()
FNDA:3,System.String WireMock.Admin.Mappings.ResponseModel::get_X509Certificate2ThumbprintOrSubjectName()
DA:88,3
LF:16
LH:16
BRF:0
BRH:0
FNF:16
FNH:16
end_of_record
SF:C:\Users\azureuser\Documents\Github\WireMock.Net\src\WireMock.Net\Admin\Mappings\StatusModel.cs
FN:12,System.Nullable`1<System.Guid> WireMock.Admin.Mappings.StatusModel::get_Guid()
FNDA:36,System.Nullable`1<System.Guid> WireMock.Admin.Mappings.StatusModel::get_Guid()
DA:13,36
FN:17,System.String WireMock.Admin.Mappings.StatusModel::get_Status()
FNDA:41,System.String WireMock.Admin.Mappings.StatusModel::get_Status()
DA:18,41
LF:2
LH:2
BRF:0
BRH:0
FNF:2
FNH:2
end_of_record
SF:C:\Users\azureuser\Documents\Github\WireMock.Net\src\WireMock.Net\Admin\Mappings\UrlModel.cs
FN:10,WireMock.Admin.Mappings.MatcherModel[] WireMock.Admin.Mappings.UrlModel::get_Matchers()
FNDA:0,WireMock.Admin.Mappings.MatcherModel[] WireMock.Admin.Mappings.UrlModel::get_Matchers()
DA:11,0
LF:1
LH:0
BRF:0
BRH:0
FNF:1
FNH:0
end_of_record
SF:C:\Users\azureuser\Documents\Github\WireMock.Net\src\WireMock.Net.StandAlone\SimpleCommandLineParser.cs
FN:9,System.Collections.Generic.IDictionary`2<System.String,System.String[]> WireMock.Net.StandAlone.SimpleCommandLineParser::get_Arguments()
FNDA:0,System.Collections.Generic.IDictionary`2<System.String,System.String[]> WireMock.Net.StandAlone.SimpleCommandLineParser::get_Arguments()
DA:10,0
FN:12,System.Void WireMock.Net.StandAlone.SimpleCommandLineParser::Parse(System.String[])
FNDA:0,System.Void WireMock.Net.StandAlone.SimpleCommandLineParser::Parse(System.String[])
DA:13,0
DA:14,0
DA:16,0
DA:17,0
DA:18,0
DA:19,0
DA:20,0
DA:21,0
DA:22,0
DA:23,0
DA:24,0
DA:26,0
DA:27,0
DA:28,0
DA:29,0
DA:30,0
DA:31,0
DA:32,0
DA:34,0
DA:35,0
DA:36,0
DA:37,0
DA:39,0
DA:40,0
DA:41,0
DA:42,0
DA:43,0
BRDA:17,155,1,0
BRDA:19,41,0,0
BRDA:21,57,0,0
BRDA:21,57,1,0
BRDA:19,41,1,0
BRDA:29,109,0,0
BRDA:29,109,1,0
BRDA:17,155,0,0
BRDA:39,173,0,0
BRDA:39,173,1,0
FN:45,System.Boolean WireMock.Net.StandAlone.SimpleCommandLineParser::Contains(System.String)
FNDA:0,System.Boolean WireMock.Net.StandAlone.SimpleCommandLineParser::Contains(System.String)
DA:46,0
DA:47,0
DA:48,0
FN:50,System.String[] WireMock.Net.StandAlone.SimpleCommandLineParser::GetValues(System.String,System.String[])
FNDA:0,System.String[] WireMock.Net.StandAlone.SimpleCommandLineParser::GetValues(System.String,System.String[])
DA:51,0
DA:52,0
DA:53,0
BRDA:52,8,0,0
BRDA:52,8,1,0
FN:55,T WireMock.Net.StandAlone.SimpleCommandLineParser::GetValue(System.String,System.Func`2<System.String[],T>,T)
FNDA:0,T WireMock.Net.StandAlone.SimpleCommandLineParser::GetValue(System.String,System.Func`2<System.String[],T>,T)
DA:56,0
DA:57,0
DA:58,0
BRDA:57,8,0,0
BRDA:57,8,1,0
FN:60,System.Boolean WireMock.Net.StandAlone.SimpleCommandLineParser::GetBoolValue(System.String,System.Boolean)
FNDA:0,System.Boolean WireMock.Net.StandAlone.SimpleCommandLineParser::GetBoolValue(System.String,System.Boolean)
DA:61,0
DA:62,0
DA:63,0
DA:64,0
DA:65,0
DA:66,0
DA:67,0
FN:69,System.Nullable`1<System.Int32> WireMock.Net.StandAlone.SimpleCommandLineParser::GetIntValue(System.String,System.Nullable`1<System.Int32>)
FNDA:0,System.Nullable`1<System.Int32> WireMock.Net.StandAlone.SimpleCommandLineParser::GetIntValue(System.String,System.Nullable`1<System.Int32>)
DA:70,0
DA:71,0
DA:72,0
DA:73,0
DA:74,0
DA:75,0
DA:76,0
FN:78,System.String WireMock.Net.StandAlone.SimpleCommandLineParser::GetStringValue(System.String,System.String)
FNDA:0,System.String WireMock.Net.StandAlone.SimpleCommandLineParser::GetStringValue(System.String,System.String)
DA:79,0
DA:80,0
DA:81,0
LF:54
LH:0
BRF:20
BRH:0
FNF:8
FNH:0
end_of_record
SF:C:\Users\azureuser\Documents\Github\WireMock.Net\src\WireMock.Net.StandAlone\StandAloneApp.cs
FN:20,WireMock.Server.FluentMockServer WireMock.Net.StandAlone.StandAloneApp::Start(WireMock.Settings.IFluentMockServerSettings)
FNDA:0,WireMock.Server.FluentMockServer WireMock.Net.StandAlone.StandAloneApp::Start(WireMock.Settings.IFluentMockServerSettings)
DA:21,0
DA:22,0
DA:24,0
DA:26,0
DA:28,0
DA:29,0
FN:37,WireMock.Server.FluentMockServer WireMock.Net.StandAlone.StandAloneApp::Start(System.String[],WireMock.Logging.IWireMockLogger)
FNDA:0,WireMock.Server.FluentMockServer WireMock.Net.StandAlone.StandAloneApp::Start(System.String[],WireMock.Logging.IWireMockLogger)
DA:38,0
DA:39,0
DA:41,0
DA:42,0
DA:44,0
DA:45,0
DA:46,0
DA:47,0
DA:48,0
DA:49,0
DA:50,0
DA:51,0
DA:52,0
DA:53,0
DA:54,0
DA:56,0
DA:57,0
DA:58,0
DA:59,0
DA:61,0
DA:62,0
DA:63,0
DA:64,0
DA:66,0
DA:67,0
DA:68,0
DA:70,0
DA:71,0
DA:72,0
DA:73,0
DA:74,0
DA:75,0
DA:76,0
DA:77,0
DA:78,0
DA:79,0
DA:80,0
DA:81,0
DA:83,0
DA:85,0
DA:87,0
DA:88,0
BRDA:56,231,0,0
BRDA:56,231,1,0
BRDA:61,258,0,0
BRDA:61,258,1,0
BRDA:71,352,0,0
BRDA:71,352,1,0
BRDA:83,483,0,0
BRDA:83,483,1,0
LF:48
LH:0
BRF:8
BRH:0
FNF:2
FNH:0
end_of_record