SF:C:\dev\GitHub\WireMock.Net\src\WireMock.Net\Mapping.cs
FN:16,System.Guid WireMock.Mapping::get_Guid()
FNDA:469,System.Guid WireMock.Mapping::get_Guid()
DA:17,469
FN:21,System.String WireMock.Mapping::get_Title()
FNDA:58,System.String WireMock.Mapping::get_Title()
DA:22,58
FN:26,System.String WireMock.Mapping::get_Path()
FNDA:206,System.String WireMock.Mapping::get_Path()
DA:27,206
FN:31,System.Int32 WireMock.Mapping::get_Priority()
FNDA:74,System.Int32 WireMock.Mapping::get_Priority()
DA:32,74
FN:37,System.String WireMock.Mapping::get_Scenario()
FNDA:1080,System.String WireMock.Mapping::get_Scenario()
DA:38,1080
FN:43,System.String WireMock.Mapping::get_ExecutionConditionState()
FNDA:37,System.String WireMock.Mapping::get_ExecutionConditionState()
DA:44,37
FN:50,System.String WireMock.Mapping::get_NextState()
FNDA:29,System.String WireMock.Mapping::get_NextState()
DA:51,29
FN:55,WireMock.Matchers.Request.IRequestMatcher WireMock.Mapping::get_RequestMatcher()
FNDA:300,WireMock.Matchers.Request.IRequestMatcher WireMock.Mapping::get_RequestMatcher()
DA:56,300
FN:60,WireMock.ResponseProviders.IResponseProvider WireMock.Mapping::get_Provider()
FNDA:507,WireMock.ResponseProviders.IResponseProvider WireMock.Mapping::get_Provider()
DA:61,507
FN:65,System.Boolean WireMock.Mapping::get_IsStartState()
FNDA:9,System.Boolean WireMock.Mapping::get_IsStartState()
DA:66,9
BRDA:66,6,0,9
BRDA:66,14,0,9
BRDA:66,22,0,5
BRDA:66,14,1,4
BRDA:66,22,1,4
BRDA:66,6,1,0
FN:109,WireMock.Matchers.Request.RequestMatchResult WireMock.Mapping::GetRequestMatchResult(WireMock.RequestMessage,System.String)
FNDA:295,WireMock.Matchers.Request.RequestMatchResult WireMock.Mapping::GetRequestMatchResult(WireMock.RequestMessage,System.String)
DA:110,295
DA:111,295
DA:113,295
DA:116,295
DA:117,30
DA:118,30
DA:119,30
DA:127,30
DA:129,295
DA:130,295
BRDA:116,32,0,30
BRDA:116,32,1,295
FN:137,System.Boolean WireMock.Mapping::get_IsAdminInterface()
FNDA:166,System.Boolean WireMock.Mapping::get_IsAdminInterface()
DA:138,166
BRDA:138,11,0,142
BRDA:138,24,0,142
BRDA:138,11,1,24
BRDA:138,24,1,24
FN:79,System.Void WireMock.Mapping::.ctor(System.Guid,System.String,System.String,WireMock.Matchers.Request.IRequestMatcher,WireMock.ResponseProviders.IResponseProvider,System.Int32,System.String,System.String,System.String)
FNDA:206,System.Void WireMock.Mapping::.ctor(System.Guid,System.String,System.String,WireMock.Matchers.Request.IRequestMatcher,WireMock.ResponseProviders.IResponseProvider,System.Int32,System.String,System.String,System.String)
DA:80,206
DA:81,206
DA:82,206
DA:83,206
DA:84,206
DA:85,206
DA:86,206
DA:87,206
DA:88,206
DA:89,206
DA:90,206
DA:91,206
FN:98,System.Void WireMock.Mapping/<ResponseToAsync>d__31::MoveNext()
FNDA:51,System.Void WireMock.Mapping/<ResponseToAsync>d__31::MoveNext()
DA:99,51
DA:100,51
DA:101,51
BRDA:100,50,0,1
BRDA:100,50,1,51
LF:36
LH:36
BRF:14
BRH:13
FNF:14
FNH:14
end_of_record
SF:C:\dev\GitHub\WireMock.Net\src\WireMock.Net\RequestMessage.cs
FN:20,System.String WireMock.RequestMessage::get_ClientIP()
FNDA:75,System.String WireMock.RequestMessage::get_ClientIP()
DA:21,75
FN:25,System.String WireMock.RequestMessage::get_Url()
FNDA:77,System.String WireMock.RequestMessage::get_Url()
DA:26,77
FN:30,System.String WireMock.RequestMessage::get_AbsoluteUrl()
FNDA:70,System.String WireMock.RequestMessage::get_AbsoluteUrl()
DA:31,70
FN:35,System.DateTime WireMock.RequestMessage::get_DateTime()
FNDA:134,System.DateTime WireMock.RequestMessage::get_DateTime()
DA:36,134
FN:40,System.String WireMock.RequestMessage::get_Path()
FNDA:671,System.String WireMock.RequestMessage::get_Path()
DA:41,671
FN:45,System.String WireMock.RequestMessage::get_AbsolutePath()
FNDA:277,System.String WireMock.RequestMessage::get_AbsolutePath()
DA:46,277
FN:50,System.String[] WireMock.RequestMessage::get_PathSegments()
FNDA:3,System.String[] WireMock.RequestMessage::get_PathSegments()
DA:51,3
FN:55,System.String[] WireMock.RequestMessage::get_AbsolutePathSegments()
FNDA:1,System.String[] WireMock.RequestMessage::get_AbsolutePathSegments()
DA:56,1
FN:60,System.String WireMock.RequestMessage::get_Method()
FNDA:371,System.String WireMock.RequestMessage::get_Method()
DA:61,371
FN:65,System.Collections.Generic.IDictionary`2<System.String,WireMock.Util.WireMockList`1<System.String>> WireMock.RequestMessage::get_Headers()
FNDA:202,System.Collections.Generic.IDictionary`2<System.String,WireMock.Util.WireMockList`1<System.String>> WireMock.RequestMessage::get_Headers()
DA:66,202
FN:70,System.Collections.Generic.IDictionary`2<System.String,System.String> WireMock.RequestMessage::get_Cookies()
FNDA:89,System.Collections.Generic.IDictionary`2<System.String,System.String> WireMock.RequestMessage::get_Cookies()
DA:71,89
FN:75,System.Collections.Generic.IDictionary`2<System.String,WireMock.Util.WireMockList`1<System.String>> WireMock.RequestMessage::get_Query()
FNDA:119,System.Collections.Generic.IDictionary`2<System.String,WireMock.Util.WireMockList`1<System.String>> WireMock.RequestMessage::get_Query()
DA:76,119
FN:80,System.String WireMock.RequestMessage::get_RawQuery()
FNDA:207,System.String WireMock.RequestMessage::get_RawQuery()
DA:81,207
FN:85,System.String WireMock.RequestMessage::get_Body()
FNDA:138,System.String WireMock.RequestMessage::get_Body()
DA:86,138
FN:90,System.Object WireMock.RequestMessage::get_BodyAsJson()
FNDA:334,System.Object WireMock.RequestMessage::get_BodyAsJson()
DA:91,334
FN:95,System.Byte[] WireMock.RequestMessage::get_BodyAsBytes()
FNDA:294,System.Byte[] WireMock.RequestMessage::get_BodyAsBytes()
DA:96,294
FN:100,System.String WireMock.RequestMessage::get_Host()
FNDA:208,System.String WireMock.RequestMessage::get_Host()
DA:101,208
FN:105,System.String WireMock.RequestMessage::get_Protocol()
FNDA:208,System.String WireMock.RequestMessage::get_Protocol()
DA:106,208
FN:110,System.Int32 WireMock.RequestMessage::get_Port()
FNDA:208,System.Int32 WireMock.RequestMessage::get_Port()
DA:111,208
FN:115,System.String WireMock.RequestMessage::get_Origin()
FNDA:1,System.String WireMock.RequestMessage::get_Origin()
DA:116,1
FN:120,System.Text.Encoding WireMock.RequestMessage::get_BodyEncoding()
FNDA:129,System.Text.Encoding WireMock.RequestMessage::get_BodyEncoding()
DA:121,129
FN:164,System.Collections.Generic.IDictionary`2<System.String,WireMock.Util.WireMockList`1<System.String>> WireMock.RequestMessage::ParseQuery(System.String)
FNDA:207,System.Collections.Generic.IDictionary`2<System.String,WireMock.Util.WireMockList`1<System.String>> WireMock.RequestMessage::ParseQuery(System.String)
DA:165,207
DA:166,207
DA:167,194
DA:168,194
DA:171,13
DA:172,13
DA:173,13
DA:174,13
DA:176,13
DA:177,13
DA:178,13
DA:179,33
DA:180,33
DA:181,33
DA:182,33
DA:183,28
DA:184,28
DA:185,28
DA:186,13
DA:187,33
DA:188,30
DA:189,30
DA:190,30
DA:191,30
DA:192,13
DA:193,33
DA:194,33
DA:195,207
BRDA:166,9,0,194
BRDA:166,9,1,13
BRDA:171,29,0,13
BRDA:171,29,1,13
BRDA:176,71,0,1
BRDA:176,71,1,13
FN:202,WireMock.Util.WireMockList`1<System.String> WireMock.RequestMessage::GetParameter(System.String)
FNDA:16,WireMock.Util.WireMockList`1<System.String> WireMock.RequestMessage::GetParameter(System.String)
DA:203,16
DA:204,16
DA:205,2
DA:206,2
DA:209,14
DA:210,16
BRDA:204,12,0,2
BRDA:204,12,1,14
BRDA:209,31,0,0
BRDA:209,31,1,14
FN:131,System.Void WireMock.RequestMessage::.ctor(WireMock.Models.UrlDetails,System.String,System.String,WireMock.Util.BodyData,System.Collections.Generic.IDictionary`2<System.String,System.String[]>,System.Collections.Generic.IDictionary`2<System.String,System.String>)
FNDA:207,System.Void WireMock.RequestMessage::.ctor(WireMock.Models.UrlDetails,System.String,System.String,WireMock.Util.BodyData,System.Collections.Generic.IDictionary`2<System.String,System.String[]>,System.Collections.Generic.IDictionary`2<System.String,System.String>)
DA:132,207
DA:133,207
DA:134,207
DA:135,207
DA:136,207
DA:138,207
DA:139,207
DA:140,207
DA:141,207
DA:142,207
DA:143,207
DA:145,207
DA:146,207
DA:147,207
DA:148,207
DA:150,207
DA:151,207
DA:153,207
DA:154,207
DA:155,207
DA:156,207
DA:158,445
DA:159,207
DA:160,207
DA:161,207
DA:162,207
BRDA:153,312,0,121
BRDA:153,312,1,86
BRDA:154,332,0,121
BRDA:154,332,1,86
BRDA:155,352,0,121
BRDA:155,352,1,86
BRDA:156,373,0,121
BRDA:156,373,1,86
BRDA:158,394,0,122
BRDA:158,394,1,85
BRDA:158,407,0,1
BRDA:158,407,1,85
BRDA:158,438,0,1
BRDA:158,438,1,85
LF:81
LH:81
BRF:28
BRH:27
FNF:24
FNH:24
end_of_record
SF:C:\dev\GitHub\WireMock.Net\src\WireMock.Net\ResponseMessage.cs
FN:16,System.Collections.Generic.IDictionary`2<System.String,WireMock.Util.WireMockList`1<System.String>> WireMock.ResponseMessage::get_Headers()
FNDA:601,System.Collections.Generic.IDictionary`2<System.String,WireMock.Util.WireMockList`1<System.String>> WireMock.ResponseMessage::get_Headers()
DA:17,601
FN:21,System.Int32 WireMock.ResponseMessage::get_StatusCode()
FNDA:512,System.Int32 WireMock.ResponseMessage::get_StatusCode()
DA:22,512
FN:26,System.String WireMock.ResponseMessage::get_BodyOriginal()
FNDA:88,System.String WireMock.ResponseMessage::get_BodyOriginal()
DA:27,88
FN:31,System.String WireMock.ResponseMessage::get_BodyDestination()
FNDA:151,System.String WireMock.ResponseMessage::get_BodyDestination()
DA:32,151
FN:36,System.String WireMock.ResponseMessage::get_Body()
FNDA:294,System.String WireMock.ResponseMessage::get_Body()
DA:37,294
FN:41,System.Object WireMock.ResponseMessage::get_BodyAsJson()
FNDA:327,System.Object WireMock.ResponseMessage::get_BodyAsJson()
DA:42,327
FN:46,System.Nullable`1<System.Boolean> WireMock.ResponseMessage::get_BodyAsJsonIndented()
FNDA:38,System.Nullable`1<System.Boolean> WireMock.ResponseMessage::get_BodyAsJsonIndented()
DA:47,38
FN:51,System.Byte[] WireMock.ResponseMessage::get_BodyAsBytes()
FNDA:207,System.Byte[] WireMock.ResponseMessage::get_BodyAsBytes()
DA:52,207
FN:56,System.String WireMock.ResponseMessage::get_BodyAsFile()
FNDA:137,System.String WireMock.ResponseMessage::get_BodyAsFile()
DA:57,137
FN:61,System.Nullable`1<System.Boolean> WireMock.ResponseMessage::get_BodyAsFileIsCached()
FNDA:74,System.Nullable`1<System.Boolean> WireMock.ResponseMessage::get_BodyAsFileIsCached()
DA:62,74
FN:66,System.Text.Encoding WireMock.ResponseMessage::get_BodyEncoding()
FNDA:566,System.Text.Encoding WireMock.ResponseMessage::get_BodyEncoding()
DA:67,566
FN:74,System.Void WireMock.ResponseMessage::AddHeader(System.String,System.String)
FNDA:0,System.Void WireMock.ResponseMessage::AddHeader(System.String,System.String)
DA:75,0
DA:76,0
DA:77,0
FN:84,System.Void WireMock.ResponseMessage::AddHeader(System.String,System.String[])
FNDA:103,System.Void WireMock.ResponseMessage::AddHeader(System.String,System.String[])
DA:85,103
DA:86,103
DA:88,103
DA:89,103
DA:90,103
DA:92,103
DA:93,103
BRDA:88,27,0,103
BRDA:88,27,1,0
LF:21
LH:18
BRF:2
BRH:1
FNF:13
FNH:12
end_of_record
SF:C:\dev\GitHub\WireMock.Net\src\WireMock.Net\ResponseMessageBuilder.cs
FN:14,WireMock.ResponseMessage WireMock.ResponseMessageBuilder::Create(System.String,System.Int32,System.Nullable`1<System.Guid>)
FNDA:17,WireMock.ResponseMessage WireMock.ResponseMessageBuilder::Create(System.String,System.Int32,System.Nullable`1<System.Guid>)
DA:15,17
DA:16,17
DA:17,17
DA:18,17
DA:19,17
DA:20,17
DA:21,17
DA:23,17
DA:24,17
BRDA:16,28,0,0
BRDA:16,28,1,17
FN:10,System.Void WireMock.ResponseMessageBuilder::.cctor()
FNDA:1,System.Void WireMock.ResponseMessageBuilder::.cctor()
DA:11,1
DA:12,1
LF:11
LH:11
BRF:2
BRH:1
FNF:2
FNH:2
end_of_record
SF:C:\dev\GitHub\WireMock.Net\src\WireMock.Net\ScenarioState.cs
FN:10,System.String WireMock.ScenarioState::get_Name()
FNDA:7,System.String WireMock.ScenarioState::get_Name()
DA:11,7
FN:15,System.String WireMock.ScenarioState::get_NextState()
FNDA:41,System.String WireMock.ScenarioState::get_NextState()
DA:16,41
FN:20,System.Boolean WireMock.ScenarioState::get_Started()
FNDA:12,System.Boolean WireMock.ScenarioState::get_Started()
DA:21,12
FN:25,System.Boolean WireMock.ScenarioState::get_Finished()
FNDA:12,System.Boolean WireMock.ScenarioState::get_Finished()
DA:26,12
LF:4
LH:4
BRF:0
BRH:0
FNF:4
FNH:4
end_of_record
SF:C:\dev\GitHub\WireMock.Net\src\WireMock.Net\Validation\Check.cs
FN:19,T WireMock.Validation.Check::Condition(T,System.Predicate`1<T>,System.String)
FNDA:24,T WireMock.Validation.Check::Condition(T,System.Predicate`1<T>,System.String)
DA:20,24
DA:21,24
DA:22,24
DA:24,24
DA:25,1
DA:26,1
DA:28,1
DA:31,23
DA:32,23
BRDA:24,37,0,1
BRDA:24,37,1,23
FN:35,T WireMock.Validation.Check::NotNull(T,System.String)
FNDA:3385,T WireMock.Validation.Check::NotNull(T,System.String)
DA:36,3385
DA:37,3385
DA:38,2
DA:39,2
DA:41,2
DA:44,3383
DA:45,3383
BRDA:37,12,0,2
BRDA:37,12,1,3383
FN:48,T WireMock.Validation.Check::NotNull(T,System.String,System.String)
FNDA:0,T WireMock.Validation.Check::NotNull(T,System.String,System.String)
DA:49,0
DA:50,0
DA:51,0
DA:52,0
DA:53,0
DA:55,0
DA:58,0
DA:59,0
BRDA:50,12,0,0
BRDA:50,12,1,0
FN:62,System.Collections.Generic.IList`1<T> WireMock.Validation.Check::NotNullOrEmpty(System.Collections.Generic.IList`1<T>,System.String)
FNDA:407,System.Collections.Generic.IList`1<T> WireMock.Validation.Check::NotNullOrEmpty(System.Collections.Generic.IList`1<T>,System.String)
DA:63,407
DA:64,407
DA:66,407
DA:67,0
DA:68,0
DA:70,0
DA:73,407
DA:74,407
BRDA:66,20,0,0
BRDA:66,20,1,407
FN:77,System.String WireMock.Validation.Check::NotNullOrEmpty(System.String,System.String)
FNDA:36,System.String WireMock.Validation.Check::NotNullOrEmpty(System.String,System.String)
DA:78,36
DA:79,36
DA:80,36
DA:81,2
DA:82,2
DA:83,2
DA:84,34
DA:85,0
DA:86,0
DA:87,0
DA:89,36
DA:90,2
DA:91,2
DA:93,2
DA:96,34
DA:97,34
BRDA:80,9,0,2
BRDA:80,9,1,34
BRDA:84,38,0,0
BRDA:84,38,1,36
BRDA:89,60,0,2
BRDA:89,60,1,34
FN:99,System.String WireMock.Validation.Check::NullButNotEmpty(System.String,System.String)
FNDA:0,System.String WireMock.Validation.Check::NullButNotEmpty(System.String,System.String)
DA:100,0
DA:101,0
DA:102,0
DA:103,0
DA:104,0
DA:106,0
DA:109,0
DA:110,0
BRDA:101,2,0,0
BRDA:101,2,1,0
BRDA:101,18,0,0
BRDA:101,18,1,0
FN:113,System.Collections.Generic.IList`1<T> WireMock.Validation.Check::HasNoNulls(System.Collections.Generic.IList`1<T>,System.String)
FNDA:33,System.Collections.Generic.IList`1<T> WireMock.Validation.Check::HasNoNulls(System.Collections.Generic.IList`1<T>,System.String)
DA:114,33
DA:115,33
DA:117,68
DA:118,0
DA:119,0
DA:121,0
DA:124,33
DA:125,33
BRDA:117,16,0,1
BRDA:117,16,1,33
BRDA:117,48,0,0
BRDA:117,48,1,33
FN:127,System.Type WireMock.Validation.Check::ValidEntityType(System.Type,System.String)
FNDA:0,System.Type WireMock.Validation.Check::ValidEntityType(System.Type,System.String)
DA:128,0
DA:129,0
DA:130,0
DA:131,0
DA:133,0
DA:136,0
DA:137,0
BRDA:129,17,0,0
BRDA:129,17,1,0
LF:71
LH:39
BRF:24
BRH:13
FNF:8
FNH:5
end_of_record
SF:C:\dev\GitHub\WireMock.Net\src\WireMock.Net\Validation\CoreStrings.cs
FN:12,System.String WireMock.Validation.CoreStrings::ArgumentPropertyNull(System.String,System.String)
FNDA:0,System.String WireMock.Validation.CoreStrings::ArgumentPropertyNull(System.String,System.String)
DA:13,0
DA:14,0
DA:15,0
FN:20,System.String WireMock.Validation.CoreStrings::ArgumentIsEmpty(System.String)
FNDA:0,System.String WireMock.Validation.CoreStrings::ArgumentIsEmpty(System.String)
DA:21,0
DA:22,0
DA:23,0
FN:28,System.String WireMock.Validation.CoreStrings::InvalidEntityType(System.Type,System.String)
FNDA:0,System.String WireMock.Validation.CoreStrings::InvalidEntityType(System.Type,System.String)
DA:29,0
DA:30,0
DA:31,0
FN:36,System.String WireMock.Validation.CoreStrings::CollectionArgumentIsEmpty(System.String)
FNDA:0,System.String WireMock.Validation.CoreStrings::CollectionArgumentIsEmpty(System.String)
DA:37,0
DA:38,0
DA:39,0
LF:12
LH:0
BRF:0
BRH:0
FNF:4
FNH:0
end_of_record
SF:C:\dev\GitHub\WireMock.Net\src\WireMock.Net\Util\RegexUtils.cs
FN:8,System.Collections.Generic.Dictionary`2<System.String,System.String> WireMock.Utils.RegexUtils::GetNamedGroups(System.Text.RegularExpressions.Regex,System.String)
FNDA:3,System.Collections.Generic.Dictionary`2<System.String,System.String> WireMock.Utils.RegexUtils::GetNamedGroups(System.Text.RegularExpressions.Regex,System.String)
DA:9,3
DA:10,3
DA:12,3
DA:13,27
DA:14,9
DA:15,9
DA:16,3
DA:17,3
DA:18,3
DA:19,9
DA:21,3
DA:22,3
BRDA:13,98,1,9
BRDA:15,63,0,3
BRDA:15,63,1,9
BRDA:13,98,0,3
LF:12
LH:12
BRF:4
BRH:4
FNF:1
FNH:1
end_of_record
SF:C:\dev\GitHub\WireMock.Net\src\WireMock.Net\Util\BodyData.cs
FN:12,System.Text.Encoding WireMock.Util.BodyData::get_Encoding()
FNDA:110,System.Text.Encoding WireMock.Util.BodyData::get_Encoding()
DA:13,110
FN:17,System.String WireMock.Util.BodyData::get_BodyAsString()
FNDA:151,System.String WireMock.Util.BodyData::get_BodyAsString()
DA:18,151
FN:22,System.Object WireMock.Util.BodyData::get_BodyAsJson()
FNDA:122,System.Object WireMock.Util.BodyData::get_BodyAsJson()
DA:23,122
FN:27,System.Byte[] WireMock.Util.BodyData::get_BodyAsBytes()
FNDA:94,System.Byte[] WireMock.Util.BodyData::get_BodyAsBytes()
DA:28,94
LF:4
LH:4
BRF:0
BRH:0
FNF:4
FNH:4
end_of_record
SF:C:\dev\GitHub\WireMock.Net\src\WireMock.Net\Util\BodyParser.cs
FN:12,System.Void WireMock.Util.BodyParser::.cctor()
FNDA:1,System.Void WireMock.Util.BodyParser::.cctor()
DA:13,1
DA:14,1
DA:15,1
DA:16,1
DA:17,1
DA:19,1
DA:20,1
DA:21,1
DA:22,1
DA:23,1
DA:24,1
DA:25,1
FN:27,System.Void WireMock.Util.BodyParser/<ReadStringAsync>d__2::MoveNext()
FNDA:19,System.Void WireMock.Util.BodyParser/<ReadStringAsync>d__2::MoveNext()
DA:28,19
DA:29,19
DA:30,19
DA:31,19
DA:33,19
DA:35,19
BRDA:29,34,0,19
BRDA:31,65,0,0
BRDA:29,34,1,0
BRDA:31,65,1,19
FN:37,System.Void WireMock.Util.BodyParser/<ReadBytesAsync>d__3::MoveNext()
FNDA:0,System.Void WireMock.Util.BodyParser/<ReadBytesAsync>d__3::MoveNext()
DA:38,0
DA:39,0
DA:40,0
DA:41,0
DA:42,0
DA:44,0
BRDA:39,28,0,0
BRDA:41,65,0,0
BRDA:39,28,1,0
BRDA:41,65,1,0
FN:49,System.Boolean WireMock.Util.BodyParser/<>c__DisplayClass4_0::<Parse>b__0(System.String)
FNDA:101,System.Boolean WireMock.Util.BodyParser/<>c__DisplayClass4_0::<Parse>b__0(System.String)
DA:50,101
FN:63,System.Boolean WireMock.Util.BodyParser/<>c__DisplayClass4_0::<Parse>b__1(System.String)
FNDA:26,System.Boolean WireMock.Util.BodyParser/<>c__DisplayClass4_0::<Parse>b__1(System.String)
DA:64,26
FN:46,System.Void WireMock.Util.BodyParser/<Parse>d__4::MoveNext()
FNDA:19,System.Void WireMock.Util.BodyParser/<Parse>d__4::MoveNext()
DA:47,19
DA:48,19
DA:51,7
DA:53,7
DA:54,7
DA:55,7
DA:56,7
DA:57,7
DA:58,0
DA:59,0
DA:61,0
DA:62,0
DA:63,7
DA:65,12
DA:66,12
DA:67,12
DA:68,12
DA:71,12
DA:72,12
DA:73,12
DA:74,0
DA:75,0
DA:77,0
DA:78,0
DA:79,12
DA:81,0
DA:82,0
DA:83,0
DA:85,19
DA:86,19
BRDA:50,99,0,19
BRDA:50,99,1,0
BRDA:50,133,0,7
BRDA:51,148,0,7
BRDA:54,179,0,0
BRDA:51,148,1,0
BRDA:54,179,1,7
BRDA:58,367,1,0
BRDA:61,412,0,0
BRDA:61,412,1,0
BRDA:58,367,0,7
BRDA:50,133,1,12
BRDA:64,556,0,12
BRDA:64,556,1,0
BRDA:64,592,0,12
BRDA:66,623,0,0
BRDA:66,623,1,12
BRDA:64,592,1,0
BRDA:82,897,0,0
BRDA:82,897,1,0
LF:56
LH:39
BRF:28
BRH:11
FNF:6
FNH:5
end_of_record
SF:C:\dev\GitHub\WireMock.Net\src\WireMock.Net\Util\ConcurentObservableCollection.cs
FN:33,System.Void WireMock.Util.ConcurentObservableCollection`1::ClearItems()
FNDA:9,System.Void WireMock.Util.ConcurentObservableCollection`1::ClearItems()
DA:34,9
DA:35,9
DA:36,9
DA:37,9
DA:38,9
DA:39,9
FN:42,System.Void WireMock.Util.ConcurentObservableCollection`1::RemoveItem(System.Int32)
FNDA:1,System.Void WireMock.Util.ConcurentObservableCollection`1::RemoveItem(System.Int32)
DA:43,1
DA:44,1
DA:45,1
DA:46,1
DA:47,1
DA:48,1
FN:51,System.Void WireMock.Util.ConcurentObservableCollection`1::InsertItem(System.Int32,T)
FNDA:57,System.Void WireMock.Util.ConcurentObservableCollection`1::InsertItem(System.Int32,T)
DA:52,57
DA:53,57
DA:54,57
DA:55,57
DA:56,57
DA:57,57
FN:60,System.Void WireMock.Util.ConcurentObservableCollection`1::SetItem(System.Int32,T)
FNDA:0,System.Void WireMock.Util.ConcurentObservableCollection`1::SetItem(System.Int32,T)
DA:61,0
DA:62,0
DA:63,0
DA:64,0
DA:65,0
DA:66,0
FN:69,System.Void WireMock.Util.ConcurentObservableCollection`1::MoveItem(System.Int32,System.Int32)
FNDA:0,System.Void WireMock.Util.ConcurentObservableCollection`1::MoveItem(System.Int32,System.Int32)
DA:70,0
DA:71,0
DA:72,0
DA:73,0
DA:74,0
DA:75,0
FN:12,System.Void WireMock.Util.ConcurentObservableCollection`1::.ctor()
FNDA:48,System.Void WireMock.Util.ConcurentObservableCollection`1::.ctor()
DA:13,48
DA:18,144
FN:23,System.Void WireMock.Util.ConcurentObservableCollection`1::.ctor(System.Collections.Generic.List`1<T>)
FNDA:0,System.Void WireMock.Util.ConcurentObservableCollection`1::.ctor(System.Collections.Generic.List`1<T>)
DA:24,0
FN:29,System.Void WireMock.Util.ConcurentObservableCollection`1::.ctor(System.Collections.Generic.IEnumerable`1<T>)
FNDA:0,System.Void WireMock.Util.ConcurentObservableCollection`1::.ctor(System.Collections.Generic.IEnumerable`1<T>)
DA:30,0
LF:34
LH:20
BRF:0
BRH:0
FNF:8
FNH:4
end_of_record
SF:C:\dev\GitHub\WireMock.Net\src\WireMock.Net\Util\DictionaryExtensions.cs
FN:20,System.Void WireMock.Util.DictionaryExtensions::Loop(System.Collections.Generic.IDictionary`2<TKey,TValue>,System.Action`2<TKey,TValue>)
FNDA:0,System.Void WireMock.Util.DictionaryExtensions::Loop(System.Collections.Generic.IDictionary`2<TKey,TValue>,System.Action`2<TKey,TValue>)
DA:21,0
DA:22,0
DA:24,0
DA:25,0
DA:26,0
DA:27,0
DA:28,0
DA:29,0
DA:30,0
DA:31,0
BRDA:24,19,0,0
BRDA:26,68,1,0
BRDA:26,68,0,0
BRDA:24,19,1,0
LF:10
LH:0
BRF:4
BRH:0
FNF:1
FNH:0
end_of_record
SF:C:\dev\GitHub\WireMock.Net\src\WireMock.Net\Util\EnhancedFileSystemWatcher.cs
FN:35,System.Int32 WireMock.Util.EnhancedFileSystemWatcher::get_Interval()
FNDA:0,System.Int32 WireMock.Util.EnhancedFileSystemWatcher::get_Interval()
DA:36,0
FN:37,System.Void WireMock.Util.EnhancedFileSystemWatcher::set_Interval(System.Int32)
FNDA:0,System.Void WireMock.Util.EnhancedFileSystemWatcher::set_Interval(System.Int32)
DA:38,0
DA:39,0
DA:42,0
DA:43,0
FN:50,System.Boolean WireMock.Util.EnhancedFileSystemWatcher::get_FilterRecentEvents()
FNDA:0,System.Boolean WireMock.Util.EnhancedFileSystemWatcher::get_FilterRecentEvents()
DA:51,0
FN:126,System.Void WireMock.Util.EnhancedFileSystemWatcher::OnChanged(System.IO.FileSystemEventArgs)
FNDA:0,System.Void WireMock.Util.EnhancedFileSystemWatcher::OnChanged(System.IO.FileSystemEventArgs)
DA:127,0
DA:128,0
DA:129,0
BRDA:128,8,0,0
BRDA:128,8,1,0
FN:135,System.Void WireMock.Util.EnhancedFileSystemWatcher::OnCreated(System.IO.FileSystemEventArgs)
FNDA:0,System.Void WireMock.Util.EnhancedFileSystemWatcher::OnCreated(System.IO.FileSystemEventArgs)
DA:136,0
DA:137,0
DA:138,0
BRDA:137,8,0,0
BRDA:137,8,1,0
FN:144,System.Void WireMock.Util.EnhancedFileSystemWatcher::OnDeleted(System.IO.FileSystemEventArgs)
FNDA:0,System.Void WireMock.Util.EnhancedFileSystemWatcher::OnDeleted(System.IO.FileSystemEventArgs)
DA:145,0
DA:146,0
DA:147,0
BRDA:146,8,0,0
BRDA:146,8,1,0
FN:153,System.Void WireMock.Util.EnhancedFileSystemWatcher::OnRenamed(System.IO.RenamedEventArgs)
FNDA:0,System.Void WireMock.Util.EnhancedFileSystemWatcher::OnRenamed(System.IO.RenamedEventArgs)
DA:154,0
DA:155,0
DA:156,0
BRDA:155,8,0,0
BRDA:155,8,1,0
FN:166,System.Void WireMock.Util.EnhancedFileSystemWatcher::InitializeMembers(System.Int32)
FNDA:0,System.Void WireMock.Util.EnhancedFileSystemWatcher::InitializeMembers(System.Int32)
DA:167,0
DA:168,0
DA:169,0
DA:170,0
DA:172,0
DA:173,0
DA:174,0
DA:175,0
DA:176,0
FN:185,System.Boolean WireMock.Util.EnhancedFileSystemWatcher::HasAnotherFileEventOccuredRecently(System.String)
FNDA:0,System.Boolean WireMock.Util.EnhancedFileSystemWatcher::HasAnotherFileEventOccuredRecently(System.String)
DA:186,0
DA:188,0
DA:189,0
DA:190,0
DA:193,0
DA:194,0
DA:195,0
DA:200,0
DA:201,0
DA:202,0
DA:203,0
DA:204,0
DA:205,0
DA:207,0
DA:211,0
DA:212,0
DA:214,0
DA:215,0
BRDA:188,12,0,0
BRDA:188,12,1,0
BRDA:194,35,0,0
BRDA:194,35,1,0
FN:220,System.Void WireMock.Util.EnhancedFileSystemWatcher::OnChanged(System.Object,System.IO.FileSystemEventArgs)
FNDA:0,System.Void WireMock.Util.EnhancedFileSystemWatcher::OnChanged(System.Object,System.IO.FileSystemEventArgs)
DA:221,0
DA:222,0
DA:223,0
DA:224,0
DA:225,0
DA:226,0
BRDA:222,18,0,0
BRDA:222,18,1,0
FN:228,System.Void WireMock.Util.EnhancedFileSystemWatcher::OnCreated(System.Object,System.IO.FileSystemEventArgs)
FNDA:0,System.Void WireMock.Util.EnhancedFileSystemWatcher::OnCreated(System.Object,System.IO.FileSystemEventArgs)
DA:229,0
DA:230,0
DA:231,0
DA:232,0
DA:233,0
DA:234,0
BRDA:230,18,0,0
BRDA:230,18,1,0
FN:236,System.Void WireMock.Util.EnhancedFileSystemWatcher::OnDeleted(System.Object,System.IO.FileSystemEventArgs)
FNDA:0,System.Void WireMock.Util.EnhancedFileSystemWatcher::OnDeleted(System.Object,System.IO.FileSystemEventArgs)
DA:237,0
DA:238,0
DA:239,0
DA:240,0
DA:241,0
DA:242,0
BRDA:238,18,0,0
BRDA:238,18,1,0
FN:244,System.Void WireMock.Util.EnhancedFileSystemWatcher::OnRenamed(System.Object,System.IO.RenamedEventArgs)
FNDA:0,System.Void WireMock.Util.EnhancedFileSystemWatcher::OnRenamed(System.Object,System.IO.RenamedEventArgs)
DA:245,0
DA:246,0
DA:247,0
DA:248,0
DA:249,0
DA:250,0
BRDA:246,18,0,0
BRDA:246,18,1,0
FN:58,System.Void WireMock.Util.EnhancedFileSystemWatcher::.ctor(System.Int32)
FNDA:0,System.Void WireMock.Util.EnhancedFileSystemWatcher::.ctor(System.Int32)
DA:59,0
DA:60,0
DA:61,0
DA:63,0
DA:64,0
BRDA:61,15,0,0
BRDA:61,15,1,0
FN:70,System.Void WireMock.Util.EnhancedFileSystemWatcher::.ctor(System.String,System.Int32)
FNDA:0,System.Void WireMock.Util.EnhancedFileSystemWatcher::.ctor(System.String,System.Int32)
DA:71,0
DA:72,0
DA:73,0
DA:74,0
DA:76,0
DA:77,0
BRDA:74,28,0,0
BRDA:74,28,1,0
FN:84,System.Void WireMock.Util.EnhancedFileSystemWatcher::.ctor(System.String,System.String,System.Int32)
FNDA:0,System.Void WireMock.Util.EnhancedFileSystemWatcher::.ctor(System.String,System.String,System.Int32)
DA:85,0
DA:86,0
DA:87,0
DA:88,0
DA:89,0
DA:91,0
DA:92,0
BRDA:89,41,0,0
BRDA:89,41,1,0
LF:87
LH:0
BRF:26
BRH:0
FNF:16
FNH:0
end_of_record
SF:C:\dev\GitHub\WireMock.Net\src\WireMock.Net\Util\FileHelper.cs
FN:14,System.String WireMock.Util.FileHelper::ReadAllTextWithRetryAndDelay(WireMock.Handlers.IFileSystemHandler,System.String)
FNDA:2,System.String WireMock.Util.FileHelper::ReadAllTextWithRetryAndDelay(WireMock.Handlers.IFileSystemHandler,System.String)
DA:15,2
DA:16,2
DA:17,2
DA:19,10
DA:20,4
DA:22,4
DA:23,4
DA:25,3
DA:26,3
DA:27,3
DA:28,3
DA:29,3
DA:31,1
DA:32,1
BRDA:19,71,1,4
BRDA:19,71,0,1
LF:14
LH:14
BRF:2
BRH:2
FNF:1
FNH:1
end_of_record
SF:C:\dev\GitHub\WireMock.Net\src\WireMock.Net\Util\JsonUtils.cs
FN:11,T WireMock.Util.JsonUtils::ParseJTokenToObject(System.Object)
FNDA:11,T WireMock.Util.JsonUtils::ParseJTokenToObject(System.Object)
DA:12,11
DA:13,11
DA:16,10
DA:19,1
DA:21,11
BRDA:13,6,1,11
BRDA:13,18,0,10
BRDA:13,6,0,1
BRDA:13,18,1,1
FN:23,System.String WireMock.Util.JsonUtils::GenerateDynamicLinqStatement(Newtonsoft.Json.Linq.JToken)
FNDA:11,System.String WireMock.Util.JsonUtils::GenerateDynamicLinqStatement(Newtonsoft.Json.Linq.JToken)
DA:24,11
DA:25,11
DA:26,11
DA:28,10
DA:29,10
FN:31,System.Void WireMock.Util.JsonUtils::WalkNode(Newtonsoft.Json.Linq.JToken,System.String,System.String,System.Collections.Generic.List`1<System.String>)
FNDA:41,System.Void WireMock.Util.JsonUtils::WalkNode(Newtonsoft.Json.Linq.JToken,System.String,System.String,System.Collections.Generic.List`1<System.String>)
DA:32,41
DA:33,41
DA:34,10
DA:35,10
DA:36,9
DA:37,31
DA:38,1
DA:39,1
DA:40,1
DA:42,30
DA:43,30
DA:44,29
DA:45,39
BRDA:33,12,0,10
BRDA:33,12,1,31
BRDA:37,38,0,1
BRDA:37,38,1,30
BRDA:43,57,0,2
BRDA:43,57,1,30
FN:47,System.Void WireMock.Util.JsonUtils::ProcessObject(Newtonsoft.Json.Linq.JToken,System.String,System.Collections.Generic.List`1<System.String>)
FNDA:10,System.Void WireMock.Util.JsonUtils::ProcessObject(Newtonsoft.Json.Linq.JToken,System.String,System.Collections.Generic.List`1<System.String>)
DA:48,10
DA:49,10
DA:50,10
DA:53,85
DA:54,28
DA:55,28
DA:56,27
DA:58,9
DA:59,9
DA:61,9
DA:62,1
DA:63,1
DA:64,1
DA:66,9
DA:67,9
BRDA:53,83,1,28
BRDA:53,83,0,9
BRDA:61,128,0,1
BRDA:61,128,1,9
FN:69,System.Void WireMock.Util.JsonUtils::ProcessArray(Newtonsoft.Json.Linq.JToken,System.String,System.Collections.Generic.List`1<System.String>)
FNDA:1,System.Void WireMock.Util.JsonUtils::ProcessArray(Newtonsoft.Json.Linq.JToken,System.String,System.Collections.Generic.List`1<System.String>)
DA:70,1
DA:71,1
DA:72,1
DA:75,1
DA:76,7
DA:77,2
DA:78,2
DA:79,2
DA:80,2
DA:82,1
DA:83,1
DA:85,1
DA:86,1
DA:87,1
DA:88,1
DA:90,1
DA:91,1
BRDA:76,98,1,2
BRDA:76,98,0,1
BRDA:85,143,0,1
BRDA:85,143,1,1
FN:93,System.Void WireMock.Util.JsonUtils::ProcessItem(Newtonsoft.Json.Linq.JToken,System.String,System.String,System.Collections.Generic.List`1<System.String>)
FNDA:30,System.Void WireMock.Util.JsonUtils::ProcessItem(Newtonsoft.Json.Linq.JToken,System.String,System.String,System.Collections.Generic.List`1<System.String>)
DA:94,30
DA:95,30
DA:96,30
DA:99,1
DA:100,1
DA:103,1
DA:104,1
DA:107,2
DA:108,2
DA:111,1
DA:112,1
DA:115,11
DA:116,11
DA:119,1
DA:120,1
DA:123,10
DA:124,10
DA:127,1
DA:128,1
DA:131,1
DA:132,1
DA:135,1
DA:136,1
DA:139,29
DA:140,25
DA:141,25
DA:142,25
DA:144,29
DA:145,29
BRDA:96,17,4,1
BRDA:96,17,7,1
BRDA:96,17,2,2
BRDA:96,17,10,1
BRDA:96,17,1,11
BRDA:96,17,5,1
BRDA:96,17,3,10
BRDA:96,17,12,1
BRDA:96,17,11,1
BRDA:96,17,0,1
BRDA:96,17,6,1
BRDA:96,17,8,1
BRDA:96,17,9,1
BRDA:139,233,0,25
BRDA:139,233,1,29
LF:84
LH:84
BRF:33
BRH:33
FNF:6
FNH:6
end_of_record
SF:C:\dev\GitHub\WireMock.Net\src\WireMock.Net\Util\PortUtils.cs
FN:18,System.Int32 WireMock.Util.PortUtils::FindFreeTcpPort()
FNDA:47,System.Int32 WireMock.Util.PortUtils::FindFreeTcpPort()
DA:19,47
DA:20,47
DA:22,47
DA:23,47
DA:24,47
DA:26,47
DA:29,47
DA:30,47
DA:31,47
DA:32,47
BRDA:30,44,1,47
BRDA:30,44,0,47
FN:37,System.Boolean WireMock.Util.PortUtils::TryExtractProtocolAndPort(System.String,System.String&,System.Int32&)
FNDA:96,System.Boolean WireMock.Util.PortUtils::TryExtractProtocolAndPort(System.String,System.String&,System.Int32&)
DA:38,96
DA:39,96
DA:40,96
DA:42,96
DA:43,96
DA:44,96
DA:45,96
DA:47,96
DA:50,0
DA:51,96
BRDA:43,27,0,96
BRDA:43,27,1,0
FN:11,System.Void WireMock.Util.PortUtils::.cctor()
FNDA:1,System.Void WireMock.Util.PortUtils::.cctor()
DA:12,1
LF:21
LH:20
BRF:4
BRH:3
FNF:3
FNH:3
end_of_record
SF:C:\dev\GitHub\WireMock.Net\src\WireMock.Net\Util\UrlUtils.cs
FN:14,WireMock.Models.UrlDetails WireMock.Util.UrlUtils::Parse(System.Uri,Microsoft.AspNetCore.Http.PathString)
FNDA:70,WireMock.Models.UrlDetails WireMock.Util.UrlUtils::Parse(System.Uri,Microsoft.AspNetCore.Http.PathString)
DA:15,70
DA:16,70
DA:17,66
DA:18,66
DA:21,4
DA:22,4
DA:24,4
DA:25,70
BRDA:16,13,0,66
BRDA:16,13,1,4
FN:27,System.String WireMock.Util.UrlUtils::RemoveFirst(System.String,System.String)
FNDA:4,System.String WireMock.Util.UrlUtils::RemoveFirst(System.String,System.String)
DA:28,4
DA:29,4
DA:30,4
DA:31,1
DA:32,1
DA:35,3
DA:36,4
BRDA:30,15,0,1
BRDA:30,15,1,3
LF:15
LH:15
BRF:4
BRH:4
FNF:2
FNH:2
end_of_record
SF:C:\dev\GitHub\WireMock.Net\src\WireMock.Net\Util\WireMockList.cs
FN:39,System.String WireMock.Util.WireMockList`1::ToString()
FNDA:11,System.String WireMock.Util.WireMockList`1::ToString()
DA:40,11
DA:41,11
DA:42,11
BRDA:41,7,0,0
BRDA:41,7,1,11
FN:15,System.Void WireMock.Util.WireMockList`1::.ctor()
FNDA:30,System.Void WireMock.Util.WireMockList`1::.ctor()
DA:16,30
DA:17,30
DA:18,30
FN:23,System.Void WireMock.Util.WireMockList`1::.ctor(T[])
FNDA:242,System.Void WireMock.Util.WireMockList`1::.ctor(T[])
DA:24,242
DA:25,242
DA:26,242
FN:31,System.Void WireMock.Util.WireMockList`1::.ctor(System.Collections.Generic.IEnumerable`1<T>)
FNDA:0,System.Void WireMock.Util.WireMockList`1::.ctor(System.Collections.Generic.IEnumerable`1<T>)
DA:32,0
DA:33,0
DA:34,0
LF:12
LH:9
BRF:2
BRH:1
FNF:4
FNH:3
end_of_record
SF:C:\dev\GitHub\WireMock.Net\src\WireMock.Net\Transformers\HandleBarsHelpers.cs
FN:5,System.Void WireMock.Transformers.HandlebarsHelpers::Register()
FNDA:1,System.Void WireMock.Transformers.HandlebarsHelpers::Register()
DA:6,1
DA:7,1
DA:9,1
DA:11,1
DA:12,1
LF:5
LH:5
BRF:0
BRH:0
FNF:1
FNH:1
end_of_record
SF:C:\dev\GitHub\WireMock.Net\src\WireMock.Net\Transformers\HandleBarsJsonPath.cs
FN:12,System.Void WireMock.Transformers.HandleBarsJsonPath::Register()
FNDA:1,System.Void WireMock.Transformers.HandleBarsJsonPath::Register()
DA:13,1
DA:14,1
DA:15,5
DA:16,5
DA:17,1
DA:18,1
DA:19,5
DA:20,5
DA:21,5
DA:22,5
DA:23,1
DA:24,1
DA:25,1
DA:26,1
DA:27,1
DA:28,5
DA:30,1
DA:31,4
DA:32,4
DA:33,1
DA:34,1
DA:35,3
DA:36,3
DA:37,3
DA:38,3
DA:39,11
DA:40,3
DA:41,3
DA:42,1
DA:43,1
DA:44,1
DA:45,1
DA:46,1
DA:47,3
DA:48,1
BRDA:14,12,0,1
BRDA:14,12,1,1
BRDA:30,54,0,1
BRDA:30,54,1,1
FN:50,System.ValueTuple`2<Newtonsoft.Json.Linq.JObject,System.String> WireMock.Transformers.HandleBarsJsonPath::ParseArguments(System.Object[])
FNDA:7,System.ValueTuple`2<Newtonsoft.Json.Linq.JObject,System.String> WireMock.Transformers.HandleBarsJsonPath::ParseArguments(System.Object[])
DA:51,7
DA:52,14
DA:53,7
DA:54,6
DA:58,6
DA:61,4
DA:62,4
DA:65,2
DA:66,2
DA:69,0
DA:72,6
DA:73,6
BRDA:52,8,0,1
BRDA:52,8,1,7
BRDA:58,86,1,6
BRDA:58,98,1,2
BRDA:58,98,0,4
BRDA:58,110,0,2
BRDA:58,86,0,0
BRDA:58,110,1,0
BRDA:69,153,0,0
BRDA:69,153,1,0
LF:47
LH:46
BRF:20
BRH:16
FNF:2
FNH:2
end_of_record
SF:C:\dev\GitHub\WireMock.Net\src\WireMock.Net\Transformers\HandleBarsLinq.cs
FN:14,System.Void WireMock.Transformers.HandleBarsLinq::Register()
FNDA:1,System.Void WireMock.Transformers.HandleBarsLinq::Register()
DA:15,1
DA:16,1
DA:17,8
DA:18,8
DA:19,1
DA:20,1
DA:21,5
DA:22,5
DA:23,4
DA:24,4
DA:25,2
DA:26,2
DA:27,1
DA:28,2
DA:29,1
DA:30,5
DA:32,1
DA:33,3
DA:34,3
DA:35,1
DA:36,1
DA:37,3
DA:38,3
DA:39,2
DA:40,2
DA:41,2
DA:42,2
DA:43,1
DA:44,2
DA:45,1
DA:46,3
DA:47,1
BRDA:16,12,0,1
BRDA:16,12,1,1
BRDA:32,54,0,1
BRDA:32,54,1,1
FN:49,System.Object WireMock.Transformers.HandleBarsLinq::ExecuteDynamicLinq(Newtonsoft.Json.Linq.JToken,System.String)
FNDA:6,System.Object WireMock.Transformers.HandleBarsLinq::ExecuteDynamicLinq(Newtonsoft.Json.Linq.JToken,System.String)
DA:50,6
DA:52,6
DA:55,6
DA:58,6
DA:61,6
DA:62,4
FN:64,System.ValueTuple`2<Newtonsoft.Json.Linq.JToken,System.String> WireMock.Transformers.HandleBarsLinq::ParseArguments(System.Object[])
FNDA:9,System.ValueTuple`2<Newtonsoft.Json.Linq.JToken,System.String> WireMock.Transformers.HandleBarsLinq::ParseArguments(System.Object[])
DA:65,9
DA:66,18
DA:67,8
DA:68,7
DA:71,7
DA:74,1
DA:75,1
DA:78,5
DA:79,5
DA:82,1
DA:85,6
DA:86,6
BRDA:66,8,0,1
BRDA:66,8,1,9
BRDA:71,86,1,7
BRDA:71,98,1,6
BRDA:71,98,0,1
BRDA:71,110,0,5
BRDA:71,86,0,1
BRDA:71,110,1,1
BRDA:82,153,0,0
BRDA:82,153,1,1
LF:50
LH:50
BRF:16
BRH:15
FNF:3
FNH:3
end_of_record
SF:C:\dev\GitHub\WireMock.Net\src\WireMock.Net\Transformers\HandleBarsRegex.cs
FN:12,System.Void WireMock.Transformers.HandleBarsRegex::Register()
FNDA:1,System.Void WireMock.Transformers.HandleBarsRegex::Register()
DA:13,1
DA:14,1
DA:15,4
DA:16,4
DA:17,1
DA:18,4
DA:19,1
DA:20,4
DA:21,2
DA:22,2
DA:23,2
DA:24,3
DA:25,2
DA:26,2
DA:27,2
DA:28,4
DA:30,1
DA:31,5
DA:32,5
DA:33,1
DA:34,4
DA:35,4
DA:36,4
DA:37,2
DA:38,2
DA:39,2
DA:40,3
DA:41,2
DA:42,2
DA:43,2
DA:44,4
DA:45,1
BRDA:14,12,0,1
BRDA:14,12,1,1
BRDA:30,54,0,1
BRDA:30,54,1,1
FN:47,System.ValueTuple`3<System.String,System.String,System.Object> WireMock.Transformers.HandleBarsRegex::ParseArguments(System.Object[])
FNDA:7,System.ValueTuple`3<System.String,System.String,System.Object> WireMock.Transformers.HandleBarsRegex::ParseArguments(System.Object[])
DA:48,7
DA:49,14
DA:63,7
DA:64,6
BRDA:49,8,0,3
BRDA:49,8,1,12
BRDA:63,65,0,4
BRDA:63,65,1,2
FN:51,System.String WireMock.Transformers.HandleBarsRegex::<ParseArguments>g__ParseAsString|1_1(System.Object)
FNDA:13,System.String WireMock.Transformers.HandleBarsRegex::<ParseArguments>g__ParseAsString|1_1(System.Object)
DA:52,13
DA:53,13
DA:54,12
DA:55,12
DA:58,1
DA:59,1
DA:61,12
BRDA:53,12,0,12
BRDA:53,12,1,1
BRDA:59,32,0,1
BRDA:59,32,1,0
LF:43
LH:43
BRF:20
BRH:19
FNF:3
FNH:3
end_of_record
SF:C:\dev\GitHub\WireMock.Net\src\WireMock.Net\Transformers\ResponseMessageTransformer.cs
FN:18,WireMock.ResponseMessage WireMock.Transformers.ResponseMessageTransformer::Transform(WireMock.RequestMessage,WireMock.ResponseMessage)
FNDA:32,WireMock.ResponseMessage WireMock.Transformers.ResponseMessageTransformer::Transform(WireMock.RequestMessage,WireMock.ResponseMessage)
DA:19,32
DA:20,32
DA:21,32
DA:23,32
DA:24,19
DA:25,19
DA:26,19
DA:28,32
DA:30,32
DA:31,19
DA:32,19
DA:33,17
DA:35,13
DA:36,13
DA:37,10
DA:40,27
DA:41,105
DA:42,12
DA:43,12
DA:44,12
DA:45,12
DA:46,25
DA:47,12
DA:49,12
DA:50,12
DA:52,27
DA:54,27
DA:55,27
BRDA:23,44,0,19
BRDA:23,44,1,32
BRDA:30,81,0,19
BRDA:30,81,1,13
BRDA:41,267,1,12
BRDA:44,194,0,12
BRDA:44,194,1,12
BRDA:41,267,0,27
FN:57,System.Void WireMock.Transformers.ResponseMessageTransformer::TransformBodyAsJson(System.Object,WireMock.ResponseMessage,WireMock.ResponseMessage)
FNDA:13,System.Void WireMock.Transformers.ResponseMessageTransformer::TransformBodyAsJson(System.Object,WireMock.ResponseMessage,WireMock.ResponseMessage)
DA:58,13
DA:60,13
DA:63,0
DA:64,0
DA:67,1
DA:68,1
DA:71,12
DA:72,12
DA:75,13
DA:77,10
DA:78,10
BRDA:60,13,1,13
BRDA:60,25,1,13
BRDA:60,25,0,0
BRDA:60,37,0,1
BRDA:60,13,0,12
BRDA:60,37,1,12
FN:80,System.Void WireMock.Transformers.ResponseMessageTransformer::WalkNode(Newtonsoft.Json.Linq.JToken,System.Object)
FNDA:30,System.Void WireMock.Transformers.ResponseMessageTransformer::WalkNode(Newtonsoft.Json.Linq.JToken,System.Object)
DA:81,30
DA:82,30
DA:83,12
DA:85,57
DA:86,12
DA:87,12
DA:88,9
DA:89,9
DA:90,18
DA:91,1
DA:93,13
DA:94,5
DA:95,5
DA:96,5
DA:97,1
DA:98,17
DA:99,17
DA:101,17
DA:102,17
DA:103,0
DA:104,0
DA:107,17
DA:108,17
DA:109,14
DA:110,12
DA:113,12
DA:115,12
DA:116,2
DA:117,10
DA:118,10
DA:120,10
DA:121,10
DA:123,12
DA:124,12
DA:125,14
DA:126,24
BRDA:82,12,0,12
BRDA:85,64,1,12
BRDA:85,64,0,9
BRDA:82,12,1,18
BRDA:90,85,0,1
BRDA:93,142,1,5
BRDA:93,142,0,1
BRDA:90,85,1,17
BRDA:98,160,0,17
BRDA:102,182,0,0
BRDA:102,182,1,17
BRDA:109,222,0,12
BRDA:109,222,1,14
BRDA:98,160,1,24
FN:128,System.Void WireMock.Transformers.ResponseMessageTransformer::TransformBodyAsString(System.Object,WireMock.ResponseMessage,WireMock.ResponseMessage)
FNDA:19,System.Void WireMock.Transformers.ResponseMessageTransformer::TransformBodyAsString(System.Object,WireMock.ResponseMessage,WireMock.ResponseMessage)
DA:129,19
DA:130,19
DA:132,19
DA:133,17
FN:13,System.Void WireMock.Transformers.ResponseMessageTransformer::.cctor()
FNDA:1,System.Void WireMock.Transformers.ResponseMessageTransformer::.cctor()
DA:14,1
DA:15,1
DA:16,1
LF:82
LH:78
BRF:28
BRH:26
FNF:5
FNH:5
end_of_record
SF:C:\dev\GitHub\WireMock.Net\src\WireMock.Net\Settings\FluentMockServerSettings.cs
FN:15,System.Nullable`1<System.Int32> WireMock.Settings.FluentMockServerSettings::get_Port()
FNDA:133,System.Nullable`1<System.Int32> WireMock.Settings.FluentMockServerSettings::get_Port()
DA:16,133
FN:20,System.Nullable`1<System.Boolean> WireMock.Settings.FluentMockServerSettings::get_UseSSL()
FNDA:133,System.Nullable`1<System.Boolean> WireMock.Settings.FluentMockServerSettings::get_UseSSL()
DA:21,133
FN:24,System.Nullable`1<System.Boolean> WireMock.Settings.FluentMockServerSettings::get_StartAdminInterface()
FNDA:104,System.Nullable`1<System.Boolean> WireMock.Settings.FluentMockServerSettings::get_StartAdminInterface()
DA:25,104
FN:28,System.Nullable`1<System.Boolean> WireMock.Settings.FluentMockServerSettings::get_ReadStaticMappings()
FNDA:96,System.Nullable`1<System.Boolean> WireMock.Settings.FluentMockServerSettings::get_ReadStaticMappings()
DA:29,96
FN:32,System.Nullable`1<System.Boolean> WireMock.Settings.FluentMockServerSettings::get_WatchStaticMappings()
FNDA:96,System.Nullable`1<System.Boolean> WireMock.Settings.FluentMockServerSettings::get_WatchStaticMappings()
DA:33,96
FN:36,WireMock.Settings.IProxyAndRecordSettings WireMock.Settings.FluentMockServerSettings::get_ProxyAndRecordSettings()
FNDA:96,WireMock.Settings.IProxyAndRecordSettings WireMock.Settings.FluentMockServerSettings::get_ProxyAndRecordSettings()
DA:37,96
FN:40,System.String[] WireMock.Settings.FluentMockServerSettings::get_Urls()
FNDA:98,System.String[] WireMock.Settings.FluentMockServerSettings::get_Urls()
DA:41,98
FN:44,System.Int32 WireMock.Settings.FluentMockServerSettings::get_StartTimeout()
FNDA:144,System.Int32 WireMock.Settings.FluentMockServerSettings::get_StartTimeout()
DA:45,144
FN:48,System.Nullable`1<System.Boolean> WireMock.Settings.FluentMockServerSettings::get_AllowPartialMapping()
FNDA:96,System.Nullable`1<System.Boolean> WireMock.Settings.FluentMockServerSettings::get_AllowPartialMapping()
DA:49,96
FN:52,System.String WireMock.Settings.FluentMockServerSettings::get_AdminUsername()
FNDA:56,System.String WireMock.Settings.FluentMockServerSettings::get_AdminUsername()
DA:53,56
FN:56,System.String WireMock.Settings.FluentMockServerSettings::get_AdminPassword()
FNDA:48,System.String WireMock.Settings.FluentMockServerSettings::get_AdminPassword()
DA:57,48
FN:60,System.Nullable`1<System.Int32> WireMock.Settings.FluentMockServerSettings::get_RequestLogExpirationDuration()
FNDA:48,System.Nullable`1<System.Int32> WireMock.Settings.FluentMockServerSettings::get_RequestLogExpirationDuration()
DA:61,48
FN:64,System.Nullable`1<System.Int32> WireMock.Settings.FluentMockServerSettings::get_MaxRequestLogCount()
FNDA:96,System.Nullable`1<System.Int32> WireMock.Settings.FluentMockServerSettings::get_MaxRequestLogCount()
DA:65,96
FN:69,System.Action`1<System.Object> WireMock.Settings.FluentMockServerSettings::get_PreWireMockMiddlewareInit()
FNDA:48,System.Action`1<System.Object> WireMock.Settings.FluentMockServerSettings::get_PreWireMockMiddlewareInit()
DA:70,48
FN:74,System.Action`1<System.Object> WireMock.Settings.FluentMockServerSettings::get_PostWireMockMiddlewareInit()
FNDA:48,System.Action`1<System.Object> WireMock.Settings.FluentMockServerSettings::get_PostWireMockMiddlewareInit()
DA:75,48
FN:79,WireMock.Logging.IWireMockLogger WireMock.Settings.FluentMockServerSettings::get_Logger()
FNDA:197,WireMock.Logging.IWireMockLogger WireMock.Settings.FluentMockServerSettings::get_Logger()
DA:80,197
FN:84,WireMock.Handlers.IFileSystemHandler WireMock.Settings.FluentMockServerSettings::get_FileSystemHandler()
FNDA:100,WireMock.Handlers.IFileSystemHandler WireMock.Settings.FluentMockServerSettings::get_FileSystemHandler()
DA:85,100
LF:17
LH:17
BRF:0
BRH:0
FNF:17
FNH:17
end_of_record
SF:C:\dev\GitHub\WireMock.Net\src\WireMock.Net\Settings\ProxyAndRecordSettings.cs
FN:11,System.String WireMock.Settings.ProxyAndRecordSettings::get_Url()
FNDA:0,System.String WireMock.Settings.ProxyAndRecordSettings::get_Url()
DA:12,0
FN:15,System.Boolean WireMock.Settings.ProxyAndRecordSettings::get_SaveMapping()
FNDA:0,System.Boolean WireMock.Settings.ProxyAndRecordSettings::get_SaveMapping()
DA:16,0
FN:19,System.Boolean WireMock.Settings.ProxyAndRecordSettings::get_SaveMappingToFile()
FNDA:0,System.Boolean WireMock.Settings.ProxyAndRecordSettings::get_SaveMappingToFile()
DA:20,0
FN:23,System.String WireMock.Settings.ProxyAndRecordSettings::get_ClientX509Certificate2ThumbprintOrSubjectName()
FNDA:0,System.String WireMock.Settings.ProxyAndRecordSettings::get_ClientX509Certificate2ThumbprintOrSubjectName()
DA:24,0
FN:27,System.String[] WireMock.Settings.ProxyAndRecordSettings::get_BlackListedHeaders()
FNDA:0,System.String[] WireMock.Settings.ProxyAndRecordSettings::get_BlackListedHeaders()
DA:28,0
LF:5
LH:0
BRF:0
BRH:0
FNF:5
FNH:0
end_of_record
SF:C:\dev\GitHub\WireMock.Net\src\WireMock.Net\Server\FluentMockServer.Admin.cs
FN:56,System.Void WireMock.Server.FluentMockServer::InitAdmin()
FNDA:8,System.Void WireMock.Server.FluentMockServer::InitAdmin()
DA:57,8
DA:59,8
DA:60,8
DA:64,8
DA:65,8
DA:66,8
DA:69,8
DA:72,8
DA:73,8
DA:74,8
DA:77,8
DA:81,8
DA:82,8
DA:85,8
DA:88,8
DA:89,8
DA:92,8
DA:96,8
DA:97,8
DA:100,8
DA:101,8
FN:110,System.Void WireMock.Server.FluentMockServer::SaveStaticMappings(System.String)
FNDA:1,System.Void WireMock.Server.FluentMockServer::SaveStaticMappings(System.String)
DA:111,1
DA:112,6
DA:113,1
DA:114,1
DA:115,1
DA:116,1
BRDA:112,14,0,1
BRDA:112,14,1,1
BRDA:112,76,1,1
BRDA:112,76,0,1
FN:123,System.Void WireMock.Server.FluentMockServer::ReadStaticMappings(System.String)
FNDA:4,System.Void WireMock.Server.FluentMockServer::ReadStaticMappings(System.String)
DA:124,4
DA:125,4
DA:126,1
DA:127,1
DA:128,1
DA:130,4
DA:131,1
DA:132,1
DA:133,1
DA:136,27
DA:137,6
DA:138,6
DA:141,6
DA:142,6
DA:143,6
DA:144,0
DA:145,0
DA:146,0
DA:147,0
DA:148,6
DA:149,4
BRDA:125,7,0,1
BRDA:125,7,1,4
BRDA:130,41,0,1
BRDA:130,41,1,3
BRDA:136,95,0,1
BRDA:136,95,1,3
BRDA:136,219,1,6
BRDA:136,219,0,3
FN:156,System.Void WireMock.Server.FluentMockServer::WatchStaticMappings(System.String)
FNDA:1,System.Void WireMock.Server.FluentMockServer::WatchStaticMappings(System.String)
DA:157,1
DA:158,1
DA:159,1
DA:160,1
DA:161,1
DA:163,1
DA:164,1
DA:165,1
DA:168,0
DA:170,0
DA:171,0
DA:172,0
DA:173,0
DA:174,0
DA:175,0
DA:176,0
DA:177,0
DA:178,0
DA:179,0
DA:180,0
DA:181,0
DA:182,0
DA:183,0
DA:184,0
DA:185,0
DA:186,0
DA:187,0
DA:188,0
DA:189,0
DA:190,0
DA:191,0
DA:192,0
DA:193,0
DA:194,0
DA:196,0
DA:197,1
BRDA:158,7,0,1
BRDA:158,7,1,1
BRDA:163,41,0,1
BRDA:163,41,1,0
FN:204,System.Void WireMock.Server.FluentMockServer::ReadStaticMappingAndAddOrUpdate(System.String)
FNDA:10,System.Void WireMock.Server.FluentMockServer::ReadStaticMappingAndAddOrUpdate(System.String)
DA:205,10
DA:206,10
DA:208,10
DA:210,10
DA:211,10
DA:212,6
DA:213,6
DA:214,6
DA:216,4
DA:217,4
DA:218,4
DA:219,10
BRDA:211,48,0,6
BRDA:211,48,1,4
FN:225,System.Void WireMock.Server.FluentMockServer::InitProxyAndRecord(WireMock.Settings.IFluentMockServerSettings)
FNDA:0,System.Void WireMock.Server.FluentMockServer::InitProxyAndRecord(WireMock.Settings.IFluentMockServerSettings)
DA:226,0
DA:227,0
DA:229,0
DA:230,0
DA:231,0
DA:232,0
DA:233,0
DA:235,0
DA:236,0
BRDA:230,76,0,0
BRDA:230,76,1,0
BRDA:230,90,0,0
BRDA:230,90,1,0
FN:260,WireMock.Mapping WireMock.Server.FluentMockServer::ToMapping(WireMock.RequestMessage,WireMock.ResponseMessage,System.String[])
FNDA:0,WireMock.Mapping WireMock.Server.FluentMockServer::ToMapping(WireMock.RequestMessage,WireMock.ResponseMessage,System.String[])
DA:261,0
DA:262,0
DA:263,0
DA:264,0
DA:266,0
DA:267,0
DA:269,0
DA:270,0
DA:271,0
DA:272,0
DA:273,0
DA:274,0
DA:275,0
DA:276,0
DA:278,0
DA:279,0
DA:280,0
DA:281,0
DA:282,0
DA:283,0
DA:284,0
DA:285,0
DA:287,0
DA:289,0
DA:290,0
BRDA:278,179,0,0
BRDA:278,179,1,0
BRDA:282,220,0,0
BRDA:282,220,1,0
FN:294,WireMock.ResponseMessage WireMock.Server.FluentMockServer::SettingsGet(WireMock.RequestMessage)
FNDA:1,WireMock.ResponseMessage WireMock.Server.FluentMockServer::SettingsGet(WireMock.RequestMessage)
DA:295,1
DA:296,1
DA:297,1
DA:298,1
DA:299,1
DA:300,1
DA:301,1
DA:302,1
DA:304,1
DA:305,1
BRDA:296,86,0,1
BRDA:296,86,1,0
BRDA:296,127,0,1
BRDA:296,127,1,0
FN:307,WireMock.ResponseMessage WireMock.Server.FluentMockServer::SettingsUpdate(WireMock.RequestMessage)
FNDA:2,WireMock.ResponseMessage WireMock.Server.FluentMockServer::SettingsUpdate(WireMock.RequestMessage)
DA:308,2
DA:309,2
DA:310,2
DA:311,2
DA:313,2
DA:314,0
DA:315,0
DA:316,0
DA:318,2
DA:319,0
DA:320,0
DA:321,0
DA:323,2
DA:324,2
BRDA:313,61,0,0
BRDA:313,61,1,2
BRDA:318,108,0,0
BRDA:318,108,1,2
FN:328,WireMock.ResponseMessage WireMock.Server.FluentMockServer::MappingGet(WireMock.RequestMessage)
FNDA:0,WireMock.ResponseMessage WireMock.Server.FluentMockServer::MappingGet(WireMock.RequestMessage)
DA:329,0
DA:330,0
DA:331,0
DA:333,0
DA:334,0
DA:335,0
DA:336,0
DA:339,0
DA:341,0
DA:342,0
BRDA:333,71,0,0
BRDA:333,71,1,0
FN:344,WireMock.ResponseMessage WireMock.Server.FluentMockServer::MappingPut(WireMock.RequestMessage)
FNDA:0,WireMock.ResponseMessage WireMock.Server.FluentMockServer::MappingPut(WireMock.RequestMessage)
DA:345,0
DA:346,0
DA:348,0
DA:349,0
DA:351,0
DA:352,0
FN:354,WireMock.ResponseMessage WireMock.Server.FluentMockServer::MappingDelete(WireMock.RequestMessage)
FNDA:0,WireMock.ResponseMessage WireMock.Server.FluentMockServer::MappingDelete(WireMock.RequestMessage)
DA:355,0
DA:356,0
DA:358,0
DA:359,0
DA:360,0
DA:363,0
DA:364,0
BRDA:358,39,0,0
BRDA:358,39,1,0
FN:368,WireMock.ResponseMessage WireMock.Server.FluentMockServer::MappingsSave(WireMock.RequestMessage)
FNDA:0,WireMock.ResponseMessage WireMock.Server.FluentMockServer::MappingsSave(WireMock.RequestMessage)
DA:369,0
DA:370,0
DA:372,0
DA:373,0
FN:375,System.Void WireMock.Server.FluentMockServer::SaveMappingToFile(WireMock.Mapping,System.String)
FNDA:1,System.Void WireMock.Server.FluentMockServer::SaveMappingToFile(WireMock.Mapping,System.String)
DA:376,1
DA:377,1
DA:378,1
DA:379,1
DA:380,1
DA:382,1
DA:383,0
DA:384,0
DA:385,0
DA:387,1
DA:388,1
DA:390,1
DA:392,1
DA:394,1
DA:395,1
BRDA:377,7,0,1
BRDA:377,7,1,1
BRDA:382,43,0,0
BRDA:382,43,1,1
BRDA:388,78,0,1
BRDA:388,78,1,0
FN:397,System.String WireMock.Server.FluentMockServer::SanitizeFileName(System.String,System.Char)
FNDA:0,System.String WireMock.Server.FluentMockServer::SanitizeFileName(System.String,System.Char)
DA:398,0
DA:399,0
DA:400,0
FN:402,WireMock.ResponseMessage WireMock.Server.FluentMockServer::MappingsGet(WireMock.RequestMessage)
FNDA:0,WireMock.ResponseMessage WireMock.Server.FluentMockServer::MappingsGet(WireMock.RequestMessage)
DA:403,0
DA:404,0
DA:405,0
DA:406,0
DA:407,0
DA:408,0
DA:409,0
DA:411,0
DA:412,0
BRDA:405,20,0,0
BRDA:405,20,1,0
BRDA:405,88,1,0
BRDA:405,88,0,0
FN:414,WireMock.ResponseMessage WireMock.Server.FluentMockServer::MappingsPost(WireMock.RequestMessage)
FNDA:1,WireMock.ResponseMessage WireMock.Server.FluentMockServer::MappingsPost(WireMock.RequestMessage)
DA:415,1
DA:418,1
DA:419,1
DA:420,1
DA:421,1
DA:422,0
DA:423,0
DA:424,0
DA:425,0
DA:427,0
DA:428,0
DA:429,0
DA:430,0
DA:433,1
DA:434,1
FN:436,System.Nullable`1<System.Guid> WireMock.Server.FluentMockServer::DeserializeAndAddOrUpdateMapping(WireMock.Admin.Mappings.MappingModel,System.Nullable`1<System.Guid>,System.String)
FNDA:11,System.Nullable`1<System.Guid> WireMock.Server.FluentMockServer::DeserializeAndAddOrUpdateMapping(WireMock.Admin.Mappings.MappingModel,System.Nullable`1<System.Guid>,System.String)
DA:437,11
DA:438,11
DA:439,11
DA:440,11
DA:442,11
DA:443,11
DA:444,0
DA:445,0
DA:448,11
DA:450,11
DA:452,11
DA:453,6
DA:454,6
DA:455,6
DA:456,5
DA:457,3
DA:458,3
DA:459,3
DA:461,11
DA:462,10
DA:463,10
DA:464,10
DA:466,11
DA:467,4
DA:468,4
DA:469,4
DA:471,11
DA:472,10
DA:473,10
DA:474,10
DA:476,11
DA:477,0
DA:478,0
DA:479,0
DA:480,0
DA:481,0
DA:483,11
DA:485,11
DA:486,11
BRDA:443,67,0,0
BRDA:443,67,1,11
BRDA:452,119,0,6
BRDA:452,119,1,5
BRDA:456,154,0,3
BRDA:456,178,0,0
BRDA:456,178,1,3
BRDA:456,190,0,0
BRDA:456,190,1,3
BRDA:456,154,1,2
BRDA:456,216,0,3
BRDA:456,216,1,11
BRDA:461,250,0,10
BRDA:461,250,1,11
BRDA:466,280,0,4
BRDA:466,280,1,11
BRDA:471,316,0,10
BRDA:471,316,1,11
BRDA:476,355,0,0
BRDA:476,355,1,11
FN:488,WireMock.ResponseMessage WireMock.Server.FluentMockServer::MappingsDelete(WireMock.RequestMessage)
FNDA:0,WireMock.ResponseMessage WireMock.Server.FluentMockServer::MappingsDelete(WireMock.RequestMessage)
DA:489,0
DA:490,0
DA:492,0
DA:494,0
DA:495,0
FN:499,WireMock.ResponseMessage WireMock.Server.FluentMockServer::RequestGet(WireMock.RequestMessage)
FNDA:0,WireMock.ResponseMessage WireMock.Server.FluentMockServer::RequestGet(WireMock.RequestMessage)
DA:500,0
DA:501,0
DA:502,0
DA:504,0
DA:505,0
DA:506,0
DA:507,0
DA:510,0
DA:512,0
DA:513,0
BRDA:504,71,0,0
BRDA:504,71,1,0
FN:515,WireMock.ResponseMessage WireMock.Server.FluentMockServer::RequestDelete(WireMock.RequestMessage)
FNDA:0,WireMock.ResponseMessage WireMock.Server.FluentMockServer::RequestDelete(WireMock.RequestMessage)
DA:516,0
DA:517,0
DA:519,0
DA:520,0
DA:521,0
DA:524,0
DA:525,0
BRDA:519,39,0,0
BRDA:519,39,1,0
FN:529,WireMock.ResponseMessage WireMock.Server.FluentMockServer::RequestsGet(WireMock.RequestMessage)
FNDA:3,WireMock.ResponseMessage WireMock.Server.FluentMockServer::RequestsGet(WireMock.RequestMessage)
DA:530,3
DA:531,3
DA:532,6
DA:533,3
DA:535,3
DA:536,3
BRDA:531,13,0,1
BRDA:531,13,1,3
FN:538,WireMock.ResponseMessage WireMock.Server.FluentMockServer::RequestsDelete(WireMock.RequestMessage)
FNDA:0,WireMock.ResponseMessage WireMock.Server.FluentMockServer::RequestsDelete(WireMock.RequestMessage)
DA:539,0
DA:540,0
DA:542,0
DA:543,0
FN:547,WireMock.ResponseMessage WireMock.Server.FluentMockServer::RequestsFind(WireMock.RequestMessage)
FNDA:1,WireMock.ResponseMessage WireMock.Server.FluentMockServer::RequestsFind(WireMock.RequestMessage)
DA:548,1
DA:549,1
DA:551,1
DA:553,1
DA:554,6
DA:555,1
DA:556,1
DA:557,1
DA:558,1
DA:559,1
DA:560,1
DA:561,1
DA:563,3
DA:565,1
DA:566,1
BRDA:554,42,0,1
BRDA:554,42,1,1
BRDA:554,151,1,1
BRDA:557,128,0,1
BRDA:557,128,1,1
BRDA:554,151,0,1
BRDA:563,175,0,1
BRDA:563,175,1,1
BRDA:563,211,0,1
BRDA:563,211,1,1
FN:570,WireMock.ResponseMessage WireMock.Server.FluentMockServer::ScenariosGet(WireMock.RequestMessage)
FNDA:0,WireMock.ResponseMessage WireMock.Server.FluentMockServer::ScenariosGet(WireMock.RequestMessage)
DA:571,0
DA:572,0
DA:573,0
DA:574,0
DA:575,0
DA:576,0
DA:577,0
DA:578,0
DA:580,0
DA:581,0
BRDA:572,18,0,0
BRDA:572,18,1,0
FN:583,WireMock.ResponseMessage WireMock.Server.FluentMockServer::ScenariosReset(WireMock.RequestMessage)
FNDA:0,WireMock.ResponseMessage WireMock.Server.FluentMockServer::ScenariosReset(WireMock.RequestMessage)
DA:584,0
DA:585,0
DA:587,0
DA:588,0
FN:591,WireMock.RequestBuilders.IRequestBuilder WireMock.Server.FluentMockServer::InitRequestBuilder(WireMock.Admin.Mappings.RequestModel,System.Boolean)
FNDA:12,WireMock.RequestBuilders.IRequestBuilder WireMock.Server.FluentMockServer::InitRequestBuilder(WireMock.Admin.Mappings.RequestModel,System.Boolean)
DA:592,12
DA:593,12
DA:595,12
DA:596,0
DA:597,0
DA:598,0
DA:599,0
DA:600,0
DA:602,0
DA:603,0
DA:604,0
DA:605,0
DA:606,0
DA:607,0
DA:608,0
DA:609,0
DA:611,12
DA:612,12
DA:613,11
DA:614,11
DA:615,1
DA:616,1
DA:617,1
DA:618,1
DA:620,10
DA:621,10
DA:622,10
DA:623,10
DA:624,10
DA:625,10
DA:626,10
DA:627,10
DA:628,11
DA:629,1
DA:630,0
DA:631,0
DA:632,0
DA:633,0
DA:634,0
DA:635,0
DA:637,0
DA:638,0
DA:639,0
DA:640,0
DA:641,0
DA:642,0
DA:643,0
DA:644,0
DA:645,0
DA:647,12
DA:648,0
DA:649,0
DA:650,0
DA:653,12
DA:654,11
DA:655,11
DA:656,11
DA:658,12
DA:659,0
DA:660,0
DA:661,0
DA:662,0
DA:663,0
DA:664,0
DA:666,12
DA:667,0
DA:668,0
DA:669,0
DA:670,0
DA:671,0
DA:672,0
DA:674,12
DA:675,0
DA:676,0
DA:677,0
DA:678,0
DA:679,0
DA:680,0
DA:682,12
DA:683,3
DA:684,3
DA:685,3
DA:686,3
DA:688,12
DA:689,12
BRDA:595,18,0,0
BRDA:597,41,0,0
BRDA:597,41,1,0
BRDA:604,80,0,0
BRDA:604,80,1,0
BRDA:604,99,0,0
BRDA:604,99,1,0
BRDA:595,18,1,12
BRDA:612,161,0,11
BRDA:614,188,0,1
BRDA:614,188,1,10
BRDA:622,230,0,0
BRDA:622,230,1,10
BRDA:622,249,0,10
BRDA:622,249,1,10
BRDA:612,161,1,1
BRDA:629,316,0,0
BRDA:631,343,0,0
BRDA:631,343,1,0
BRDA:639,385,0,0
BRDA:639,385,1,0
BRDA:639,404,0,0
BRDA:639,404,1,0
BRDA:629,316,1,12
BRDA:647,454,0,11
BRDA:647,454,1,1
BRDA:647,467,0,0
BRDA:647,467,1,12
BRDA:653,513,0,11
BRDA:653,513,1,12
BRDA:658,543,0,0
BRDA:660,562,0,0
BRDA:660,562,1,0
BRDA:660,667,1,0
BRDA:660,667,0,0
BRDA:658,543,1,12
BRDA:666,698,0,0
BRDA:668,717,0,0
BRDA:668,717,1,0
BRDA:668,822,1,0
BRDA:668,822,0,0
BRDA:666,698,1,12
BRDA:674,853,0,0
BRDA:676,872,0,0
BRDA:676,872,1,0
BRDA:676,977,1,0
BRDA:676,977,0,0
BRDA:674,853,1,12
BRDA:682,1002,0,6
BRDA:682,1002,1,6
BRDA:682,1020,0,3
BRDA:682,1020,1,12
FN:691,WireMock.ResponseBuilders.IResponseBuilder WireMock.Server.FluentMockServer::InitResponseBuilder(WireMock.Admin.Mappings.ResponseModel)
FNDA:11,WireMock.ResponseBuilders.IResponseBuilder WireMock.Server.FluentMockServer::InitResponseBuilder(WireMock.Admin.Mappings.ResponseModel)
DA:692,11
DA:693,11
DA:695,11
DA:696,0
DA:697,0
DA:698,0
DA:700,11
DA:701,0
DA:702,0
DA:703,0
DA:704,0
DA:707,0
DA:710,11
DA:711,10
DA:712,10
DA:713,10
DA:715,11
DA:716,9
DA:717,189
DA:718,81
DA:719,81
DA:720,81
DA:721,81
DA:722,81
DA:723,9
DA:724,2
DA:725,0
DA:726,0
DA:727,0
DA:728,0
DA:729,0
DA:730,0
DA:731,0
DA:732,0
DA:733,0
DA:735,11
DA:736,0
DA:737,0
DA:738,0
DA:739,11
DA:740,7
DA:741,7
DA:742,7
DA:743,4
DA:744,1
DA:745,1
DA:746,1
DA:747,3
DA:748,0
DA:749,0
DA:750,0
DA:751,3
DA:752,3
DA:753,3
DA:754,3
DA:756,11
DA:757,0
DA:758,0
DA:759,0
DA:761,11
DA:762,11
BRDA:695,25,0,11
BRDA:695,25,1,0
BRDA:695,39,0,0
BRDA:695,39,1,11
BRDA:700,82,0,0
BRDA:702,100,0,0
BRDA:702,100,1,0
BRDA:700,82,1,11
BRDA:710,166,0,10
BRDA:710,166,1,11
BRDA:715,204,0,9
BRDA:717,310,1,81
BRDA:719,248,0,0
BRDA:719,248,1,81
BRDA:717,310,0,9
BRDA:715,204,1,2
BRDA:724,346,0,0
BRDA:726,517,1,0
BRDA:726,517,0,0
BRDA:724,346,1,11
BRDA:735,533,0,0
BRDA:735,533,1,11
BRDA:739,586,0,7
BRDA:739,586,1,4
BRDA:743,639,0,1
BRDA:745,681,0,1
BRDA:745,681,1,0
BRDA:743,639,1,3
BRDA:747,720,0,0
BRDA:747,720,1,3
BRDA:751,764,0,3
BRDA:751,764,1,11
BRDA:756,792,0,0
BRDA:756,792,1,11
FN:764,WireMock.ResponseMessage WireMock.Server.FluentMockServer::ToJson(T,System.Boolean)
FNDA:5,WireMock.ResponseMessage WireMock.Server.FluentMockServer::ToJson(T,System.Boolean)
DA:765,5
DA:766,5
DA:767,5
DA:768,5
DA:769,5
DA:770,5
DA:771,5
DA:772,5
BRDA:766,15,0,5
BRDA:766,15,1,0
FN:774,System.Text.Encoding WireMock.Server.FluentMockServer::ToEncoding(WireMock.Admin.Mappings.EncodingModel)
FNDA:8,System.Text.Encoding WireMock.Server.FluentMockServer::ToEncoding(WireMock.Admin.Mappings.EncodingModel)
DA:775,8
DA:776,8
DA:777,8
BRDA:776,2,0,2
BRDA:776,2,1,6
FN:779,T WireMock.Server.FluentMockServer::DeserializeObject(WireMock.RequestMessage)
FNDA:4,T WireMock.Server.FluentMockServer::DeserializeObject(WireMock.RequestMessage)
DA:780,4
DA:781,4
DA:782,4
DA:783,4
DA:784,4
BRDA:781,7,0,0
BRDA:781,7,1,4
FN:39,System.Void WireMock.Server.FluentMockServer::.ctor(WireMock.Settings.IFluentMockServerSettings)
FNDA:48,System.Void WireMock.Server.FluentMockServer::.ctor(WireMock.Settings.IFluentMockServerSettings)
DA:40,48
DA:41,48
DA:43,48
DA:44,48
DA:45,48
DA:46,48
DA:47,48
DA:49,48
DA:50,48
DA:51,48
DA:52,48
DA:53,48
FN:238,System.Void WireMock.Server.FluentMockServer/<ProxyAndRecordAsync>d__16::MoveNext()
FNDA:0,System.Void WireMock.Server.FluentMockServer/<ProxyAndRecordAsync>d__16::MoveNext()
DA:239,0
DA:240,0
DA:241,0
DA:242,0
DA:244,0
DA:246,0
DA:247,0
DA:248,0
DA:249,0
DA:251,0
DA:252,0
DA:253,0
DA:254,0
DA:255,0
DA:257,0
DA:258,0
BRDA:244,136,0,0
BRDA:244,136,1,0
BRDA:246,252,0,0
BRDA:248,289,0,0
BRDA:248,289,1,0
BRDA:251,362,0,0
BRDA:251,362,1,0
BRDA:246,252,1,0
LF:513
LH:254
BRF:194
BRH:99
FNF:33
FNH:18
end_of_record
SF:C:\dev\GitHub\WireMock.Net\src\WireMock.Net\Server\FluentMockServer.cs
FN:39,System.Boolean WireMock.Server.FluentMockServer::get_IsStarted()
FNDA:0,System.Boolean WireMock.Server.FluentMockServer::get_IsStarted()
DA:40,0
BRDA:40,6,0,0
BRDA:40,6,1,0
FN:45,System.Collections.Generic.List`1<System.Int32> WireMock.Server.FluentMockServer::get_Ports()
FNDA:40,System.Collections.Generic.List`1<System.Int32> WireMock.Server.FluentMockServer::get_Ports()
DA:46,40
FN:51,System.String[] WireMock.Server.FluentMockServer::get_Urls()
FNDA:65,System.String[] WireMock.Server.FluentMockServer::get_Urls()
DA:52,65
FN:57,System.Collections.Generic.IEnumerable`1<WireMock.Mapping> WireMock.Server.FluentMockServer::get_Mappings()
FNDA:15,System.Collections.Generic.IEnumerable`1<WireMock.Mapping> WireMock.Server.FluentMockServer::get_Mappings()
DA:58,15
FN:63,System.Collections.Concurrent.ConcurrentDictionary`2<System.String,WireMock.ScenarioState> WireMock.Server.FluentMockServer::get_Scenarios()
FNDA:13,System.Collections.Concurrent.ConcurrentDictionary`2<System.String,WireMock.ScenarioState> WireMock.Server.FluentMockServer::get_Scenarios()
DA:64,13
FN:70,System.Void WireMock.Server.FluentMockServer::Dispose()
FNDA:0,System.Void WireMock.Server.FluentMockServer::Dispose()
DA:71,0
DA:72,0
DA:73,0
DA:74,0
FN:80,System.Void WireMock.Server.FluentMockServer::Dispose(System.Boolean)
FNDA:0,System.Void WireMock.Server.FluentMockServer::Dispose(System.Boolean)
DA:81,0
DA:82,0
DA:83,0
DA:84,0
DA:85,0
DA:86,0
BRDA:82,12,0,0
BRDA:82,12,1,0
FN:96,WireMock.Server.FluentMockServer WireMock.Server.FluentMockServer::Start(WireMock.Settings.IFluentMockServerSettings)
FNDA:9,WireMock.Server.FluentMockServer WireMock.Server.FluentMockServer::Start(WireMock.Settings.IFluentMockServerSettings)
DA:97,9
DA:98,9
DA:100,9
DA:101,9
FN:110,WireMock.Server.FluentMockServer WireMock.Server.FluentMockServer::Start(System.Nullable`1<System.Int32>,System.Boolean)
FNDA:34,WireMock.Server.FluentMockServer WireMock.Server.FluentMockServer::Start(System.Nullable`1<System.Int32>,System.Boolean)
DA:111,34
DA:112,34
DA:113,34
DA:114,34
DA:115,34
DA:116,34
DA:117,34
FN:125,WireMock.Server.FluentMockServer WireMock.Server.FluentMockServer::Start(System.String[])
FNDA:1,WireMock.Server.FluentMockServer WireMock.Server.FluentMockServer::Start(System.String[])
DA:126,1
DA:127,1
DA:129,1
DA:130,1
DA:131,1
DA:132,1
DA:133,1
FN:142,WireMock.Server.FluentMockServer WireMock.Server.FluentMockServer::StartWithAdminInterface(System.Nullable`1<System.Int32>,System.Boolean)
FNDA:4,WireMock.Server.FluentMockServer WireMock.Server.FluentMockServer::StartWithAdminInterface(System.Nullable`1<System.Int32>,System.Boolean)
DA:143,4
DA:144,4
DA:145,4
DA:146,4
DA:147,4
DA:148,4
DA:149,4
DA:150,4
FN:158,WireMock.Server.FluentMockServer WireMock.Server.FluentMockServer::StartWithAdminInterface(System.String[])
FNDA:0,WireMock.Server.FluentMockServer WireMock.Server.FluentMockServer::StartWithAdminInterface(System.String[])
DA:159,0
DA:160,0
DA:162,0
DA:163,0
DA:164,0
DA:165,0
DA:166,0
DA:167,0
FN:175,WireMock.Server.FluentMockServer WireMock.Server.FluentMockServer::StartWithAdminInterfaceAndReadStaticMappings(System.String[])
FNDA:0,WireMock.Server.FluentMockServer WireMock.Server.FluentMockServer::StartWithAdminInterfaceAndReadStaticMappings(System.String[])
DA:176,0
DA:177,0
DA:179,0
DA:180,0
DA:181,0
DA:182,0
DA:183,0
DA:184,0
DA:185,0
FN:280,System.Void WireMock.Server.FluentMockServer::Stop()
FNDA:2,System.Void WireMock.Server.FluentMockServer::Stop()
DA:281,2
DA:282,2
DA:283,2
DA:284,2
BRDA:282,8,0,0
BRDA:282,8,1,2
BRDA:283,21,1,2
BRDA:283,21,0,2
FN:291,System.Void WireMock.Server.FluentMockServer::AddCatchAllMapping()
FNDA:0,System.Void WireMock.Server.FluentMockServer::AddCatchAllMapping()
DA:292,0
DA:293,0
DA:294,0
DA:295,0
DA:296,0
DA:297,0
BRDA:293,67,0,0
BRDA:293,67,1,0
FN:303,System.Void WireMock.Server.FluentMockServer::Reset()
FNDA:0,System.Void WireMock.Server.FluentMockServer::Reset()
DA:304,0
DA:305,0
DA:307,0
DA:308,0
FN:314,System.Void WireMock.Server.FluentMockServer::ResetMappings()
FNDA:10,System.Void WireMock.Server.FluentMockServer::ResetMappings()
DA:315,10
DA:316,66
DA:317,12
DA:318,12
DA:319,12
DA:320,10
BRDA:316,24,0,1
BRDA:316,24,1,10
BRDA:316,103,1,12
BRDA:316,103,0,10
FN:327,System.Boolean WireMock.Server.FluentMockServer::DeleteMapping(System.Guid)
FNDA:0,System.Boolean WireMock.Server.FluentMockServer::DeleteMapping(System.Guid)
DA:328,0
DA:330,0
DA:331,0
DA:332,0
DA:335,0
DA:336,0
BRDA:330,20,0,0
BRDA:330,20,1,0
FN:338,System.Boolean WireMock.Server.FluentMockServer::DeleteMapping(System.String)
FNDA:0,System.Boolean WireMock.Server.FluentMockServer::DeleteMapping(System.String)
DA:339,0
DA:341,0
DA:342,0
DA:343,0
FN:350,System.Void WireMock.Server.FluentMockServer::AddGlobalProcessingDelay(System.TimeSpan)
FNDA:1,System.Void WireMock.Server.FluentMockServer::AddGlobalProcessingDelay(System.TimeSpan)
DA:351,1
DA:352,1
DA:353,1
FN:359,System.Void WireMock.Server.FluentMockServer::AllowPartialMapping(System.Boolean)
FNDA:0,System.Void WireMock.Server.FluentMockServer::AllowPartialMapping(System.Boolean)
DA:360,0
DA:361,0
DA:362,0
DA:363,0
FN:371,System.Void WireMock.Server.FluentMockServer::SetBasicAuthentication(System.String,System.String)
FNDA:0,System.Void WireMock.Server.FluentMockServer::SetBasicAuthentication(System.String,System.String)
DA:372,0
DA:373,0
DA:374,0
DA:376,0
DA:377,0
DA:378,0
FN:384,System.Void WireMock.Server.FluentMockServer::RemoveBasicAuthentication()
FNDA:0,System.Void WireMock.Server.FluentMockServer::RemoveBasicAuthentication()
DA:385,0
DA:386,0
DA:387,0
FN:394,System.Void WireMock.Server.FluentMockServer::SetMaxRequestLogCount(System.Nullable`1<System.Int32>)
FNDA:1,System.Void WireMock.Server.FluentMockServer::SetMaxRequestLogCount(System.Nullable`1<System.Int32>)
DA:395,1
DA:396,1
DA:397,1
FN:404,System.Void WireMock.Server.FluentMockServer::SetRequestLogExpirationDuration(System.Nullable`1<System.Int32>)
FNDA:0,System.Void WireMock.Server.FluentMockServer::SetRequestLogExpirationDuration(System.Nullable`1<System.Int32>)
DA:405,0
DA:406,0
DA:407,0
FN:413,System.Void WireMock.Server.FluentMockServer::ResetScenarios()
FNDA:0,System.Void WireMock.Server.FluentMockServer::ResetScenarios()
DA:414,0
DA:415,0
DA:416,0
FN:424,WireMock.Server.IRespondWithAProvider WireMock.Server.FluentMockServer::Given(WireMock.Matchers.Request.IRequestMatcher)
FNDA:205,WireMock.Server.IRespondWithAProvider WireMock.Server.FluentMockServer::Given(WireMock.Matchers.Request.IRequestMatcher)
DA:425,205
DA:426,205
DA:427,205
FN:429,System.Void WireMock.Server.FluentMockServer::RegisterMapping(WireMock.Mapping)
FNDA:205,System.Void WireMock.Server.FluentMockServer::RegisterMapping(WireMock.Mapping)
DA:430,205
DA:432,205
DA:433,1
DA:434,1
DA:435,1
DA:437,204
DA:438,204
DA:439,204
DA:440,205
BRDA:432,25,0,1
BRDA:432,25,1,204
FN:33,System.Void WireMock.Server.FluentMockServer::.ctor(WireMock.Settings.IFluentMockServerSettings)
FNDA:48,System.Void WireMock.Server.FluentMockServer::.ctor(WireMock.Settings.IFluentMockServerSettings)
DA:34,48
DA:187,48
DA:188,48
DA:189,48
DA:191,48
DA:192,48
DA:194,48
DA:195,48
DA:197,48
DA:198,1
DA:199,1
DA:200,1
DA:202,47
DA:203,47
DA:204,47
DA:205,47
DA:207,48
DA:208,48
DA:209,48
DA:212,48
DA:216,48
DA:218,48
DA:220,48
DA:221,48
DA:222,345
DA:223,299
DA:225,300
DA:226,0
DA:227,0
DA:231,299
DA:232,0
DA:233,0
DA:236,295
DA:237,299
DA:238,48
DA:240,48
DA:241,0
DA:242,0
DA:243,0
DA:245,48
DA:246,8
DA:247,8
DA:248,0
DA:249,0
DA:250,0
DA:252,8
DA:253,8
DA:255,48
DA:256,0
DA:257,0
DA:258,0
DA:260,48
DA:261,0
DA:262,0
DA:263,0
DA:265,48
DA:266,0
DA:267,0
DA:268,0
DA:270,48
DA:271,0
DA:272,0
DA:273,0
DA:274,48
BRDA:189,117,0,0
BRDA:189,117,1,48
BRDA:192,151,0,0
BRDA:192,151,1,48
BRDA:197,230,0,1
BRDA:197,230,1,47
BRDA:203,274,0,47
BRDA:203,274,1,0
BRDA:203,286,0,47
BRDA:203,286,1,0
BRDA:204,344,0,47
BRDA:204,344,1,0
BRDA:204,356,0,47
BRDA:204,356,1,0
BRDA:222,668,1,300
BRDA:225,532,0,0
BRDA:225,532,1,299
BRDA:231,589,0,0
BRDA:231,589,1,297
BRDA:222,668,0,48
BRDA:240,709,0,48
BRDA:240,709,1,0
BRDA:240,725,0,0
BRDA:240,725,1,48
BRDA:245,757,0,40
BRDA:245,757,1,8
BRDA:245,773,0,8
BRDA:247,787,0,0
BRDA:247,787,1,8
BRDA:247,810,0,0
BRDA:247,810,1,8
BRDA:245,773,1,48
BRDA:255,861,0,48
BRDA:255,861,1,0
BRDA:255,877,0,0
BRDA:255,877,1,48
BRDA:260,909,0,48
BRDA:260,909,1,0
BRDA:260,925,0,0
BRDA:260,925,1,48
BRDA:265,950,0,0
BRDA:265,950,1,48
BRDA:270,980,0,0
BRDA:270,980,1,48
LF:189
LH:100
BRF:62
BRH:35
FNF:29
FNH:15
end_of_record
SF:C:\dev\GitHub\WireMock.Net\src\WireMock.Net\Server\FluentMockServer.LogEntries.cs
FN:21,System.Void WireMock.Server.FluentMockServer::add_LogEntriesChanged(System.Collections.Specialized.NotifyCollectionChangedEventHandler)
FNDA:2,System.Void WireMock.Server.FluentMockServer::add_LogEntriesChanged(System.Collections.Specialized.NotifyCollectionChangedEventHandler)
DA:22,2
FN:22,System.Void WireMock.Server.FluentMockServer::remove_LogEntriesChanged(System.Collections.Specialized.NotifyCollectionChangedEventHandler)
FNDA:0,System.Void WireMock.Server.FluentMockServer::remove_LogEntriesChanged(System.Collections.Specialized.NotifyCollectionChangedEventHandler)
DA:23,0
FN:29,System.Collections.Generic.IEnumerable`1<WireMock.Logging.LogEntry> WireMock.Server.FluentMockServer::get_LogEntries()
FNDA:12,System.Collections.Generic.IEnumerable`1<WireMock.Logging.LogEntry> WireMock.Server.FluentMockServer::get_LogEntries()
DA:30,12
FN:38,System.Collections.Generic.IEnumerable`1<WireMock.Logging.LogEntry> WireMock.Server.FluentMockServer::FindLogEntries(WireMock.Matchers.Request.IRequestMatcher[])
FNDA:1,System.Collections.Generic.IEnumerable`1<WireMock.Logging.LogEntry> WireMock.Server.FluentMockServer::FindLogEntries(WireMock.Matchers.Request.IRequestMatcher[])
DA:39,1
DA:40,1
DA:42,7
DA:43,2
DA:44,2
DA:45,10
DA:46,2
DA:47,2
DA:48,2
DA:50,2
DA:51,1
DA:52,1
DA:53,1
DA:54,2
DA:56,3
DA:57,1
BRDA:42,129,1,2
BRDA:45,86,1,2
BRDA:45,86,0,2
BRDA:50,109,0,1
BRDA:50,109,1,2
BRDA:42,129,0,1
BRDA:56,151,0,1
BRDA:56,151,1,1
BRDA:56,187,0,1
BRDA:56,187,1,1
FN:63,System.Void WireMock.Server.FluentMockServer::ResetLogEntries()
FNDA:9,System.Void WireMock.Server.FluentMockServer::ResetLogEntries()
DA:64,9
DA:65,9
DA:66,9
FN:73,System.Boolean WireMock.Server.FluentMockServer::DeleteLogEntry(System.Guid)
FNDA:0,System.Boolean WireMock.Server.FluentMockServer::DeleteLogEntry(System.Guid)
DA:74,0
DA:76,0
DA:77,0
DA:78,0
DA:79,0
DA:80,0
DA:83,0
DA:84,0
BRDA:77,49,0,0
BRDA:77,49,1,0
LF:30
LH:21
BRF:12
BRH:10
FNF:6
FNH:4
end_of_record
SF:C:\dev\GitHub\WireMock.Net\src\WireMock.Net\Server\RespondWithAProvider.cs
FN:20,System.Guid WireMock.Server.RespondWithAProvider::get_Guid()
FNDA:435,System.Guid WireMock.Server.RespondWithAProvider::get_Guid()
DA:21,435
FN:38,System.Void WireMock.Server.RespondWithAProvider::RespondWith(WireMock.ResponseProviders.IResponseProvider)
FNDA:205,System.Void WireMock.Server.RespondWithAProvider::RespondWith(WireMock.ResponseProviders.IResponseProvider)
DA:39,205
DA:40,205
DA:41,205
FN:44,WireMock.Server.IRespondWithAProvider WireMock.Server.RespondWithAProvider::WithGuid(System.String)
FNDA:2,WireMock.Server.IRespondWithAProvider WireMock.Server.RespondWithAProvider::WithGuid(System.String)
DA:45,2
DA:46,2
DA:47,2
FN:50,WireMock.Server.IRespondWithAProvider WireMock.Server.RespondWithAProvider::WithGuid(System.Guid)
FNDA:14,WireMock.Server.IRespondWithAProvider WireMock.Server.RespondWithAProvider::WithGuid(System.Guid)
DA:51,14
DA:52,14
DA:54,14
DA:55,14
FN:58,WireMock.Server.IRespondWithAProvider WireMock.Server.RespondWithAProvider::WithTitle(System.String)
FNDA:4,WireMock.Server.IRespondWithAProvider WireMock.Server.RespondWithAProvider::WithTitle(System.String)
DA:59,4
DA:60,4
DA:62,4
DA:63,4
FN:66,WireMock.Server.IRespondWithAProvider WireMock.Server.RespondWithAProvider::WithPath(System.String)
FNDA:10,WireMock.Server.IRespondWithAProvider WireMock.Server.RespondWithAProvider::WithPath(System.String)
DA:67,10
DA:68,10
DA:70,10
DA:71,10
FN:74,WireMock.Server.IRespondWithAProvider WireMock.Server.RespondWithAProvider::AtPriority(System.Int32)
FNDA:12,WireMock.Server.IRespondWithAProvider WireMock.Server.RespondWithAProvider::AtPriority(System.Int32)
DA:75,12
DA:76,12
DA:78,12
DA:79,12
FN:82,WireMock.Server.IRespondWithAProvider WireMock.Server.RespondWithAProvider::InScenario(System.String)
FNDA:10,WireMock.Server.IRespondWithAProvider WireMock.Server.RespondWithAProvider::InScenario(System.String)
DA:83,10
DA:84,10
DA:86,10
DA:87,10
FN:90,WireMock.Server.IRespondWithAProvider WireMock.Server.RespondWithAProvider::WhenStateIs(System.String)
FNDA:6,WireMock.Server.IRespondWithAProvider WireMock.Server.RespondWithAProvider::WhenStateIs(System.String)
DA:91,6
DA:92,6
DA:93,0
DA:94,0
DA:97,6
DA:99,6
DA:100,6
BRDA:92,14,0,0
BRDA:92,14,1,6
FN:103,WireMock.Server.IRespondWithAProvider WireMock.Server.RespondWithAProvider::WillSetStateTo(System.String)
FNDA:5,WireMock.Server.IRespondWithAProvider WireMock.Server.RespondWithAProvider::WillSetStateTo(System.String)
DA:104,5
DA:105,5
DA:106,0
DA:107,0
DA:110,5
DA:112,5
DA:113,5
BRDA:105,14,0,0
BRDA:105,14,1,5
FN:27,System.Void WireMock.Server.RespondWithAProvider::.ctor(WireMock.RegistrationCallback,WireMock.Matchers.Request.IRequestMatcher)
FNDA:205,System.Void WireMock.Server.RespondWithAProvider::.ctor(WireMock.RegistrationCallback,WireMock.Matchers.Request.IRequestMatcher)
DA:28,205
DA:29,205
DA:30,205
DA:31,205
DA:32,205
LF:46
LH:42
BRF:4
BRH:2
FNF:11
FNH:11
end_of_record
SF:C:\dev\GitHub\WireMock.Net\src\WireMock.Net\Serialization\LogEntryMapper.cs
FN:10,WireMock.Admin.Requests.LogEntryModel WireMock.Serialization.LogEntryMapper::Map(WireMock.Logging.LogEntry)
FNDA:69,WireMock.Admin.Requests.LogEntryModel WireMock.Serialization.LogEntryMapper::Map(WireMock.Logging.LogEntry)
DA:11,69
DA:12,69
DA:13,69
DA:14,69
DA:15,69
DA:16,69
DA:17,69
DA:18,69
DA:19,69
DA:20,69
DA:21,69
DA:22,69
DA:23,69
DA:24,69
DA:25,69
DA:26,69
DA:27,69
DA:28,69
DA:29,69
DA:30,69
DA:31,69
DA:32,69
DA:33,69
DA:34,69
DA:35,69
DA:36,69
DA:37,69
DA:38,69
DA:39,69
DA:40,69
DA:41,69
DA:42,69
DA:43,69
DA:44,69
DA:45,69
DA:46,69
DA:47,69
DA:48,69
DA:49,69
DA:50,69
DA:51,69
DA:52,69
DA:53,69
DA:54,69
DA:55,69
DA:56,69
DA:57,69
DA:58,69
DA:59,69
DA:60,69
DA:61,69
DA:62,69
DA:63,177
DA:64,177
DA:65,177
DA:66,177
DA:67,177
DA:68,69
DA:69,69
DA:70,69
BRDA:12,271,0,51
BRDA:12,271,1,18
BRDA:12,542,0,4
BRDA:12,542,1,65
BRDA:12,666,0,18
BRDA:12,666,1,51
BRDA:12,769,0,1
BRDA:12,769,1,51
LF:60
LH:60
BRF:8
BRH:8
FNF:1
FNH:1
end_of_record
SF:C:\dev\GitHub\WireMock.Net\src\WireMock.Net\Serialization\MappingConverter.cs
FN:13,WireMock.Admin.Mappings.MappingModel WireMock.Serialization.MappingConverter::ToMappingModel(WireMock.Mapping)
FNDA:2,WireMock.Admin.Mappings.MappingModel WireMock.Serialization.MappingConverter::ToMappingModel(WireMock.Mapping)
DA:14,2
DA:15,2
DA:16,2
DA:18,2
DA:19,2
DA:20,2
DA:21,2
DA:22,2
DA:23,2
DA:24,2
DA:25,2
DA:27,2
DA:28,2
DA:29,2
DA:30,2
DA:31,2
DA:32,2
DA:33,2
DA:34,2
DA:35,2
DA:36,2
DA:37,2
DA:38,2
DA:39,2
DA:40,2
DA:41,2
DA:42,2
DA:43,2
DA:44,4
DA:45,2
DA:46,2
DA:47,2
DA:48,2
DA:49,2
DA:50,2
DA:51,2
DA:52,2
DA:53,2
DA:54,2
DA:55,2
DA:56,2
DA:57,2
DA:58,2
DA:59,2
DA:60,2
DA:61,2
DA:62,2
DA:63,2
DA:64,2
DA:65,2
DA:66,2
DA:67,2
DA:68,2
DA:69,2
DA:70,2
DA:71,2
DA:72,2
DA:73,2
DA:74,2
DA:75,2
DA:76,2
DA:77,2
DA:78,2
DA:79,2
DA:80,2
DA:81,2
DA:83,2
DA:84,0
DA:85,0
DA:86,0
DA:87,0
DA:88,0
DA:89,0
DA:90,0
DA:91,0
DA:92,0
DA:93,0
DA:94,0
DA:95,0
DA:96,0
DA:97,0
DA:99,2
DA:100,2
DA:101,2
DA:102,2
DA:103,2
DA:104,2
DA:105,2
DA:106,2
DA:107,2
DA:108,2
DA:109,2
DA:111,2
DA:112,0
DA:113,0
DA:114,0
DA:115,0
DA:116,0
DA:117,0
DA:118,0
DA:119,0
DA:120,2
DA:122,2
DA:123,2
BRDA:27,188,0,2
BRDA:27,188,1,2
BRDA:27,196,0,2
BRDA:27,196,1,0
BRDA:27,214,0,0
BRDA:27,214,1,0
BRDA:27,250,0,0
BRDA:27,250,1,0
BRDA:27,299,0,2
BRDA:27,299,1,1
BRDA:27,307,0,1
BRDA:27,307,1,1
BRDA:27,325,0,1
BRDA:27,325,1,1
BRDA:27,361,0,1
BRDA:27,361,1,1
BRDA:27,411,0,2
BRDA:27,411,1,2
BRDA:27,420,0,2
BRDA:27,420,1,0
BRDA:27,439,0,0
BRDA:27,439,1,0
BRDA:27,475,0,0
BRDA:27,475,1,0
BRDA:27,525,0,2
BRDA:27,525,1,0
BRDA:27,546,0,2
BRDA:27,546,1,2
BRDA:27,555,0,2
BRDA:27,555,1,0
BRDA:27,568,0,0
BRDA:27,568,1,0
BRDA:27,612,0,2
BRDA:27,612,1,2
BRDA:27,621,0,2
BRDA:27,621,1,0
BRDA:27,634,0,0
BRDA:27,634,1,0
BRDA:27,678,0,2
BRDA:27,678,1,2
BRDA:27,687,0,2
BRDA:27,687,1,0
BRDA:27,700,0,0
BRDA:27,700,1,0
BRDA:27,744,0,2
BRDA:27,744,1,0
BRDA:27,756,0,0
BRDA:27,771,0,0
BRDA:27,771,1,0
BRDA:27,756,1,2
BRDA:27,801,0,2
BRDA:27,811,0,2
BRDA:27,811,1,0
BRDA:27,801,1,0
BRDA:27,872,0,2
BRDA:27,872,1,0
BRDA:83,938,0,0
BRDA:83,938,1,2
BRDA:111,1407,0,2
BRDA:111,1407,1,0
BRDA:111,1442,0,0
BRDA:111,1442,1,2
FN:125,System.Collections.Generic.IDictionary`2<System.String,System.Object> WireMock.Serialization.MappingConverter::Map(System.Collections.Generic.IDictionary`2<System.String,WireMock.Util.WireMockList`1<System.String>>)
FNDA:2,System.Collections.Generic.IDictionary`2<System.String,System.Object> WireMock.Serialization.MappingConverter::Map(System.Collections.Generic.IDictionary`2<System.String,WireMock.Util.WireMockList`1<System.String>>)
DA:126,2
DA:127,2
DA:128,2
DA:129,2
DA:132,0
DA:133,0
DA:134,0
DA:135,0
DA:136,0
DA:137,0
DA:139,0
DA:140,2
BRDA:127,2,0,2
BRDA:127,2,1,0
BRDA:127,18,0,2
BRDA:127,18,1,0
BRDA:133,111,1,0
BRDA:135,63,0,0
BRDA:135,63,1,0
BRDA:133,111,0,0
LF:116
LH:87
BRF:70
BRH:34
FNF:2
FNH:2
end_of_record
SF:C:\dev\GitHub\WireMock.Net\src\WireMock.Net\Serialization\MatcherMapper.cs
FN:13,WireMock.Matchers.IMatcher WireMock.Serialization.MatcherMapper::Map(WireMock.Admin.Mappings.MatcherModel)
FNDA:26,WireMock.Matchers.IMatcher WireMock.Serialization.MatcherMapper::Map(WireMock.Admin.Mappings.MatcherModel)
DA:14,26
DA:15,26
DA:16,2
DA:17,2
DA:20,24
DA:21,24
DA:22,24
DA:24,24
DA:25,24
DA:27,24
DA:30,2
DA:33,11
DA:36,1
DA:39,0
DA:42,0
DA:45,0
DA:48,5
DA:51,3
DA:52,3
DA:53,1
DA:54,1
DA:57,2
DA:60,2
DA:62,23
BRDA:15,9,0,2
BRDA:15,9,1,24
BRDA:22,51,0,22
BRDA:22,51,1,2
BRDA:24,66,0,19
BRDA:24,66,1,5
BRDA:25,127,0,24
BRDA:25,127,1,0
BRDA:25,139,0,24
BRDA:25,139,1,0
BRDA:27,166,0,8
BRDA:27,175,0,5
BRDA:27,184,0,5
BRDA:27,175,1,3
BRDA:27,215,0,3
BRDA:27,166,1,16
BRDA:27,243,0,1
BRDA:27,252,0,1
BRDA:27,243,1,15
BRDA:27,280,0,4
BRDA:27,229,1,2
BRDA:27,280,1,11
BRDA:27,266,1,1
BRDA:27,215,1,0
BRDA:27,184,1,0
BRDA:27,252,1,0
BRDA:27,198,1,5
BRDA:27,291,1,3
BRDA:27,313,1,2
BRDA:27,335,1,11
BRDA:27,357,1,1
BRDA:36,530,0,0
BRDA:36,530,1,1
BRDA:27,379,1,0
BRDA:27,401,1,0
BRDA:27,423,1,0
BRDA:27,445,1,5
BRDA:48,646,0,4
BRDA:48,646,1,1
BRDA:27,467,1,3
BRDA:52,677,0,2
BRDA:52,677,1,1
BRDA:52,697,0,1
BRDA:52,697,1,2
BRDA:27,198,0,2
BRDA:27,229,0,2
BRDA:27,266,0,2
BRDA:27,291,0,2
BRDA:27,313,0,2
BRDA:27,335,0,2
BRDA:27,357,0,2
BRDA:27,379,0,2
BRDA:27,401,0,2
BRDA:27,423,0,2
BRDA:27,445,0,2
BRDA:27,467,0,2
FN:64,WireMock.Admin.Mappings.MatcherModel[] WireMock.Serialization.MatcherMapper::Map(System.Collections.Generic.IEnumerable`1<WireMock.Matchers.IMatcher>)
FNDA:3,WireMock.Admin.Mappings.MatcherModel[] WireMock.Serialization.MatcherMapper::Map(System.Collections.Generic.IEnumerable`1<WireMock.Matchers.IMatcher>)
DA:65,3
DA:66,6
DA:67,3
BRDA:66,2,0,1
BRDA:66,2,1,2
BRDA:66,31,0,1
BRDA:66,31,1,2
FN:69,WireMock.Admin.Mappings.MatcherModel WireMock.Serialization.MatcherMapper::Map(WireMock.Matchers.IMatcher)
FNDA:8,WireMock.Admin.Mappings.MatcherModel WireMock.Serialization.MatcherMapper::Map(WireMock.Matchers.IMatcher)
DA:70,8
DA:71,8
DA:72,2
DA:73,2
DA:79,6
DA:80,6
DA:81,6
DA:82,6
DA:83,6
DA:84,6
DA:86,6
DA:87,6
DA:88,6
DA:89,6
DA:90,6
DA:91,6
DA:92,6
DA:93,6
DA:94,8
BRDA:71,9,0,2
BRDA:71,9,1,6
BRDA:79,28,0,1
BRDA:79,38,0,1
BRDA:79,38,1,0
BRDA:79,28,1,5
BRDA:83,91,0,4
BRDA:83,91,1,2
BRDA:84,125,0,6
BRDA:84,125,1,0
BRDA:86,187,0,4
BRDA:86,187,1,2
BRDA:86,209,0,5
BRDA:86,209,1,1
LF:46
LH:43
BRF:74
BRH:63
FNF:3
FNH:3
end_of_record
SF:C:\dev\GitHub\WireMock.Net\src\WireMock.Net\ResponseProviders\DynamicAsyncResponseProvider.cs
FN:19,System.Threading.Tasks.Task`1<WireMock.ResponseMessage> WireMock.ResponseProviders.DynamicAsyncResponseProvider::ProvideResponseAsync(WireMock.RequestMessage)
FNDA:0,System.Threading.Tasks.Task`1<WireMock.ResponseMessage> WireMock.ResponseProviders.DynamicAsyncResponseProvider::ProvideResponseAsync(WireMock.RequestMessage)
DA:20,0
DA:21,0
DA:22,0
FN:11,System.Void WireMock.ResponseProviders.DynamicAsyncResponseProvider::.ctor(System.Func`2<WireMock.RequestMessage,System.Threading.Tasks.Task`1<WireMock.ResponseMessage>>)
FNDA:0,System.Void WireMock.ResponseProviders.DynamicAsyncResponseProvider::.ctor(System.Func`2<WireMock.RequestMessage,System.Threading.Tasks.Task`1<WireMock.ResponseMessage>>)
DA:12,0
DA:13,0
DA:14,0
DA:16,0
DA:17,0
LF:8
LH:0
BRF:0
BRH:0
FNF:2
FNH:0
end_of_record
SF:C:\dev\GitHub\WireMock.Net\src\WireMock.Net\ResponseProviders\DynamicResponseProvider.cs
FN:19,System.Threading.Tasks.Task`1<WireMock.ResponseMessage> WireMock.ResponseProviders.DynamicResponseProvider::ProvideResponseAsync(WireMock.RequestMessage)
FNDA:8,System.Threading.Tasks.Task`1<WireMock.ResponseMessage> WireMock.ResponseProviders.DynamicResponseProvider::ProvideResponseAsync(WireMock.RequestMessage)
DA:20,8
DA:21,8
DA:22,8
FN:11,System.Void WireMock.ResponseProviders.DynamicResponseProvider::.ctor(System.Func`2<WireMock.RequestMessage,WireMock.ResponseMessage>)
FNDA:152,System.Void WireMock.ResponseProviders.DynamicResponseProvider::.ctor(System.Func`2<WireMock.RequestMessage,WireMock.ResponseMessage>)
DA:12,152
DA:13,152
DA:14,152
[...]
FNDA:77,System.String WireMock.Admin.Requests.LogRequestModel::get_ClientIP()
DA:16,77
FN:20,System.DateTime WireMock.Admin.Requests.LogRequestModel::get_DateTime()
FNDA:77,System.DateTime WireMock.Admin.Requests.LogRequestModel::get_DateTime()
DA:21,77
FN:25,System.String WireMock.Admin.Requests.LogRequestModel::get_Path()
FNDA:79,System.String WireMock.Admin.Requests.LogRequestModel::get_Path()
DA:26,79
FN:30,System.String WireMock.Admin.Requests.LogRequestModel::get_AbsolutePath()
FNDA:77,System.String WireMock.Admin.Requests.LogRequestModel::get_AbsolutePath()
DA:31,77
FN:35,System.String WireMock.Admin.Requests.LogRequestModel::get_Url()
FNDA:77,System.String WireMock.Admin.Requests.LogRequestModel::get_Url()
DA:36,77
FN:40,System.String WireMock.Admin.Requests.LogRequestModel::get_AbsoluteUrl()
FNDA:77,System.String WireMock.Admin.Requests.LogRequestModel::get_AbsoluteUrl()
DA:41,77
FN:45,System.Collections.Generic.IDictionary`2<System.String,WireMock.Util.WireMockList`1<System.String>> WireMock.Admin.Requests.LogRequestModel::get_Query()
FNDA:73,System.Collections.Generic.IDictionary`2<System.String,WireMock.Util.WireMockList`1<System.String>> WireMock.Admin.Requests.LogRequestModel::get_Query()
DA:46,73
FN:50,System.String WireMock.Admin.Requests.LogRequestModel::get_Method()
FNDA:81,System.String WireMock.Admin.Requests.LogRequestModel::get_Method()
DA:51,81
FN:55,System.Collections.Generic.IDictionary`2<System.String,WireMock.Util.WireMockList`1<System.String>> WireMock.Admin.Requests.LogRequestModel::get_Headers()
FNDA:81,System.Collections.Generic.IDictionary`2<System.String,WireMock.Util.WireMockList`1<System.String>> WireMock.Admin.Requests.LogRequestModel::get_Headers()
DA:56,81
FN:60,System.Collections.Generic.IDictionary`2<System.String,System.String> WireMock.Admin.Requests.LogRequestModel::get_Cookies()
FNDA:73,System.Collections.Generic.IDictionary`2<System.String,System.String> WireMock.Admin.Requests.LogRequestModel::get_Cookies()
DA:61,73
FN:65,System.String WireMock.Admin.Requests.LogRequestModel::get_Body()
FNDA:81,System.String WireMock.Admin.Requests.LogRequestModel::get_Body()
DA:66,81
FN:70,System.Object WireMock.Admin.Requests.LogRequestModel::get_BodyAsJson()
FNDA:77,System.Object WireMock.Admin.Requests.LogRequestModel::get_BodyAsJson()
DA:71,77
FN:75,System.Byte[] WireMock.Admin.Requests.LogRequestModel::get_BodyAsBytes()
FNDA:73,System.Byte[] WireMock.Admin.Requests.LogRequestModel::get_BodyAsBytes()
DA:76,73
FN:80,WireMock.Admin.Mappings.EncodingModel WireMock.Admin.Requests.LogRequestModel::get_BodyEncoding()
FNDA:77,WireMock.Admin.Mappings.EncodingModel WireMock.Admin.Requests.LogRequestModel::get_BodyEncoding()
DA:81,77
LF:14
LH:14
BRF:0
BRH:0
FNF:14
FNH:14
end_of_record
SF:C:\dev\GitHub\WireMock.Net\src\WireMock.Net\Admin\Requests\LogResponseModel.cs
FN:14,System.Int32 WireMock.Admin.Requests.LogResponseModel::get_StatusCode()
FNDA:150,System.Int32 WireMock.Admin.Requests.LogResponseModel::get_StatusCode()
DA:15,150
FN:19,System.Collections.Generic.IDictionary`2<System.String,WireMock.Util.WireMockList`1<System.String>> WireMock.Admin.Requests.LogResponseModel::get_Headers()
FNDA:81,System.Collections.Generic.IDictionary`2<System.String,WireMock.Util.WireMockList`1<System.String>> WireMock.Admin.Requests.LogResponseModel::get_Headers()
DA:20,81
FN:24,System.String WireMock.Admin.Requests.LogResponseModel::get_BodyDestination()
FNDA:73,System.String WireMock.Admin.Requests.LogResponseModel::get_BodyDestination()
DA:25,73
FN:29,System.String WireMock.Admin.Requests.LogResponseModel::get_Body()
FNDA:73,System.String WireMock.Admin.Requests.LogResponseModel::get_Body()
DA:30,73
FN:34,System.Object WireMock.Admin.Requests.LogResponseModel::get_BodyAsJson()
FNDA:81,System.Object WireMock.Admin.Requests.LogResponseModel::get_BodyAsJson()
DA:35,81
FN:39,System.Byte[] WireMock.Admin.Requests.LogResponseModel::get_BodyAsBytes()
FNDA:73,System.Byte[] WireMock.Admin.Requests.LogResponseModel::get_BodyAsBytes()
DA:40,73
FN:44,System.String WireMock.Admin.Requests.LogResponseModel::get_BodyAsFile()
FNDA:73,System.String WireMock.Admin.Requests.LogResponseModel::get_BodyAsFile()
DA:45,73
FN:49,System.Nullable`1<System.Boolean> WireMock.Admin.Requests.LogResponseModel::get_BodyAsFileIsCached()
FNDA:73,System.Nullable`1<System.Boolean> WireMock.Admin.Requests.LogResponseModel::get_BodyAsFileIsCached()
DA:50,73
FN:54,System.String WireMock.Admin.Requests.LogResponseModel::get_BodyOriginal()
FNDA:73,System.String WireMock.Admin.Requests.LogResponseModel::get_BodyOriginal()
DA:55,73
FN:59,WireMock.Admin.Mappings.EncodingModel WireMock.Admin.Requests.LogResponseModel::get_BodyEncoding()
FNDA:81,WireMock.Admin.Mappings.EncodingModel WireMock.Admin.Requests.LogResponseModel::get_BodyEncoding()
DA:60,81
LF:10
LH:10
BRF:0
BRH:0
FNF:10
FNH:10
end_of_record
SF:C:\dev\GitHub\WireMock.Net\src\WireMock.Net\Admin\Mappings\BodyModel.cs
FN:10,WireMock.Admin.Mappings.MatcherModel WireMock.Admin.Mappings.BodyModel::get_Matcher()
FNDA:18,WireMock.Admin.Mappings.MatcherModel WireMock.Admin.Mappings.BodyModel::get_Matcher()
DA:11,18
LF:1
LH:1
BRF:0
BRH:0
FNF:1
FNH:1
end_of_record
SF:C:\dev\GitHub\WireMock.Net\src\WireMock.Net\Admin\Mappings\ClientIPModel.cs
FN:10,WireMock.Admin.Mappings.MatcherModel[] WireMock.Admin.Mappings.ClientIPModel::get_Matchers()
FNDA:0,WireMock.Admin.Mappings.MatcherModel[] WireMock.Admin.Mappings.ClientIPModel::get_Matchers()
DA:11,0
LF:1
LH:0
BRF:0
BRH:0
FNF:1
FNH:0
end_of_record
SF:C:\dev\GitHub\WireMock.Net\src\WireMock.Net\Admin\Mappings\CookieModel.cs
FN:12,System.String WireMock.Admin.Mappings.CookieModel::get_Name()
FNDA:0,System.String WireMock.Admin.Mappings.CookieModel::get_Name()
DA:13,0
FN:17,System.Collections.Generic.IList`1<WireMock.Admin.Mappings.MatcherModel> WireMock.Admin.Mappings.CookieModel::get_Matchers()
FNDA:0,System.Collections.Generic.IList`1<WireMock.Admin.Mappings.MatcherModel> WireMock.Admin.Mappings.CookieModel::get_Matchers()
DA:18,0
LF:2
LH:0
BRF:0
BRH:0
FNF:2
FNH:0
end_of_record
SF:C:\dev\GitHub\WireMock.Net\src\WireMock.Net\Admin\Mappings\EncodingModel.cs
FN:10,System.Int32 WireMock.Admin.Mappings.EncodingModel::get_CodePage()
FNDA:107,System.Int32 WireMock.Admin.Mappings.EncodingModel::get_CodePage()
DA:11,107
FN:15,System.String WireMock.Admin.Mappings.EncodingModel::get_EncodingName()
FNDA:101,System.String WireMock.Admin.Mappings.EncodingModel::get_EncodingName()
DA:16,101
FN:20,System.String WireMock.Admin.Mappings.EncodingModel::get_WebName()
FNDA:101,System.String WireMock.Admin.Mappings.EncodingModel::get_WebName()
DA:21,101
LF:3
LH:3
BRF:0
BRH:0
FNF:3
FNH:3
end_of_record
SF:C:\dev\GitHub\WireMock.Net\src\WireMock.Net\Admin\Mappings\HeaderModel.cs
FN:12,System.String WireMock.Admin.Mappings.HeaderModel::get_Name()
FNDA:0,System.String WireMock.Admin.Mappings.HeaderModel::get_Name()
DA:13,0
FN:17,System.Collections.Generic.IList`1<WireMock.Admin.Mappings.MatcherModel> WireMock.Admin.Mappings.HeaderModel::get_Matchers()
FNDA:0,System.Collections.Generic.IList`1<WireMock.Admin.Mappings.MatcherModel> WireMock.Admin.Mappings.HeaderModel::get_Matchers()
DA:18,0
LF:2
LH:0
BRF:0
BRH:0
FNF:2
FNH:0
end_of_record
SF:C:\dev\GitHub\WireMock.Net\src\WireMock.Net\Admin\Mappings\MappingModel.cs
FN:12,System.Nullable`1<System.Guid> WireMock.Admin.Mappings.MappingModel::get_Guid()
FNDA:25,System.Nullable`1<System.Guid> WireMock.Admin.Mappings.MappingModel::get_Guid()
DA:13,25
FN:17,System.String WireMock.Admin.Mappings.MappingModel::get_Title()
FNDA:24,System.String WireMock.Admin.Mappings.MappingModel::get_Title()
DA:18,24
FN:22,System.Nullable`1<System.Int32> WireMock.Admin.Mappings.MappingModel::get_Priority()
FNDA:36,System.Nullable`1<System.Int32> WireMock.Admin.Mappings.MappingModel::get_Priority()
DA:23,36
FN:27,System.String WireMock.Admin.Mappings.MappingModel::get_Scenario()
FNDA:16,System.String WireMock.Admin.Mappings.MappingModel::get_Scenario()
DA:28,16
FN:32,System.String WireMock.Admin.Mappings.MappingModel::get_WhenStateIs()
FNDA:5,System.String WireMock.Admin.Mappings.MappingModel::get_WhenStateIs()
DA:33,5
FN:38,System.String WireMock.Admin.Mappings.MappingModel::get_SetStateTo()
FNDA:5,System.String WireMock.Admin.Mappings.MappingModel::get_SetStateTo()
DA:39,5
FN:43,WireMock.Admin.Mappings.RequestModel WireMock.Admin.Mappings.MappingModel::get_Request()
FNDA:49,WireMock.Admin.Mappings.RequestModel WireMock.Admin.Mappings.MappingModel::get_Request()
DA:44,49
FN:48,WireMock.Admin.Mappings.ResponseModel WireMock.Admin.Mappings.MappingModel::get_Response()
FNDA:69,WireMock.Admin.Mappings.ResponseModel WireMock.Admin.Mappings.MappingModel::get_Response()
DA:49,69
LF:8
LH:8
BRF:0
BRH:0
FNF:8
FNH:8
end_of_record
SF:C:\dev\GitHub\WireMock.Net\src\WireMock.Net\Admin\Mappings\MatcherModel.cs
FN:10,System.String WireMock.Admin.Mappings.MatcherModel::get_Name()
FNDA:57,System.String WireMock.Admin.Mappings.MatcherModel::get_Name()
DA:11,57
FN:15,System.Object WireMock.Admin.Mappings.MatcherModel::get_Pattern()
FNDA:48,System.Object WireMock.Admin.Mappings.MatcherModel::get_Pattern()
DA:16,48
FN:20,System.Object[] WireMock.Admin.Mappings.MatcherModel::get_Patterns()
FNDA:43,System.Object[] WireMock.Admin.Mappings.MatcherModel::get_Patterns()
DA:21,43
FN:25,System.Nullable`1<System.Boolean> WireMock.Admin.Mappings.MatcherModel::get_IgnoreCase()
FNDA:18,System.Nullable`1<System.Boolean> WireMock.Admin.Mappings.MatcherModel::get_IgnoreCase()
DA:26,18
FN:30,System.Nullable`1<System.Boolean> WireMock.Admin.Mappings.MatcherModel::get_RejectOnMatch()
FNDA:31,System.Nullable`1<System.Boolean> WireMock.Admin.Mappings.MatcherModel::get_RejectOnMatch()
DA:31,31
LF:5
LH:5
BRF:0
BRH:0
FNF:5
FNH:5
end_of_record
SF:C:\dev\GitHub\WireMock.Net\src\WireMock.Net\Admin\Mappings\ParamModel.cs
FN:10,System.String WireMock.Admin.Mappings.ParamModel::get_Name()
FNDA:0,System.String WireMock.Admin.Mappings.ParamModel::get_Name()
DA:11,0
FN:15,WireMock.Admin.Mappings.MatcherModel[] WireMock.Admin.Mappings.ParamModel::get_Matchers()
FNDA:0,WireMock.Admin.Mappings.MatcherModel[] WireMock.Admin.Mappings.ParamModel::get_Matchers()
DA:16,0
LF:2
LH:0
BRF:0
BRH:0
FNF:2
FNH:0
end_of_record
SF:C:\dev\GitHub\WireMock.Net\src\WireMock.Net\Admin\Mappings\PathModel.cs
FN:10,WireMock.Admin.Mappings.MatcherModel[] WireMock.Admin.Mappings.PathModel::get_Matchers()
FNDA:42,WireMock.Admin.Mappings.MatcherModel[] WireMock.Admin.Mappings.PathModel::get_Matchers()
DA:11,42
LF:1
LH:1
BRF:0
BRH:0
FNF:1
FNH:1
end_of_record
SF:C:\dev\GitHub\WireMock.Net\src\WireMock.Net\Admin\Mappings\RequestModel.cs
FN:12,System.Object WireMock.Admin.Mappings.RequestModel::get_ClientIP()
FNDA:19,System.Object WireMock.Admin.Mappings.RequestModel::get_ClientIP()
DA:13,19
FN:17,System.Object WireMock.Admin.Mappings.RequestModel::get_Path()
FNDA:61,System.Object WireMock.Admin.Mappings.RequestModel::get_Path()
DA:18,61
FN:22,System.Object WireMock.Admin.Mappings.RequestModel::get_Url()
FNDA:8,System.Object WireMock.Admin.Mappings.RequestModel::get_Url()
DA:23,8
FN:27,System.String[] WireMock.Admin.Mappings.RequestModel::get_Methods()
FNDA:52,System.String[] WireMock.Admin.Mappings.RequestModel::get_Methods()
DA:28,52
FN:32,System.Collections.Generic.IList`1<WireMock.Admin.Mappings.HeaderModel> WireMock.Admin.Mappings.RequestModel::get_Headers()
FNDA:19,System.Collections.Generic.IList`1<WireMock.Admin.Mappings.HeaderModel> WireMock.Admin.Mappings.RequestModel::get_Headers()
DA:33,19
FN:37,System.Collections.Generic.IList`1<WireMock.Admin.Mappings.CookieModel> WireMock.Admin.Mappings.RequestModel::get_Cookies()
FNDA:19,System.Collections.Generic.IList`1<WireMock.Admin.Mappings.CookieModel> WireMock.Admin.Mappings.RequestModel::get_Cookies()
DA:38,19
FN:42,System.Collections.Generic.IList`1<WireMock.Admin.Mappings.ParamModel> WireMock.Admin.Mappings.RequestModel::get_Params()
FNDA:19,System.Collections.Generic.IList`1<WireMock.Admin.Mappings.ParamModel> WireMock.Admin.Mappings.RequestModel::get_Params()
DA:43,19
FN:47,WireMock.Admin.Mappings.BodyModel WireMock.Admin.Mappings.RequestModel::get_Body()
FNDA:34,WireMock.Admin.Mappings.BodyModel WireMock.Admin.Mappings.RequestModel::get_Body()
DA:48,34
LF:8
LH:8
BRF:0
BRH:0
FNF:8
FNH:8
end_of_record
SF:C:\dev\GitHub\WireMock.Net\src\WireMock.Net\Admin\Mappings\ResponseModel.cs
FN:12,System.Nullable`1<System.Int32> WireMock.Admin.Mappings.ResponseModel::get_StatusCode()
FNDA:36,System.Nullable`1<System.Int32> WireMock.Admin.Mappings.ResponseModel::get_StatusCode()
DA:13,36
FN:17,System.String WireMock.Admin.Mappings.ResponseModel::get_BodyDestination()
FNDA:12,System.String WireMock.Admin.Mappings.ResponseModel::get_BodyDestination()
DA:18,12
FN:22,System.String WireMock.Admin.Mappings.ResponseModel::get_Body()
FNDA:30,System.String WireMock.Admin.Mappings.ResponseModel::get_Body()
DA:23,30
FN:27,System.String WireMock.Admin.Mappings.ResponseModel::get_BodyFromBase64()
FNDA:6,System.String WireMock.Admin.Mappings.ResponseModel::get_BodyFromBase64()
DA:28,6
FN:32,System.Object WireMock.Admin.Mappings.ResponseModel::get_BodyAsJson()
FNDA:12,System.Object WireMock.Admin.Mappings.ResponseModel::get_BodyAsJson()
DA:33,12
FN:37,System.Nullable`1<System.Boolean> WireMock.Admin.Mappings.ResponseModel::get_BodyAsJsonIndented()
FNDA:6,System.Nullable`1<System.Boolean> WireMock.Admin.Mappings.ResponseModel::get_BodyAsJsonIndented()
DA:38,6
FN:42,System.Byte[] WireMock.Admin.Mappings.ResponseModel::get_BodyAsBytes()
FNDA:16,System.Byte[] WireMock.Admin.Mappings.ResponseModel::get_BodyAsBytes()
DA:43,16
FN:47,System.String WireMock.Admin.Mappings.ResponseModel::get_BodyAsFile()
FNDA:14,System.String WireMock.Admin.Mappings.ResponseModel::get_BodyAsFile()
DA:48,14
FN:52,System.Nullable`1<System.Boolean> WireMock.Admin.Mappings.ResponseModel::get_BodyAsFileIsCached()
FNDA:5,System.Nullable`1<System.Boolean> WireMock.Admin.Mappings.ResponseModel::get_BodyAsFileIsCached()
DA:53,5
FN:57,WireMock.Admin.Mappings.EncodingModel WireMock.Admin.Mappings.ResponseModel::get_BodyEncoding()
FNDA:23,WireMock.Admin.Mappings.EncodingModel WireMock.Admin.Mappings.ResponseModel::get_BodyEncoding()
DA:58,23
FN:62,System.Boolean WireMock.Admin.Mappings.ResponseModel::get_UseTransformer()
FNDA:22,System.Boolean WireMock.Admin.Mappings.ResponseModel::get_UseTransformer()
DA:63,22
FN:67,System.Collections.Generic.IDictionary`2<System.String,System.Object> WireMock.Admin.Mappings.ResponseModel::get_Headers()
FNDA:43,System.Collections.Generic.IDictionary`2<System.String,System.Object> WireMock.Admin.Mappings.ResponseModel::get_Headers()
DA:68,43
FN:72,System.String WireMock.Admin.Mappings.ResponseModel::get_HeadersRaw()
FNDA:5,System.String WireMock.Admin.Mappings.ResponseModel::get_HeadersRaw()
DA:73,5
FN:77,System.Nullable`1<System.Int32> WireMock.Admin.Mappings.ResponseModel::get_Delay()
FNDA:16,System.Nullable`1<System.Int32> WireMock.Admin.Mappings.ResponseModel::get_Delay()
DA:78,16
FN:82,System.String WireMock.Admin.Mappings.ResponseModel::get_ProxyUrl()
FNDA:14,System.String WireMock.Admin.Mappings.ResponseModel::get_ProxyUrl()
DA:83,14
FN:87,System.String WireMock.Admin.Mappings.ResponseModel::get_X509Certificate2ThumbprintOrSubjectName()
FNDA:3,System.String WireMock.Admin.Mappings.ResponseModel::get_X509Certificate2ThumbprintOrSubjectName()
DA:88,3
LF:16
LH:16
BRF:0
BRH:0
FNF:16
FNH:16
end_of_record
SF:C:\dev\GitHub\WireMock.Net\src\WireMock.Net\Admin\Mappings\StatusModel.cs
FN:12,System.Nullable`1<System.Guid> WireMock.Admin.Mappings.StatusModel::get_Guid()
FNDA:40,System.Nullable`1<System.Guid> WireMock.Admin.Mappings.StatusModel::get_Guid()
DA:13,40
FN:17,System.String WireMock.Admin.Mappings.StatusModel::get_Status()
FNDA:44,System.String WireMock.Admin.Mappings.StatusModel::get_Status()
DA:18,44
LF:2
LH:2
BRF:0
BRH:0
FNF:2
FNH:2
end_of_record
SF:C:\dev\GitHub\WireMock.Net\src\WireMock.Net\Admin\Mappings\UrlModel.cs
FN:10,WireMock.Admin.Mappings.MatcherModel[] WireMock.Admin.Mappings.UrlModel::get_Matchers()
FNDA:0,WireMock.Admin.Mappings.MatcherModel[] WireMock.Admin.Mappings.UrlModel::get_Matchers()
DA:11,0
LF:1
LH:0
BRF:0
BRH:0
FNF:1
FNH:0
end_of_record
SF:C:\dev\GitHub\WireMock.Net\src\WireMock.Net.StandAlone\SimpleCommandLineParser.cs
FN:9,System.Collections.Generic.IDictionary`2<System.String,System.String[]> WireMock.Net.StandAlone.SimpleCommandLineParser::get_Arguments()
FNDA:0,System.Collections.Generic.IDictionary`2<System.String,System.String[]> WireMock.Net.StandAlone.SimpleCommandLineParser::get_Arguments()
DA:10,0
FN:12,System.Void WireMock.Net.StandAlone.SimpleCommandLineParser::Parse(System.String[])
FNDA:0,System.Void WireMock.Net.StandAlone.SimpleCommandLineParser::Parse(System.String[])
DA:13,0
DA:14,0
DA:16,0
DA:17,0
DA:18,0
DA:19,0
DA:20,0
DA:21,0
DA:22,0
DA:23,0
DA:24,0
DA:26,0
DA:27,0
DA:28,0
DA:29,0
DA:30,0
DA:31,0
DA:32,0
DA:34,0
DA:35,0
DA:36,0
DA:37,0
DA:39,0
DA:40,0
DA:41,0
DA:42,0
DA:43,0
BRDA:17,155,1,0
BRDA:19,41,0,0
BRDA:21,57,0,0
BRDA:21,57,1,0
BRDA:19,41,1,0
BRDA:29,109,0,0
BRDA:29,109,1,0
BRDA:17,155,0,0
BRDA:39,173,0,0
BRDA:39,173,1,0
FN:45,System.Boolean WireMock.Net.StandAlone.SimpleCommandLineParser::Contains(System.String)
FNDA:0,System.Boolean WireMock.Net.StandAlone.SimpleCommandLineParser::Contains(System.String)
DA:46,0
DA:47,0
DA:48,0
FN:50,System.String[] WireMock.Net.StandAlone.SimpleCommandLineParser::GetValues(System.String,System.String[])
FNDA:0,System.String[] WireMock.Net.StandAlone.SimpleCommandLineParser::GetValues(System.String,System.String[])
DA:51,0
DA:52,0
DA:53,0
BRDA:52,8,0,0
BRDA:52,8,1,0
FN:55,T WireMock.Net.StandAlone.SimpleCommandLineParser::GetValue(System.String,System.Func`2<System.String[],T>,T)
FNDA:0,T WireMock.Net.StandAlone.SimpleCommandLineParser::GetValue(System.String,System.Func`2<System.String[],T>,T)
DA:56,0
DA:57,0
DA:58,0
BRDA:57,8,0,0
BRDA:57,8,1,0
FN:60,System.Boolean WireMock.Net.StandAlone.SimpleCommandLineParser::GetBoolValue(System.String,System.Boolean)
FNDA:0,System.Boolean WireMock.Net.StandAlone.SimpleCommandLineParser::GetBoolValue(System.String,System.Boolean)
DA:61,0
DA:62,0
DA:63,0
DA:64,0
DA:65,0
DA:66,0
DA:67,0
FN:69,System.Nullable`1<System.Int32> WireMock.Net.StandAlone.SimpleCommandLineParser::GetIntValue(System.String,System.Nullable`1<System.Int32>)
FNDA:0,System.Nullable`1<System.Int32> WireMock.Net.StandAlone.SimpleCommandLineParser::GetIntValue(System.String,System.Nullable`1<System.Int32>)
DA:70,0
DA:71,0
DA:72,0
DA:73,0
DA:74,0
DA:75,0
DA:76,0
FN:78,System.String WireMock.Net.StandAlone.SimpleCommandLineParser::GetStringValue(System.String,System.String)
FNDA:0,System.String WireMock.Net.StandAlone.SimpleCommandLineParser::GetStringValue(System.String,System.String)
DA:79,0
DA:80,0
DA:81,0
LF:54
LH:0
BRF:20
BRH:0
FNF:8
FNH:0
end_of_record
SF:C:\dev\GitHub\WireMock.Net\src\WireMock.Net.StandAlone\StandAloneApp.cs
FN:20,WireMock.Server.FluentMockServer WireMock.Net.StandAlone.StandAloneApp::Start(WireMock.Settings.IFluentMockServerSettings)
FNDA:0,WireMock.Server.FluentMockServer WireMock.Net.StandAlone.StandAloneApp::Start(WireMock.Settings.IFluentMockServerSettings)
DA:21,0
DA:22,0
DA:24,0
DA:26,0
DA:28,0
DA:29,0
FN:37,WireMock.Server.FluentMockServer WireMock.Net.StandAlone.StandAloneApp::Start(System.String[],WireMock.Logging.IWireMockLogger)
FNDA:0,WireMock.Server.FluentMockServer WireMock.Net.StandAlone.StandAloneApp::Start(System.String[],WireMock.Logging.IWireMockLogger)
DA:38,0
DA:39,0
DA:41,0
DA:42,0
DA:44,0
DA:45,0
DA:46,0
DA:47,0
DA:48,0
DA:49,0
DA:50,0
DA:51,0
DA:52,0
DA:53,0
DA:54,0
DA:56,0
DA:57,0
DA:58,0
DA:59,0
DA:61,0
DA:62,0
DA:63,0
DA:64,0
DA:66,0
DA:67,0
DA:68,0
DA:70,0
DA:71,0
DA:72,0
DA:73,0
DA:74,0
DA:75,0
DA:76,0
DA:77,0
DA:78,0
DA:79,0
DA:80,0
DA:81,0
DA:83,0
DA:85,0
DA:87,0
DA:88,0
BRDA:56,231,0,0
BRDA:56,231,1,0
BRDA:61,258,0,0
BRDA:61,258,1,0
BRDA:71,352,0,0
BRDA:71,352,1,0
BRDA:83,483,0,0
BRDA:83,483,1,0
LF:48
LH:0
BRF:8
BRH:0
FNF:2
FNH:0
end_of_record